  2.3827550E+01   4.8100959E+01   9.3973588E+01   6.3498841E+01 
  6.9318004E+02   1.7033486E+02   2.1058188E+02   3.7469388E+02 
  9.2423224E+01   5.3408794E+02   2.8561687E+02   4.8530502E+01 
 -2.5174799E+00  -2.8706794E+00  -4.8566869E+00  -5.1017401E+00 
  1.3249172E+02   2.1555114E+01  -1.7657169E-02   4.1073843E+01 
  1.8386427E+03   1.0319503E+03   3.5708576E+02   6.7755161E+02 
  1.4870901E+03   2.5214636E+03   2.1995876E+02   1.1764723E+02 
  9.5683787E+00   6.7324251E+01   5.9040646E+01   9.4446807E+00 
  3.2087196E+02   1.0778747E+02   5.5397661E+01   1.7947660E+02 
 -5.6150134E+00  -4.2657704E+00  -6.5601908E+00  -6.6330149E+00 
  1.0196986E+02   6.2558198E+02   1.2523403E+03   2.9944515E+02 
  2.4654446E+02   5.9085822E+02   1.3361776E+02   6.3011452E+01 
  1.9999098E+02   1.8510220E+02   6.5615281E+02   7.2294601E+02 
  1.4954641E+01   5.2017957E+00  -2.9191888E-01   2.2593353E+00 
  5.2535036E+01   2.1193179E+01   3.6518155E+01   4.6406753E+01 
  8.8059624E+00   1.1493021E+01   2.2976547E+00   1.2553268E+00 
  6.1124757E+02   3.1834805E+02   2.7759482E+01   6.7211442E+01 
  1.2638420E+01   5.9718548E+01   3.2989682E+01   9.9745939E+00 
  3.8501065E+01   1.9191207E+02   5.9175566E+02   7.8629594E+01 
  4.1986995E+00  -5.4026602E+00  -7.9021059E+00  -3.2579959E+00 
  3.9878907E+01   1.8457047E+02   8.0272138E+01   5.6765558E+01 
  9.2375655E+01   2.8643759E+02   4.0809927E+02   4.8888087E+01 
  4.3198499E+00   5.2790940E+01   2.9804783E+01  -2.4088543E+00 
  1.6973391E+02   5.3334112E+01   1.9740991E+01   7.3128381E+01 
  1.3266993E+02   3.5583694E+01   5.8518831E+01   1.9791704E+02 
  7.0599057E+01   6.0611920E+01   3.7132148E+01   7.7895723E+01 
 -9.2681416E-01  -2.2097120E+00   4.2704549E+00   3.0279988E+00 
  1.0312773E+01   9.8939759E+00   1.1917759E+01   9.0391805E+00 
  2.9413328E+02   3.0186420E+02   2.4718356E+01   2.4326271E+01 
  3.1447175E+02   4.0367553E+02   5.5920536E+02   1.1747038E+02 
  2.8789293E+02   5.3872557E+01   9.4414893E+01   4.9780425E+02 
  1.0589548E+01   1.0703658E+01  -3.4792897E+00  -3.9445393E+00 
 -7.0798936E+00  -5.8109469E+00  -1.0802246E+00  -5.0090425E+00 
 -9.4524979E-01  -3.1727359E+00   1.1027788E+01   2.2134785E+01 
 -9.2205564E+00  -8.2249023E+00  -5.9441814E+00  -8.4532654E+00 
  1.5760573E+02   9.1941259E+01   1.2170086E+02   1.7279804E+02 
  1.1246238E+04   5.2433834E+03   3.1784793E+02   7.2600119E+02 
  4.2719521E+02   4.0498838E+01   6.3384890E+01   6.2530572E+02 
  2.1305288E+02   5.0109789E+02   1.9579843E+03   5.8735081E+02 
  6.0889087E+00   2.9333160E+00   8.0639543E-02   3.2151860E+00 
  9.9815421E+01   1.0075481E+02   4.0120198E+02   1.6686664E+02 
  2.1568864E+02   3.3305608E+01   8.0807104E+01   2.2209525E+02 
  5.3989690E+01   3.0801905E+01   1.2596260E+02   9.6090744E+01 
  2.5751691E+02   1.6878264E+02   2.6394572E+01   4.6502184E+01 
  8.8555765E+02   7.6888764E+03   1.7408953E+03   1.7739917E+02 
  6.1711573E+01   1.2359524E+02   4.4625907E+01   3.1005207E+01 
  9.2899294E+01   3.9283320E+02   9.4492188E+01   1.2377315E+01 
  1.3325741E+02   3.0418264E+01   6.6905898E+00   4.6539705E+01 
 -8.4089058E+00  -7.8965931E+00  -8.6875122E+00  -7.4549779E+00 
  2.0289230E+02   4.8337047E+02   2.8458319E+03   2.0041629E+03 
  1.4747115E+01   4.6412180E+00   3.2685583E+00   1.5518742E+01 
 -9.3906254E+00  -9.3037952E+00  -9.5956981E+00  -9.7148178E+00 
  3.2974652E+01   3.1705650E+01   1.5069361E+02   1.5804530E+02 
  3.0393368E+02   5.1356276E+01   3.2600613E+01   1.8172914E+02 
  1.0884420E+02   4.5092927E+02   1.0483721E+02   4.5659121E+01 
  5.8566611E+00   6.2465134E+00  -3.7257022E+00  -3.7186169E+00 
  2.3468701E+01   8.5548328E+00   2.2415513E+01   3.9785658E+01 
  1.4389031E+02   5.5041617E+02   1.1931574E+03   3.4944559E+02 
  5.3141681E+02   6.9741942E+02   5.6904350E+02   3.6486707E+02 
  9.2779148E+01   2.1446636E+02   2.3459762E+03   9.9037450E+02 
  3.8349200E+02   3.9424964E+02   4.9168016E+02   4.9291993E+02 
  9.8334832E+01   5.7075086E+00   1.2168991E-01   5.5398131E+01 
  1.9364960E+02   1.1427895E+02   3.9372971E+01   3.6670104E+01 
  1.3724395E+02   1.0780589E+02   4.0770809E+02   5.0332777E+02 
  1.4468323E+01   1.2273877E+01   7.9561721E+01   9.0309924E+01 
  7.5199197E+00   5.2014196E+01   3.1774250E+01   2.1079404E+00 
  1.5839316E+03   1.2729747E+03   1.0505921E+02   1.4590572E+02 
  4.0457607E+01   5.0980803E+00   6.2125186E+00   2.7895181E+01 
  8.2984887E+02   1.2711300E+04   1.2075031E+04   7.7728783E+02 
  1.8626370E+01   3.7201127E+01   1.8964694E+01   9.6477891E+00 
  6.2313063E-01   2.3080915E+00  -4.5217419E+00  -3.9403921E+00 
  9.4330135E+00  -1.8338920E+00  -7.7750637E-01   1.9139207E+01 
  1.5014380E+01   1.9653124E+01   1.2747026E+01   7.4257642E+00 
  1.0706155E+02   2.6064335E+02   1.2533525E+03   6.9780213E+02 
  4.0638121E+02   7.9951576E+02   1.3796693E+02   5.7173275E+01 
  9.0506644E+01   2.1403679E+01   1.3298300E+01   5.3512551E+01 
  2.5014157E+00   4.0633827E+01   1.7397693E+02   4.3932682E+01 
  1.7026004E+02   7.0913831E+01   1.7787071E+01   7.7695095E+01 
  3.0539100E+01   8.7740628E+01   7.5919072E+01   2.5106743E+01 
  1.2158020E+02   4.7738727E+02   2.5987082E+02   5.0181366E+01 
  4.5158527E+01   8.8186408E+01   2.5865503E+01   1.2251524E+01 
 -5.9517283E+00  -8.3430338E+00  -9.2313165E+00  -8.1770838E+00 
 -2.1446099E+00   9.7744406E-01   3.3199444E+01   2.3843711E+01 
  1.8093253E+02   1.8877704E+02   5.7843226E+02   4.6180169E+02 
  9.0099300E+02   4.3565033E+02   5.7579675E+02   1.1019123E+03 
  4.0856750E+01   2.9589954E+01   9.8505409E+01   1.1878058E+02 
  3.1417410E+01   1.2137860E+02   2.5748368E+02   4.0244240E+01 
  8.3671295E+01   1.0436855E+01   1.5324478E+01   9.3536279E+01 
  4.0613858E+00   7.9246982E+00   3.6752440E+01   2.1720178E+01 
 -3.2763297E+00  -3.6271719E+00  -1.1003835E+00  -4.6919125E+00 
 -2.2953708E+00   4.0344453E+00   7.9853369E+00   7.0490946E-01 
  1.7145594E+02   1.6132427E+02   5.0548407E+01   5.7796347E+01 
  1.5292106E+01   8.9530141E+01   1.9723672E+01  -1.9906016E+00 
  2.0178275E+01   3.4253641E+01   5.4603447E+01   2.9839211E+01 
  2.9589993E+01   1.6870504E+02   4.2877059E+01   3.6965747E+00 
  1.0544003E+02   6.2413528E+01   1.6420587E+02   4.6018012E+02 
  1.5801707E+02   5.0737380E+01   1.6559393E+02   4.4106915E+02 
  2.7929801E+01   2.9275544E+01   3.1242247E+01   3.1720893E+01 
  5.6597009E+01   9.8099721E+01   2.2028920E+02   1.4283808E+02 
  5.0409206E+01   2.0784453E+01   9.8497275E+00   1.0131582E+01 
  1.3930847E+03   5.9492564E+02   3.9947873E+01   1.1577546E+02 
  3.7953854E+03   1.7827797E+03   1.4860675E+02   3.7300684E+02 
  2.4569395E+03   3.5806011E+02   9.3744346E+02   4.5738694E+03 
  2.0238429E+03   1.9517374E+03   1.9038210E+02   3.0158575E+02 
  1.3983258E+02   1.1948608E+02   7.4022023E+01   9.3293037E+01 
  3.9176164E+01   7.1355638E+01   7.0648651E+01   5.8244612E+01 
  8.0532644E+02   2.1111981E+03   1.0216978E+03   3.7129481E+02 
  4.2596524E+01   3.2501184E+01   4.6154552E+00   9.2330046E+00 
  3.5248179E-01  -2.0987985E-01  -3.4351492E+00  -3.7823791E+00 
  3.6533160E+01   1.7813075E+02   1.8356944E+02   3.5323238E+01 
  2.0058363E+02   8.9095486E+02   2.0259468E+04   5.0866410E+03 
  1.5806492E+01   3.8316121E+01   4.1683265E+02   2.3060282E+02 
  2.8077532E+02   1.1948016E+02   2.7770114E+01   5.2686851E+01 
  1.1378795E+02   4.5980912E+02   5.3634628E+02   1.3606164E+02 
  1.1424096E+02   6.2352121E+02   3.9762055E+02   6.4408520E+01 
  1.0633222E+01   8.3497605E+00   6.7981259E+01   8.5367458E+01 
 -4.1331920E+00  -5.9588563E+00  -6.5021607E+00  -4.5824843E+00 
  9.6692071E+01   2.0717111E+02   1.6911616E+02   1.2982520E+02 
  3.2934447E+02   2.4262157E+02   4.1201403E+02   5.5690555E+02 
  4.8650754E+01   5.3284654E+01   2.0669867E+01   2.0692694E+01 
  2.8792775E+02   3.5829523E+01   3.0913889E+01   2.9852324E+02 
  6.4856594E+02   2.4996160E+02   9.4225182E+02   2.4130921E+03 
  4.3633783E+02   1.2376962E+02   1.9270922E+02   8.5417096E+02 
  8.5476319E+01   3.3297984E+01   6.6547192E+00   2.0852556E+01 
  2.1534329E+01   3.7812393E+01   2.5730824E-01  -3.0606616E+00 
  5.7975003E+01   1.8749214E+01   8.1567291E+01   2.7104826E+02 
  3.9244551E+01   9.0346069E+01   1.0727284E+02   9.7035940E+01 
  3.1229643E+01   4.6486236E+01   1.1799492E+02   1.0193235E+02 
  6.6899583E+01   6.6383620E+01   4.6576702E+02   5.0735876E+02 
  1.1713177E+03   2.4288953E+02   1.0372314E+02   2.4547115E+02 
 -7.1572489E+00  -1.6287002E+00  -3.6690706E+00  -7.8196369E+00 
  2.9884459E-01   9.8106554E+00   2.8939806E+01   8.5881390E+00 
  2.6378353E+03   7.6390298E+03   6.1639388E+02   1.8825826E+02 
  8.0985831E+01   9.6302637E+01   4.1589207E+01   3.5412987E+01 
  1.3010037E+02   1.2529970E+02   9.2883260E+01   1.0326057E+02 
  4.1683724E+02   4.5628738E+02   1.3495749E+02   1.1552742E+02 
  4.3602279E+02   1.2689978E+02   1.3056885E+02   4.1404948E+02 
  3.7021895E+01   1.4746939E+01   1.5911416E+01   1.6890293E+01 
  1.2950418E+02   2.4756913E+02   3.4532211E+02   1.3666368E+02 
  1.9069822E+01   2.0264035E+01   1.5486353E+01   5.0436860E+01 
  1.6610651E+02   3.9942561E+02   3.3263265E+03   1.7144226E+03 
  1.0290325E+02   1.2984693E+02   8.5356438E+00   6.5834938E+00 
  6.0719763E+01   4.2998319E+01   4.1343843E+01   6.1753204E+01 
  2.7489005E+02   2.0205300E+02   1.1389506E+03   1.4190734E+03 
  2.6492441E+02   5.0194340E+01   2.5090536E+01   1.6045445E+02 
  1.9336484E+02   1.8165696E+02   6.0227116E+01   4.3230831E+01 
  7.7778373E+01   1.0974343E+02   2.0875399E+02   1.6022235E+02 
  9.1460686E+02   1.8980169E+02   7.9687992E+01   4.8176605E+02 
  3.0559252E+02   5.7674283E+01   3.7251159E+02   1.5750820E+03 
  8.0588915E+01   7.0898903E+01   2.6429464E+01   2.6275807E+01 
  6.2487866E+02   2.8799117E+02   1.6214346E+02   1.4318885E+02 
 -9.8131640E+00  -9.7688687E+00  -9.7791846E+00  -9.8822315E+00 
  4.8228161E+01   1.2676736E+01   1.3734933E+01   5.4111385E+01 
  2.4326380E+02   8.6105050E+01   9.4552964E+01   2.7275728E+02 
  2.5785585E+01   7.6316080E+00   2.0652670E+01   7.5261535E+01 
  2.8310974E+02   6.7911227E+01   8.6076255E+02   3.4641259E+03 
  3.3129068E+02   1.9180676E+02   8.1568156E+02   3.3269271E+03 
  3.4899651E+01   4.4623443E+02   3.0507361E+02   1.8574067E+01 
  1.8467658E+02   9.2358971E+01   2.7763422E+02   6.8693547E+02 
  5.6273949E+02   3.0888072E+02   2.3348305E+02   3.9941815E+02 
  6.0670244E+02   4.0237228E+02   2.3685760E+02   1.1422655E+03 
  6.4663591E+02   1.8876978E+03   9.9844706E+02   3.7565766E+02 
  1.8932973E+02   8.6493590E+01   5.3768773E+01   1.1164370E+02 
 -7.0124945E+00  -6.3503557E+00  -5.6472847E+00  -6.5577171E+00 
  4.0064033E+02   2.2557570E+02   1.3987286E+02   7.0583763E+02 
  7.4120968E+02   3.4576022E+02   9.2730071E+02   2.9838756E+02 
  1.5655175E+03   3.0017478E+03   3.2197306E+02   1.6418378E+02 
  5.1109416E+01   8.8357320E+01   4.3992582E+02   2.6297382E+02 
 -6.1995979E+00  -4.9080234E+00  -8.2667450E+00  -8.9422329E+00 
 -9.1663229E+00  -9.4562853E+00  -8.9992980E+00  -8.6798860E+00 
  2.2824635E+02   1.7401700E+03   7.0443440E+02   1.0880521E+02 
  2.9613206E+02   2.0208517E+02   3.8415132E+02   5.6152642E+02 
  1.7801467E+02   2.3580325E+02   4.7195153E+01   6.2004832E+01 
  3.6556674E+01   5.8479294E+01   8.5958775E+01   5.6780487E+01 
 -7.6888791E+00  -8.4274393E+00  -8.0028828E+00  -7.6182645E+00 
  1.1199251E+00   5.7539894E+00   3.8562399E+01   1.1061253E+01 
  2.3839437E+03   9.8235546E+02   1.1418724E+02   3.2754569E+02 
  1.1657153E+02   5.3754026E+02   3.4803311E+02   2.4856798E+02 
  1.3592099E+02   1.1233455E+02   1.8377244E+03   2.2038292E+03 
  2.2271294E+00   3.3877896E+01   7.8961887E+01   1.0213047E+01 
  1.2544238E+01   4.2655826E+01   1.0264851E+02   2.3608465E+01 
  6.2508145E+01   1.2217768E+02   1.0517403E+02   1.1507934E+02 
  2.0986695E+02   2.6127766E+02   2.8072385E+02   4.0306300E+02 
  4.9863720E+02   9.6006781E+02   2.1847846E+03   1.0032325E+03 
  3.1228425E+01   1.2344093E+02   2.0985265E+02   6.1117119E+01 
  2.4907680E+03   7.0909781E+02   1.1594908E+02   3.0153452E+02 
  1.5264969E+01   1.8317321E+01   2.3651609E+01   1.6148091E+01 
  6.0639768E+01   5.7113913E+01   2.7433575E+01   2.9722378E+01 
  1.8876752E+01   1.1632134E+01   1.3272430E+01   2.8760416E+01 
  7.2844075E+01   1.2361333E+02   1.7180397E+01   7.3590844E+00 
  1.1990902E+02   2.5054674E+02   2.9443293E+02   2.0675777E+02 
  2.9911996E+01   7.7762322E+01   5.6889264E+01   4.9207371E+01 
  2.0910393E+01   5.3258105E+01   1.5227978E+02   9.8869262E+01 
 -9.1183689E+00  -9.5641531E+00  -8.6749836E+00  -8.6972076E+00 
  4.2297867E+01   2.1277497E+01   5.7740908E+01   1.2922291E+02 
  4.4965471E+01   7.6231205E+01   4.6275709E+01   3.4063312E+01 
  3.7897625E+01   1.2618215E+02   2.7329990E+02   9.6607173E+01 
 -6.1302698E+00  -5.4485946E+00  -3.9856985E+00  -5.0473737E+00 
  1.2760180E+02   1.3175882E+02   1.8662520E+02   1.5733551E+02 
  8.6123346E+02   3.4696450E+03   3.1286320E+02   6.0356055E+01 
  3.4775913E+02   1.1349606E+02   1.3015664E+02   3.3272832E+02 
  1.1457539E+02   8.4940946E+01   7.0351740E+02   9.1165707E+02 
  1.2604020E+01   3.1408431E+01   6.1495515E+01   1.4418494E+01 
  7.1668561E+01   5.1166157E+01   6.2182957E+01   6.7872188E+01 
  3.3877515E+02   2.8221142E+02   5.0147568E+02   3.0245699E+02 
  7.3621579E+01   3.1907699E+01   2.1882553E+01   6.3183810E+01 
  3.2831806E+00   4.6825179E-01  -6.1992888E-01   7.9941279E-01 
  6.0238008E+01   5.2290386E+01   1.9496847E+01   2.1788192E+01 
  7.3511542E+02   7.1328649E+02   4.5790566E+02   5.7744753E+02 
  9.1507327E+00   2.3389696E+00  -3.8152668E+00  -1.2485689E+00 
  4.1774103E+01   7.1144874E+01   9.9267832E+01   1.3261446E+02 
  3.3326880E+02   2.2543888E+02   7.4289544E+02   1.1039494E+03 
 -2.8782900E+00  -1.3645551E+00  -3.9433996E+00  -5.1655248E+00 
  1.2996245E+01   2.1404498E+00  -5.2391578E+00  -2.9038384E-01 
 -7.7930873E+00  -4.0297484E+00  -2.9606716E+00  -8.0004318E+00 
  7.7266491E+03   3.9772853E+02   5.6487214E+02   1.0429727E+04 
  5.0645640E+00   7.9927540E+00   1.4204974E+00   4.5142155E-01 
  1.2706227E+02   8.6938645E+01   1.9810869E+01   3.7785074E+01 
  4.4545623E+02   1.3302202E+04   8.4889148E+03   2.9828890E+02 
 -6.5432049E+00  -7.8270550E+00  -9.1541337E+00  -8.4392708E+00 
 -9.4764144E+00  -7.2476109E+00  -7.1496199E+00  -9.0330599E+00 
  7.6913589E+02   2.4173186E+02   1.5869407E+02   6.3841056E+02 
  6.1862426E+02   3.3504486E+02   7.6452670E+01   1.3575968E+02 
  2.6513880E+01   3.0094570E+01   8.4393741E+00   7.8678593E+00 
 -5.2587399E+00   3.9356504E+00   2.8382063E+01   8.5001620E-01 
  3.4457088E+02   7.2536781E+02   2.5178547E+02   1.1914171E+02 
  6.4994519E+00   2.3939851E+01   4.9663984E+01   1.7998932E+01 
  9.6961418E+01   1.0508078E+03   6.5755046E+02   5.6229057E+01 
  7.5809199E+01   9.1196822E+01   7.3722813E+02   7.1509283E+02 
  1.5163945E+00   5.2892610E+00   7.1822122E+01   5.9646975E+01 
  2.9856124E+02   2.7765255E+02   2.2984355E+03   2.3891942E+03 
  6.2077933E+01   3.0506515E+02   5.9671075E+02   1.5428711E+02 
  1.3392912E-01   2.6895251E+01   8.7568418E+01   1.5555551E+01 
  2.6508097E+02   1.5537757E+03   3.3064542E+02   4.5906316E+01 
  1.9840167E+02   2.8519440E+02   5.5126584E+01   3.3079763E+01 
  1.1125487E+02   3.0766180E+02   2.0955122E+02   3.2878561E+02 
  2.2011225E+02   2.4417116E+02   9.6392654E+01   1.3224395E+02 
  1.9148807E+01   1.2339509E+01   7.5555379E+01   1.0549440E+02 
  9.7113010E+00   1.0054102E+01   9.9440210E+01   9.2830743E+01 
 -1.9996618E-02   1.8555799E+01   9.7721472E+01   2.1130589E+01 
  6.9185668E+01   5.5074304E+02   7.5823625E+02   8.7099780E+01 
  3.1366423E+01   1.6309472E+01   3.0022737E+01   6.2967250E+01 
  5.7550778E+00   1.8659965E+01  -1.5482026E+00  -5.7217247E+00 
  3.0897341E+02   1.5433991E+03   2.4648010E+03   5.1648601E+02 
  3.0814070E+02   1.6031751E+03   3.0120234E+02   4.1400880E+01 
  1.3241302E+03   1.4302227E+03   2.8459622E+02   2.4938331E+02 
  2.7475750E+01   2.9475627E+01   3.2074933E+01   1.6528925E+01 
  1.5642403E-01   3.8814652E+00   4.4770222E+01   3.9553729E+01 
  1.4243616E+02   2.5757188E+02   1.7076268E+02   1.1759700E+02 
  4.8717149E+02   5.1806431E+01   3.0907784E+01   3.4909449E+02 
  1.7124655E+01   8.1601900E+01   1.3739158E+02   2.2950893E+01 
 -3.0953306E+00   1.1232500E-01   2.2338882E+00  -1.6146583E+00 
 -4.9311787E+00  -1.9519591E+00  -2.8155788E-01  -4.9148625E+00 
  3.2341312E+02   2.8323803E+02   2.3906761E+02   2.6824425E+02 
  1.3451577E+02   2.6838986E+02   5.7388108E+01   7.8155713E+01 
  5.4810578E+01   3.6384599E+01   4.1120076E+01   7.9686495E+01 
  1.9758640E+02   6.2808701E+02   8.2209990E+01   2.2102005E+01 
  7.7031772E+01   2.0307668E+02   2.7296806E+02   1.0076167E+02 
  4.0319147E+01   2.1784246E+01   5.5667436E+01   1.8654101E+02 
 -6.3414846E+00  -9.1184287E+00  -9.4562641E+00  -6.2712983E+00 
  4.5323572E+02   1.0671758E+03   9.8276334E+01   3.3634647E+01 
  1.6878257E+03   2.8498859E+02   7.5193682E+02   8.0475043E+02 
 -1.3663041E+00  -7.8730069E-01   1.9658265E-01   3.3440383E+00 
  2.1053801E+02   2.2737619E+02   3.6107145E+01   8.1471340E+01 
 -8.9780580E-01  -2.7660877E+00   1.3886040E+00   8.0529453E+00 
  9.8023839E+01   1.7920999E+02   6.6144918E+01   4.0075125E+01 
  3.9492147E+01   5.9571599E+01   3.6570418E+01   4.0200048E+01 
  8.5870409E+00   8.8952023E+00   9.9308398E+01   9.3455587E+01 
  6.9863656E+01   8.0795222E+01   7.8655760E+01   2.1526263E+01 
  3.7444248E+01   1.0452891E+02   3.0182216E+01   1.4347728E+01 
  3.0649756E+02   8.5822740E+02   1.6796941E+03   3.7124657E+02 
  1.9169626E+02   6.2509607E+01   6.6749358E+01   2.4394513E+02 
  1.1468606E+01   9.2214400E+01   4.8969076E+02   8.8412204E+01 
  4.4817841E+00   2.1638087E+01   7.1042550E+01   2.8726258E+01 
  2.6198437E+03   1.2605556E+02   1.5089187E+02   3.0934554E+03 
  1.5521490E+02   1.2541375E+02   2.2172022E+01   2.4357838E+01 
  5.9704973E+01   4.3222527E+01   8.1133590E+01   1.2102735E+02 
  9.5754877E+01   9.1889695E+02   5.7242167E+03   7.4696021E+02 
  5.0058950E+01   5.3721687E+01   3.3460532E+01   2.2793747E+01 
  1.6115418E+01   4.5070954E+01   1.8200591E+02   7.9291498E+01 
 -9.4779552E+00  -9.7636082E+00  -9.6523939E+00  -9.4596731E+00 
  3.7099296E+02   8.2576951E+01   6.0476641E+02   2.1311596E+03 
  1.5642778E+02   1.1310751E+03   9.1250326E+02   4.5510932E+02 
  6.2425359E+02   9.4590593E+01   2.7601792E+03   4.0193376E+03 
  8.0515487E+02   7.2949095E+01   1.1972148E+02   1.1389411E+03 
  6.2580238E+01   3.4706640E+01   5.8530706E+00   1.6638034E+01 
  1.1335781E+02   4.4935922E+01   3.6206246E+01   1.2849780E+02 
  1.6547710E+02   7.4166153E+01   3.2100473E+02   5.9063824E+02 
  2.0529042E+01   7.1730575E+01   2.5696854E+02   1.0236769E+02 
  4.4578806E+02   5.6021168E+01   8.4178936E+00   1.3635724E+02 
  3.4498024E+03   3.5167552E+03   2.2666375E+02   2.8114088E+02 
  3.2354001E+02   9.1571863E+02   1.3976058E+02   1.8114502E+02 
  4.4361767E+02   7.3842758E+03   2.8386960E+03   1.6351947E+02 
 -1.1211589E+00  -4.7487292E+00  -3.2863144E+00   3.0573282E+00 
  1.3498832E+02   4.3577375E+01   1.8899027E+02   4.7601161E+02 
  3.5633919E+02   5.3455617E+02   1.3941559E+02   7.9308143E+01 
  3.0982718E+01   4.4978113E+01   4.2306220E+01   8.5013338E+01 
  1.8536765E+02   4.3390753E+02   1.5112467E+02   5.7906202E+01 
  1.8280227E+02   6.9321382E+01   1.0396944E+02   3.3053682E+02 
  9.6951279E+01   4.0479534E+01   6.2615927E+01   9.6608924E+01 
  1.0483290E+01   8.7678374E+01   5.5924282E+01   4.7149587E+00 
  6.9015400E+01   8.2960146E+01   8.6553807E+01   7.4153885E+01 
 -9.1737221E+00  -9.5844363E+00  -1.0046440E+01  -9.8657420E+00 
  2.0744832E+02   6.9905313E+01   9.6351626E+00   4.0802616E+01 
 -1.0359484E+01  -1.0187421E+01  -9.9987578E+00  -1.0386284E+01 
  7.1373695E+02   9.0996566E+02   8.9606308E+01   5.4782488E+01 
  3.8330532E+02   2.5131308E+02   5.1961090E+02   5.6806130E+02 
  1.5410793E+01   5.3049306E-01  -4.2808096E+00   9.6389825E-01 
 -7.4161766E+00  -7.5156448E+00  -3.6740325E+00  -3.3997878E+00 
  1.5924783E+00   5.7213291E+01   6.2475455E+01   3.9023902E+00 
  6.7753420E+01   3.6347298E+01   7.1850557E+01   3.9027245E+01 
  1.4853406E+03   2.7281283E+03   2.2550721E+02   1.2793821E+02 
  7.3378858E+02   4.8102335E+02   2.8424813E+02   3.5106526E+02 
  1.3841025E+01   1.0274370E+02   5.6596372E+01   9.0924392E+00 
  5.1077630E+01   1.7963820E+02   2.3312081E+02   4.7315677E+01 
  7.9895165E+01   1.5881218E+01   1.0959996E+01   7.0914429E+01 
  6.6015070E+01   7.2924929E+01   1.9467428E+02   1.7536941E+02 
  6.0928239E+01   4.3369536E+01   2.5205342E+01   5.5027166E+01 
  3.0724928E+01   5.9635633E+00   3.7623020E+01   1.5246808E+02 
 -2.2746476E+00  -1.7544599E+00   4.4999385E+00   5.6916295E+00 
  8.2394593E+01   5.0221839E+02   2.5289838E+02   8.0727918E+01 
  2.1991773E+02   2.6444826E+02   1.0790635E+02   7.8138776E+01 
  6.3894479E+01   6.6356012E+02   3.9275165E+02   4.3918620E+01 
  1.8174490E+03   4.1198281E+02   1.5568200E+02   8.1285799E+02 
  5.3734751E+02   1.4216568E+02   1.2377985E+02   4.8326596E+02 
  4.5356629E+01   6.7430309E+01   6.7503263E+02   5.2967947E+02 
 -6.4102962E+00  -3.9108236E+00  -3.2825564E+00  -5.3960575E+00 
  5.0041486E+01   8.1673938E+02   1.7876319E+03   1.3241683E+02 
 -5.4911907E-01   1.0207608E+01   3.5874070E+01   1.3255340E+01 
  1.4119127E+02   2.6131099E+02   9.3297915E+01   3.6062665E+01 
  9.9180225E+03   1.0754746E+03   1.9654839E+02   2.3928425E+03 
  3.4162501E+02   4.3444281E+02   3.8631997E+02   7.2168580E+02 
  1.3370701E+00  -1.8998445E+00   3.1986408E+00   1.8028932E+01 
  3.3191017E+02   2.4746377E+03   3.8120112E+03   2.8049163E+02 
 -6.9653464E-01   2.2264042E+00   2.0897719E+01   9.0673259E-01 
  7.4624961E+01   2.5130403E+01   4.3884676E+01   1.0933700E+02 
  1.6565095E+02   2.5996246E+02   4.1898130E+01   6.3773588E+01 
  7.1757884E+01   2.0032711E+02   5.8147271E+02   1.7298591E+02 
  2.0564528E+02   1.6372055E+02   3.9128967E+02   4.8699916E+02 
  1.1752503E+02   7.9475539E+01   2.8460851E+02   1.8078324E+02 
 -7.6335032E+00  -8.8593090E+00  -9.3123122E+00  -8.7604852E+00 
  8.5329971E+00   1.3555795E+01   1.8684382E+02   1.3634918E+02 
  3.0006306E+02   6.0681161E+01   6.0489030E+01   2.7635934E+02 
  3.0203549E+02   5.6608141E+01   1.2322074E+02   4.5931238E+02 
  2.7873443E+02   1.2062249E+02   9.6334760E+01   1.7109111E+02 
  9.9283597E+01   1.7215711E+02   1.2481551E+02   5.6700279E+01 
  1.0557271E+02   5.9757830E+02   2.6704865E+03   6.4224887E+02 
  2.8556720E+01   1.3487518E+02   2.1442005E+02   4.7781132E+01 
  9.8312686E+01   1.7332583E+01   6.1924563E+01   2.8244410E+02 
  1.2791467E+02   8.6029225E+02   2.7136616E+02   3.0378351E+01 
  2.4832467E+02   4.1105706E+02   3.0806536E+03   2.7018712E+03 
  1.0083995E+03   3.1016232E+02   3.7733960E+01   1.9561813E+02 
  5.8896166E+01   2.3949718E+01   2.5441362E+01   1.8894492E+01 
  2.8473544E-01  -6.7522107E-01   2.6458283E+00   2.3040873E+00 
 -7.5251301E+00  -6.3708196E+00  -3.5712738E+00  -6.7657619E+00 
  2.0758191E+01   4.8435844E+01   4.3299965E+01   3.8993533E+01 
  3.9159229E+01   9.7845025E+01   2.6540448E+01   3.2943857E+01 
  1.6225533E+02   6.2094477E+01   1.5386174E+02   5.6865726E+02 
  1.2615998E+02   1.2721187E+02   1.1926537E+02   1.1499307E+02 
  4.9351250E+02   8.8500884E+01   2.9195980E+02   1.5155229E+03 
  9.1890909E+02   2.6301356E+02   3.3214273E+01   1.6848319E+02 
  2.9128837E+02   7.6336896E+02   4.4504297E+03   1.8489459E+03 
  2.4939966E+01   7.5767750E+01   5.4367874E+01   1.5320316E+01 
 -2.5466025E+00  -3.9646815E+00   1.9785498E+01   2.2678827E+01 
  3.1363823E+01   7.8056809E+00   9.8938531E+01   2.9571425E+02 
  1.2613882E+03   2.4958391E+02   1.1173678E+02   6.4898107E+02 
  2.1323372E+00   4.9615703E+00  -3.3255535E+00  -4.8033176E+00 
  6.1019879E+01   7.7489106E+00   4.2676047E+00   2.4681333E+01 
  1.8428663E+04   4.4564410E+03   1.8851096E+03   1.1432968E+05 
 -3.3612235E+00   4.1194502E-01   3.3899226E+01   1.4385219E+01 
  4.6653739E+01   3.2236665E+01   2.6655836E+01   3.6388260E+01 
  1.3395082E+02   3.0032956E+02   4.3816257E+01   2.0809950E+01 
  2.4044600E+01   3.6945187E+01   1.1758498E+01   3.5531437E+01 
  3.8716986E+01   1.7261878E+02   4.6685298E+01   9.5886084E+00 
  5.2936169E+02   3.6783316E+02   1.8646169E+02   2.8888868E+02 
  7.7540782E+00   7.9653892E+00  -4.4041067E+00  -5.0666186E+00 
  1.9269586E+01   1.4835651E+02   6.8400889E+02   1.4117257E+02 
  8.4822459E+02   1.1016825E+04   4.4569284E+03   3.1094518E+02 
  5.8011123E+02   4.4389641E+03   1.0934187E+03   1.6675401E+02 
 -6.9587165E-01   1.0446915E+01   6.1873605E+01   2.8489878E+01 
  4.7310480E+02   3.7540493E+02   6.4834897E+01   8.3716058E+01 
  7.7186883E+01   5.8515498E+01   2.4811257E+01   3.3610332E+01 
  3.8575702E+01   6.3182029E+01   4.1587407E+02   3.4522234E+02 
  3.7301919E+00  -1.0139414E+00  -2.8931608E+00   8.6806946E+00 
  3.3811751E+01   6.7677188E+01   4.1165667E+01   2.5575789E+01 
  1.5569599E+02   3.5156660E+02   1.0191262E+02   3.3850005E+01 
  3.0714773E+02   6.3969005E+01   6.3040512E+01   4.9353093E+02 
  1.3045957E+02   1.5421613E+02   2.5741471E+02   1.4376112E+02 
  2.1440357E+01   1.4366281E+02   6.7858352E+01   5.8812205E+00 
  4.0200512E+02   2.9313389E+02   7.8788836E+01   7.3581519E+01 
 -9.1854449E+00  -7.7877391E+00  -5.9044985E+00  -7.8707848E+00 
  5.9235331E+02   1.2228739E+02   2.7432390E+02   3.7058640E+02 
  5.8816351E+02   6.3103092E+02   9.2849018E+01   9.0810303E+01 
  1.9772014E+02   1.5704419E+02   8.4378428E+02   8.2725650E+02 
  3.6442177E+02   1.1456175E+03   5.6989012E+03   8.1079734E+02 
  4.1907143E+02   3.8487060E+01   1.8435080E+02   1.6335621E+03 
  1.5320129E+01   8.4384758E+00   2.1177084E+01   2.8965065E+01 
  2.7632123E+03   2.0317955E+04   5.0937738E+03   6.2375727E+02 
  7.0929599E+01   1.9503757E+01   6.1944700E+01   1.5652361E+02 
  1.5396865E+02   3.7693914E+01   7.1262964E+01   2.2312933E+02 
  1.9315684E+02   2.7407928E+01   1.1087544E+01   9.8689069E+01 
  3.2445420E+02   1.6376522E+02   3.6198171E+02   2.9495222E+02 
  2.5738852E+02   3.7903498E+02   3.2945636E+01   2.2436291E+01 
  4.8230724E+02   2.3054093E+02   6.4023868E+01   1.3160502E+02 
  2.4724155E+03   5.9163230E+03   1.8483461E+03   4.7872455E+02 
  6.7558974E+02   2.8878868E+03   5.8147183E+02   1.1598341E+02 
  3.5926083E+01   1.1545803E+02   6.0898844E+02   2.6054529E+02 
  2.8825665E+02   4.9491702E+02   1.0000196E+02   7.3341165E+01 
  7.1091449E+01   6.7626637E+01   8.9310288E+02   9.0546404E+02 
  1.2962254E+02   1.8197212E+02   7.3785088E+02   5.8267347E+02 
  2.0712844E+02   2.2450649E+03   3.5375989E+03   3.5425427E+02 
 -1.3374706E+00   6.9588146E+00  -5.9708488E-01  -4.7673965E+00 
  6.7908864E+02   8.7089543E+03   5.5108018E+03   3.9873493E+02 
  1.8740967E+03   7.4072384E+02   6.9229532E+01   2.1031059E+02 
  1.3821676E+02   3.0065124E+01   8.0600918E+01   3.7873835E+02 
  2.2162886E+01  -1.6621127E-01  -4.0043100E+00   6.4020581E+00 
  3.5687669E+02   1.5367765E+02   9.1287058E+01   2.0658913E+02 
  1.7372227E+02   1.0396730E+02   1.3568696E+02   2.4622705E+02 
  3.0029162E+01   9.6599405E+01   5.8920561E+02   2.3745638E+02 
  6.0003641E+01   3.4967094E+00   4.8488397E+00   6.4722791E+01 
  2.0517049E+02   2.6221605E+01   1.6098624E+02   7.5609543E+02 
  2.1391533E+00  -5.9584298E+00  -4.8148997E+00   6.5097625E+00 
  4.4698181E+01   1.6128675E+02   8.2927855E+02   2.0619716E+02 
  2.5305038E+01   2.5914157E+01   2.5433685E+01   2.5084031E+01 
  7.6299571E+02   2.2769924E+02   4.1715268E+02   1.5496650E+03 
  3.8156285E+02   6.0124873E+01   1.9035791E+02   9.0500212E+02 
  1.4084066E+01   4.8195338E+01   7.0310429E+01   3.0175589E+01 
  3.4430395E+01   1.5141730E+01   2.6354655E+01   5.0906547E+01 
  3.7769488E+02   3.6632564E+02   3.0631643E+02   3.7501048E+02 
  1.3561135E+02   1.2305280E+03   6.6493017E+02   6.3688546E+01 
  1.7781618E+02   4.2302434E+02   4.5010450E+02   1.8721301E+02 
  6.1201754E+01   2.4615298E+01   2.1894838E+01   9.2256163E+01 
  2.8507427E+02   1.3609388E+02   1.9570355E+02   4.0149316E+02 
  3.6609658E+02   1.5489600E+03   1.0369739E+03   1.5860962E+02 
  3.7644585E+01   3.1593747E+01   1.5290765E+02   2.4018574E+02 
  8.9890605E+00  -5.4490070E+00  -8.2941878E+00  -1.5820767E+00 
  4.6154318E+02   6.8813766E+02   5.8560974E+01   3.2519416E+01 
  1.2211837E+01   2.8595398E+01   2.1163018E+01   7.1719156E+00 
  3.2948755E+02   2.4477989E+02   7.8123360E+02   1.0884723E+03 
 -5.8979175E+00  -7.0510556E+00  -7.9956660E+00  -7.2764017E+00 
  7.3072659E+01   6.1529470E+01   8.0350634E+02   9.3400517E+02 
  8.9690909E+01   7.0753857E+01   8.7710746E+00   1.7571493E+01 
  4.8437421E+00   1.0970710E+00   1.2821329E+00   4.8561273E+00 
  4.0585360E+00   7.0180434E-01   2.2150392E+01   3.1278122E+01 
  5.7796756E+02   1.1704401E+03   1.5423414E+02   7.6150063E+01 
  9.0690877E+01   7.0927795E+01   7.8155025E+01   8.9138639E+01 
  6.5614362E+02   5.7224142E+02   4.4702097E+01   5.0778964E+01 
 -9.6733585E+00  -9.6141048E+00  -9.4755885E+00  -9.7176717E+00 
  1.4048482E+01   8.5241130E+01   1.5461370E+02   2.0708227E+01 
  5.9903997E+01   2.7306508E+02   1.5811610E+02   3.2921885E+01 
  6.1978111E+02   1.1874156E+02   8.1852076E+02   3.6686469E+03 
  8.8463952E+00  -5.7450781E-01  -1.2326245E+00   6.6170245E+00 
 -8.5977068E+00  -9.2969629E+00  -8.9660834E+00  -8.0876236E+00 
 -4.4441651E+00  -8.1153620E+00  -7.3301311E+00  -4.6503843E+00 
  7.9390089E+00   8.5450233E+00   4.9586381E-01   6.1227889E-01 
  1.1736352E+01   2.4785812E+01   1.9443540E+01   8.8097206E+00 
  2.8427935E+01   3.3965643E+01   4.6222311E+01   2.6478149E+01 
  1.2315625E+02   1.2414681E+02   1.0190935E+01   1.3556859E+01 
  2.0101194E+02   2.6475997E+02   7.1676121E+01   5.7942414E+01 
  6.2419059E+01   5.2410765E+01   6.2997326E+01   8.2799785E+01 
 -7.7009561E+00  -6.5381216E+00  -8.2608621E+00  -8.6315866E+00 
  2.2260175E+01   1.6881972E+02   1.8827278E+02   2.6092332E+01 
  8.4643054E+02   8.0768151E+03   1.5741789E+03   2.3137642E+02 
  1.2006487E+00  -3.0016789E+00  -6.1562813E-01   5.7912104E-02 
  2.5903660E+01   8.9400181E+01   5.5260180E+01   3.4866859E+01 
 -9.0915784E+00  -9.6571030E+00  -9.7284279E+00  -9.5015306E+00 
  4.9971032E+02   1.3059506E+03   3.2036482E+02   1.2730514E+02 
  1.5471304E+02   1.2902899E+02   1.7004651E+02   3.1822698E+02 
  1.7091828E+02   9.6336567E+02   7.9949910E+02   1.0935360E+02 
  5.9516026E+02   2.8994847E+02   4.6204449E+01   8.7388159E+01 
  2.9609494E+02   1.4942661E+02   1.2698764E+02   2.4921498E+02 
  2.9780733E+02   6.4496008E+02   1.1512665E+03   6.1195512E+02 
  2.3906024E+02   2.2550187E+03   7.1646794E+02   1.0230218E+02 
  5.4846275E+01   1.1269126E+01   1.1378631E+01   3.8311438E+01 
  5.0015618E+02   1.0528333E+02   6.2652548E+01   1.9798564E+02 
  2.0798628E+02   1.1579308E+02   7.3945106E+02   1.1281367E+03 
  3.5561299E+02   1.7064140E+02   1.1085017E+03   9.9467689E+02 
  4.2872122E+02   1.2610578E+04   1.5236309E+04   4.7694993E+02 
  2.2145794E+02   1.1352562E+02   3.3437347E+02   5.3455859E+02 
  4.9690075E+01   1.2373915E+01   2.4326274E+01   7.7202117E+01 
  1.5778442E+01   2.4547463E+01   4.0938904E+01   3.9046366E+01 
 -3.8194881E+00  -5.1695439E+00   1.0730436E+01   1.4790855E+01 
  1.7865789E+02   3.1521568E+02   7.4863029E+02   1.6736722E+02 
  1.7875000E+02   2.7082579E+01   2.1522813E+01   1.5732624E+02 
  2.4650806E+02   2.9371578E+02   3.3397774E+01   2.6866595E+01 
 -9.9566544E+00  -1.0264261E+01  -1.0118750E+01  -9.9695650E+00 
  3.6337115E+02   8.4118237E+02   9.3587176E+02   6.3186082E+02 
  6.9130065E+01   4.9416236E-01   5.1917041E+00   9.2229293E+01 
  4.1158905E+01   2.4804574E+01   1.1186032E+02   1.5537642E+02 
  1.4941565E+01   8.4713151E+01   5.2997610E+01   1.5035388E+00 
  4.9074302E+01   2.8796630E+01   8.7812224E+01   8.0761696E+01 
  7.9419003E+01   1.3092038E+01   5.3800943E+00   8.8476783E+01 
  1.9071699E+02   1.1309189E+03   2.8969653E+02   4.1685095E+01 
  3.0794190E+01  -2.2434459E+00   9.1501836E+00   8.6511191E+01 
 -5.6379670E+00  -4.9670206E+00  -5.0111263E+00  -5.9907897E+00 
  2.3767639E+00   2.2001485E+00   8.8486403E+00   1.5562927E+01 
  5.3462456E+02   4.8728985E+02   1.1697843E+03   1.1413589E+03 
  6.7092391E+01   5.5579816E+02   1.2592007E+03   1.4725487E+02 
 -1.8975699E+00  -4.4353310E-01   3.6636459E-01   1.1608094E-01 
  2.3710720E+02   1.7006727E+03   2.9729100E+03   4.3819082E+02 
 -5.5933075E+00  -7.6382193E+00  -2.9298094E+00  -1.5028886E+00 
  1.2401289E+03   2.3789894E+02   1.1866698E+02   6.1911791E+02 
  1.3537049E+02   6.9378701E+01   1.1210203E+01   2.7858925E+01 
  1.3602437E+02   1.2891268E+02   4.7732195E+01   6.8016968E+01 
  2.1945078E+02   6.8027365E+02   7.8761859E+02   2.6962448E+02 
  2.1093830E+03   2.8398141E+02   3.5188493E+02   2.4337092E+03 
  4.6163299E+02   4.9921962E+02   7.2969847E+01   6.8123295E+01 
  4.5125782E+00  -3.7933848E+00   7.2898793E+00   3.3079525E+01 
  8.6909590E+00   1.3928643E+01   9.1620725E+00   5.3940838E+00 
  2.7676471E+02   1.9141615E+02   3.1710431E+02   4.8432551E+02 
  7.0185096E+01   8.7851731E+01   1.4232627E+01   8.2011031E+00 
  7.3638507E+01   9.9364995E+00   4.0922147E+00   4.9910150E+01 
  2.2229725E+03   5.1904955E+02   4.5581852E+01   2.6098693E+02 
  4.6176800E+01   7.8202809E+01   1.5952704E+02   8.1263739E+01 
  2.0281186E+01   3.1502332E+01   3.3078719E+02   2.4558808E+02 
  3.2972592E+02   1.1102380E+02   1.8033591E+02   7.4265801E+02 
 -5.1023294E+00  -4.8068455E+00  -5.6955971E+00  -6.6766019E+00 
  1.3833034E+02   1.9367815E+02   3.8409476E+01   2.2160779E+01 
  9.4407235E+02   4.1333032E+02   4.4799538E+01   1.2482869E+02 
  2.0225322E+00  -3.0193499E+00  -4.4106747E-01   4.3548989E+00 
  1.4340887E+02   1.4424409E+02   2.0629575E+02   2.7181631E+02 
  1.0547934E+02   4.7144153E+02   1.8742565E+02   3.3842316E+01 
  1.4202433E+01   9.2895931E+00   5.0447087E+00   1.8611287E+00 
 -1.0317154E+01  -1.0058452E+01  -9.4190636E+00  -9.8962548E+00 
 -1.9355910E+00   6.1062145E+00   4.8109549E+01   1.3469345E+01 
  2.8213620E+02   2.2249835E+01   3.2746426E+01   4.2658946E+02 
  6.8591914E+01   1.9258665E+02   3.9879908E+01   1.0529225E+01 
  6.2281834E+02   1.8340855E+03   8.4471036E+02   2.7396998E+02 
  1.4908516E+02   1.1138139E+02   6.1936660E+01   1.0462204E+02 
  1.8292899E+02   4.0685669E+01   1.1750816E+02   5.5216748E+02 
  3.1324502E+02   4.0148023E+02   2.4045190E+02   1.6947237E+02 
  1.7858841E+02   7.2528591E+01   3.1019690E+01   5.4549117E+01 
 -3.0293243E-01  -3.8561041E+00  -3.7921276E+00  -2.0370382E+00 
  2.4831560E+02   4.9461435E+01   7.9856158E+01   3.9216351E+02 
  9.5217710E+01   9.1763036E+01   1.9149142E+02   4.4291341E+02 
  4.6510143E+01   1.4396406E+01   6.0753306E+00   2.3784775E+01 
  1.0909631E+02   1.1222768E+02   9.2271247E+01   9.2033345E+01 
  1.4851349E+02   4.2769480E+01   5.4483532E+01   2.0631245E+02 
  6.0138401E+01   1.6716527E+02   8.4526596E+01   3.1757095E+01 
  2.5126323E+01   2.3375117E+01   1.2589361E+02   1.3655434E+02 
  3.6998689E+02   2.7540072E+02   5.8887667E+02   7.9124558E+02 
  8.1225627E+01   4.2004696E+01   3.5304864E+01   6.5506218E+01 
  8.7315742E-01  -2.3839929E-01  -5.1089679E+00  -3.8843102E+00 
  1.4973062E+02   1.2949227E+02   4.0409452E+02   5.7914711E+02 
  7.6423728E+02   1.8079029E+02   1.1813239E+02   6.7497412E+02 
 -8.2226947E+00  -8.6061850E+00  -8.4935579E+00  -8.0770677E+00 
  1.8995658E+02   8.1492421E+01   4.6462866E+01   4.8163578E+01 
  1.7125363E+03   1.9730866E+03   1.2035668E+02   1.0232166E+02 
  5.4585042E+02   1.1061431E+03   8.8407178E+02   1.8945210E+02 
  7.0780416E+01   8.4511376E+01   8.0552361E+02   5.7784778E+02 
  1.1662878E+02   2.5341270E+02   1.0553076E+02   3.9659604E+01 
  1.0827202E+02   5.2222894E+01   5.2858773E+01   1.0309552E+02 
  3.2930044E+02   3.3419129E+02   3.1286825E+02   3.1004648E+02 
  2.0977890E+02   4.0913766E+02   9.0469464E+01   4.7965684E+01 
  9.4302604E+01   3.3754938E+01   5.0626392E+02   1.1808937E+03 
  2.0533941E+01   2.2020608E+01   1.2412511E+01   2.0875444E+00 
  7.0193789E+02   2.7042825E+02   1.1328870E+02   4.1755827E+02 
  2.2381602E+02   5.7570669E+02   1.3461761E+02   4.3385759E+01 
  2.0223673E+00   3.2705636E+01   1.5551880E+02   3.5199463E+01 
  1.2545528E+02   2.3197869E+01   1.0366982E+02   3.2411416E+02 
  6.2475042E+01   9.8042099E+01   7.0143168E+01   4.4291538E+01 
 -7.4289828E+00  -7.9620962E+00  -6.5618834E+00  -5.9215654E+00 
  2.6359508E+02   2.6132926E+02   1.6247280E+02   8.6914745E+01 
  2.6880662E+02   8.3809011E+01   3.0534990E+01   1.1579085E+02 
  1.5850821E+02   3.3303192E+02   2.3127171E+02   1.6245938E+02 
  1.6442874E+02   1.2071193E+02   2.1342575E+01   4.0327445E+01 
  2.5064025E+02   1.1357726E+02   1.9690010E+02   4.6296379E+02 
  5.0905817E+02   7.3468328E+02   4.5194469E+02   3.2380926E+02 
  2.3300500E+01   3.5304753E-01   3.9483976E+00   3.8219216E+01 
  2.2547673E+02   3.6431715E+01   6.0186581E+01   4.5390677E+02 
  2.5948187E+01  -2.8367895E+00   4.4349095E+00   6.8682156E+01 
 -6.9457084E+00  -8.4070148E-01   1.4727136E+00  -6.5657772E+00 
  1.6684705E+02   3.2827605E+02   1.1921394E+03   3.9401616E+02 
 -1.0388812E+01  -9.5819724E+00  -9.1080229E+00  -1.0057996E+01 
 -1.6322956E+00   1.8201987E+00   2.0017990E+01   7.2266305E+00 
  2.8843430E+02   7.2263844E+02   5.4440815E+02   4.0989874E+02 
  1.4534285E+02   1.3722430E+02   3.6150997E+01   3.7130695E+01 
  2.8121083E+02   5.3165010E+01   2.0326371E+02   4.9548164E+02 
  1.8095238E+02   1.3296709E+01   5.7246298E+01   5.5630823E+02 
  1.4114529E+02   9.9319229E+02   3.5787073E+02   6.3765813E+01 
  5.3696897E+01   1.6236862E+01   8.3523390E+01   2.9624111E+02 
  3.6613275E+02   4.5909726E+02   1.0702332E+02   8.6087814E+01 
 -6.9186031E+00   5.3426120E+00   8.6251597E+00  -5.0293483E+00 
  1.3398549E+03   2.9568366E+03   6.3172435E+02   5.3336394E+02 
  1.0929834E+02   1.2093072E+02   3.1052371E+02   8.9739810E+01 
  3.7033625E+01   6.9174558E+01   2.2282945E+02   1.2210090E+02 
  3.6738730E+02   4.2071012E+03   1.9677475E+03   1.7922273E+02 
  1.3953371E+02   2.0461530E+02   3.9951451E+02   2.8916822E+02 
  9.5759344E+00   1.1998576E+02   4.2401065E+01  -3.2124021E+00 
  3.8048894E+01   8.1136947E+01   1.1799216E+01  -3.1910695E-01 
  2.6094109E+01   4.1384799E+01   6.3410216E+01   7.1948520E+01 
  2.8683272E+01   3.8594662E+01   2.7930702E+02   2.0714145E+02 
  2.7561609E+02   1.0508382E+03   1.5260257E+02   5.6902358E+01 
  5.6960343E+01   3.2259554E+02   2.1040782E+03   5.2173206E+02 
  2.4825482E+01   1.1517285E+01   5.2212876E+00   1.2061289E+01 
  1.4844240E+02   2.9859149E+01   1.0328935E+01   5.0472277E+01 
  6.9500337E+02   7.1502289E+03   1.2302490E+04   1.1503729E+03 
  3.9788973E+01   2.5313485E+02   4.8360971E+02   8.9887800E+01 
  3.9021510E+02   4.8581890E+02   5.3899342E+03   2.5150763E+03 
  1.9710669E+02   1.3625483E+02   3.9867343E+02   3.4816827E+02 
  6.6418363E+02   3.6971180E+02   1.6718664E+02   2.4613310E+02 
  1.1485958E+03   3.3340271E+02   1.8033430E+02   5.8395597E+02 
  3.4074478E+01   1.1288504E+02   7.5073102E+01   2.1609229E+01 
 -9.1401963E+00  -8.3375439E+00  -7.8143872E+00  -8.7158557E+00 
  1.2381534E+02   8.9918078E+01   1.1656489E+02   1.5324861E+02 
  7.4999488E+01   2.9683369E+01   1.1668149E+02   2.2958199E+02 
  2.1981688E+01   6.4530623E+01   4.5930250E+01   4.9922887E+01 
  3.6637779E+01   1.3273557E+02   4.0520574E+01   8.8444172E+00 
  4.9272425E+02   6.1786502E+02   3.5945803E+02   2.9654273E+02 
  7.0432258E+01   3.2027382E+01   2.0642978E+02   4.0394673E+02 
  1.2716807E+02   9.8184641E+01   1.4951598E+02   1.4820478E+02 
  8.6272865E+01   7.5967259E+02   8.8983950E+03   1.2338878E+03 
  1.0048521E+01  -5.0451385E+00  -8.4165000E+00  -2.0704709E-01 
  8.9604640E+01   7.9383953E+02   2.6825969E+03   4.1909369E+02 
  2.0650756E+02   2.5740387E+02   1.6787475E+03   7.1184548E+02 
 -2.9167958E+00  -8.5850822E+00  -7.6746852E+00  -1.2618979E-01 
 -9.8082558E+00  -9.2972280E+00  -8.5888810E+00  -9.2772071E+00 
  3.6694767E+01   1.4110750E+01   1.6675669E+02   2.9388244E+02 
 -6.1763952E+00   1.1992775E-01   1.1189733E+01  -3.7130845E+00 
  1.8952428E+03   4.3073379E+03   2.8980162E+02   1.1700873E+02 
  1.5101157E+02   1.0723753E+02   1.6292391E+01   2.8681102E+01 
  1.9237612E+02   1.9866050E+02   2.2665614E+02   2.2506973E+02 
 -9.3746575E+00  -9.2276470E+00  -8.7872858E+00  -8.7442338E+00 
  1.1102333E+02   8.3763140E+02   8.0441552E+02   1.5959607E+02 
  8.6071740E+00  -3.0204408E+00  -3.4889444E+00   6.9843632E+00 
  3.9680024E+02   2.6601733E+02   3.6107812E+02   1.5987478E+02 
  4.1959190E+02   9.3694664E+01   3.1870501E+02   1.5834833E+03 
 -9.3139949E+00  -9.4633307E+00  -9.0351515E+00  -8.8973295E+00 
  6.3908026E+01   4.4751472E+01   7.3416509E+01   1.6681529E+02 
  2.1261176E+02   2.1920471E+02   3.2205899E+01   3.4085394E+01 
  1.3025042E+02   4.6290743E+01   5.1200357E+01   2.7279154E+02 
  1.1055066E+03   4.9691917E+03   8.5088064E+02   5.5103690E+02 
  5.7437423E+02   7.2442844E+01   7.6379152E+01   5.5831722E+02 
  4.9123820E+01   9.9384722E+01   8.3438411E+01   2.0865799E+01 
 -5.1461587E+00  -4.5721236E+00  -1.6998323E+00  -3.0788305E+00 
  4.5657892E+03   6.0239560E+02   1.8281102E+02   1.4395674E+03 
  2.5084392E+02   5.6417044E+01   4.6385172E+02   1.6084164E+03 
  4.1592350E+02   1.2302205E+02   1.3290387E+02   3.1257181E+02 
 -8.9462804E+00  -8.3846398E+00  -7.9986860E+00  -9.0789629E+00 
  7.1406534E+02   1.5163899E+02   2.2362014E+02   1.1390873E+03 
  3.0222605E+01   7.6943835E+01   6.7048892E+01   2.2647155E+01 
  7.4100853E+01   3.0030712E+02   4.6178933E+02   1.1178707E+02 
  3.1401796E+02   2.7172540E+02   3.1077838E+02   3.4473914E+02 
  5.3329598E+01   9.5348504E+01   2.3616085E+02   1.2137861E+03 
  2.7061449E+03   3.4556304E+03   5.8934652E+02   2.9823939E+02 
  1.0403167E+02   1.8171975E+02   3.5002575E+01   2.2409033E+01 
 -9.5414218E+00  -9.6776981E+00  -9.5718331E+00  -9.6637230E+00 
 -2.3845149E+00  -2.7603956E+00  -1.5402668E+00  -1.1284351E+00 
  2.7748806E+03   2.4847528E+02   8.3099376E+01   1.1459568E+03 
  1.4840576E+02   1.8742001E+02   1.5635219E+02   1.7578997E+02 
  3.1654780E+02   3.3738619E+02   2.5341175E+02   2.3935781E+02 
  1.2404263E+02   2.3095301E+03   2.6964638E+03   1.5210576E+02 
  3.3798371E+02   1.0131277E+02   2.8922519E+01   9.3043657E+01 
  2.3385610E+01   2.2529215E+01   8.3363025E+01   9.2160309E+01 
  1.9965438E+01   4.6512008E+01   6.3766374E+01   5.4821454E+01 
  1.9910325E+02   9.4429162E+02   1.7414143E+02   2.4163305E+01 
  2.0867353E+01   1.6229251E+01   4.3845442E+01   5.5937137E+01 
  1.1445247E+02   1.6677437E+02   1.9302724E+03   1.5582650E+03 
  1.7579562E+01   1.2797079E+02   6.9937040E+01   6.7962082E+00 
  1.9658524E+01   1.6417137E+00   3.2083312E+01   9.3048225E+01 
  1.6038650E+02   4.1768429E+01   8.7820915E+01   2.8556897E+02 
  1.0311904E+03   5.0061343E+02   1.1573921E+02   1.2586698E+02 
  3.3535635E+02   1.2180098E+02   7.6714335E+02   2.4231649E+03 
 -6.1062500E+00  -4.1229722E+00  -3.2254717E+00  -5.1759499E+00 
  8.6080662E+01   5.5414259E+01   2.3120988E+01   2.7257610E+01 
  7.1456135E+02   1.0374887E+02   2.4664974E+02   1.8478771E+03 
  5.5021432E+01   2.9108343E+01   1.3580761E+02   1.3134174E+02 
  5.8167116E+03   4.5947363E+02   2.3815061E+02   3.3629754E+03 
  4.2100764E+01   4.0957792E+02   1.2130635E+03   1.7284920E+02 
  1.9730589E+02   1.6820529E+02   3.4293259E+02   2.6149554E+02 
  2.8481517E+01   1.9393292E+01   2.2010866E+02   2.9871168E+02 
 -4.3876172E+00   8.7077352E-01   3.6919648E+00  -5.9389302E+00 
  3.2691800E+01   9.2424277E+01   2.3614658E+01   9.7870775E+00 
  6.8182331E+01   1.0906829E+02   4.0001730E+01   2.9890510E+01 
  2.8881414E+01   4.8815971E+00   4.9798901E+01   1.6812555E+02 
  2.3625628E+01   4.4519227E+01   8.0855931E+01   5.1718546E+01 
  2.0364118E+01  -3.5412260E+00  -4.2924904E+00   2.0754580E+01 
 -6.7580572E+00  -7.0277030E+00  -3.2340424E+00  -4.3027574E-01 
  1.2442888E+03   2.1404351E+02   1.1696415E+02   4.2863557E+02 
  9.8131024E+02   2.7638311E+02   1.5331065E+02   4.6623891E+02 
  4.0272207E+02   9.7335599E+01   4.6279565E+02   2.0166775E+03 
  3.9458032E+01   1.3353515E+01   1.6074292E+01   4.1422625E+01 
  1.1500083E+02   2.1339301E+02   1.4869741E+02   6.2219918E+01 
  2.2570829E+01   1.2282576E+01   2.8580064E+01   2.2169184E+01 
  4.2702264E+01   1.4306922E+02   9.2278397E+01   4.9958122E+01 
  3.4186772E+01   1.4965961E+02   2.5518304E+02   3.6403153E+01 
  1.6219272E+03   4.7793129E+02   9.4885833E+02   3.5233299E+03 
  2.8421013E+01   1.1355650E+01   9.6166378E+00   2.7357989E+01 
  4.9660579E+01   2.0592046E+02   2.4501006E+02   9.5424680E+01 
  2.5061303E+02   4.3130724E+02   2.0097698E+02   1.2621383E+02 
  1.5867617E+03   9.8065768E+02   1.2412697E+02   2.4610841E+02 
  1.6051450E+01   1.7972715E+00  -7.9968459E+00  -4.7528271E+00 
  1.8441699E+03   4.1226356E+02   5.4709812E+01   2.2637334E+02 
  1.3754333E+02   4.6449292E+02   8.2913263E+01   3.0565491E+01 
 -5.9043558E+00  -5.2584414E+00  -8.9688368E-02  -1.2276104E+00 
 -6.0916015E-01  -1.5074312E+00  -1.6038965E+00   2.8122867E-01 
  5.3349610E+01   5.8724194E+01   5.4307864E+01   5.0489490E+01 
 -5.0223661E+00  -4.8957057E+00  -8.1998697E+00  -8.4440321E+00 
  5.6473436E+01   8.4514958E+01   4.0390745E+02   2.3474806E+02 
  2.3463127E+01  -2.6636419E+00  -3.7086432E+00   2.0031068E+01 
  2.9318366E+01   7.1591369E+01   6.1765612E+01   2.3764816E+01 
  2.3164366E+02   2.5581128E+01   5.3371249E+01   4.7120048E+02 
  3.3951484E+03   2.2221940E+03   9.2884334E+02   1.6251694E+03 
 -6.4332009E+00  -8.3845238E+00  -8.3150430E+00  -6.0606060E+00 
  1.1207768E+02   3.2056449E+02   4.0871808E+02   1.8651878E+02 
  2.6717563E+02   1.6884253E+02   7.0691180E+01   5.5933221E+01 
 -4.3757362E+00   2.3369239E+00   8.8278401E+00  -4.0453585E-01 
  1.9256755E+03   2.9591283E+02   7.5503509E+01   3.7222443E+02 
  4.2432148E+02   2.3974896E+02   1.2475813E+02   2.2863665E+02 
  4.0841545E+02   9.3525012E+02   2.0432085E+02   1.3584167E+02 
  8.2406939E+01   1.0244731E+02   4.0927665E+01   7.3171508E+01 
  1.2044835E+01   6.6577070E+00   2.2437409E+01   4.8618585E+01 
  1.7408837E+02   1.1780939E+02   9.0083939E+02   1.3801918E+03 
  1.1383868E+03   4.7072986E+02   2.0733289E+02   1.0789398E+03 
  1.2233359E+00   2.2626789E+01   5.5426454E+01   1.5242490E+01 
  2.9414855E+02   2.8179910E+02   3.6941241E+02   2.1395066E+02 
  2.6679573E+01   7.3755673E+01   8.1638638E+01   5.1255144E+01 
  1.6389563E+02   5.2381781E+01   3.9099349E+01   8.6933060E+01 
  2.5246855E+02   5.2854626E+03   1.6024613E+04   1.0140057E+03 
  1.5640727E+00   1.6892143E+01   2.7444642E+01   8.9018716E+00 
  1.5845877E+01   1.6727054E+01   5.6561438E+01   9.1852881E+01 
  4.7897957E+01   8.5649148E+00   1.8309353E+01   6.4689871E+01 
  5.5417447E+02   5.8377938E+02   8.3957537E+01   8.6983665E+01 
  7.3175461E+01   3.4140700E+01   2.4285359E+01   1.0873363E+02 
  1.1359497E+02   9.2019079E+01   1.0948910E+02   9.6635659E+01 
  1.2461393E+02   2.2155800E+02   4.0740513E+02   1.7939813E+02 
  9.0048560E+02   4.0039098E+02   1.3065329E+02   1.0940299E+02 
  2.5192537E+02   8.6176421E+01   2.9514821E+01   7.5662326E+01 
  9.4153726E+00   5.0560390E+01   5.6018275E+01   9.6211361E+00 
  1.2830114E+02   4.2458576E+01   2.8648384E+02   6.5147607E+02 
  1.3847411E+01   2.8254652E+01   4.9272058E+02   2.4588693E+02 
  3.0799619E+01   8.0143547E+01   4.0129109E+02   1.3087356E+02 
  2.0262864E+02   3.2252147E+02   2.4343092E+02   1.8726657E+02 
  2.7672457E+02   5.5166590E+02   1.4072692E+02   6.2309434E+01 
  3.3290751E+01   1.5675066E+01  -2.6803847E-01   2.6790351E+00 
  2.5730475E+02   5.8354192E+01   9.6567567E+01   5.9158298E+02 
  1.5145664E+02   1.2051586E+02   2.9011235E+02   3.2136039E+02 
  6.5380418E+00   2.1098879E+01   2.1352287E+01   6.3687496E+00 
  6.7611729E+02   1.4343568E+02   4.2610328E+01   2.0171655E+02 
  1.4753177E+02   2.7123173E+03   3.2714551E+03   1.7083971E+02 
  4.2507706E+02   1.3884920E+03   3.4805209E+02   9.1739265E+01 
 -6.0693211E+00  -5.1910631E+00  -3.4308346E+00  -4.0062985E+00 
  2.4500117E+01   1.1821218E+00   2.5717929E+01   8.5671394E+01 
  3.5147357E+03   6.1744855E+03   2.5199755E+03   1.3808413E+03 
  1.3830486E+02   4.8748229E+01   1.5263852E+02   4.5222952E+02 
  1.2666397E-01   3.2309308E+01   4.9843179E+01   5.4840127E+00 
  1.1307428E+02   4.6294291E+01   5.7451621E+01   9.2172448E+01 
  5.6905149E+01   8.8982287E+02   3.3533816E+03   2.5704025E+02 
  9.1465531E+01   2.6684433E+01   5.0946692E+01   9.5100451E+01 
  6.0609470E+01   8.7627372E+01   6.5658409E+01   4.2116631E+01 
  4.1765952E+03   2.5873698E+02   2.4885522E+02   4.4559790E+03 
  1.6757163E+02   6.1148201E+01   2.9798996E+02   7.0235614E+02 
  1.5507212E+02   4.3810905E+01   3.1699066E+01   1.1909150E+02 
  1.2295796E+02   1.2702478E+03   4.2277742E+03   5.8945144E+02 
  2.2031149E+02   2.2312094E+02   4.9791413E+01   2.1615322E+02 
  7.2170486E+02   3.1594513E+02   6.9411577E+01   1.6492711E+02 
  3.2437919E+01   2.6833522E+01   3.3194840E+01   8.5166739E+01 
  7.4849635E+01   4.4300400E+01   1.2794702E+02   7.2670930E+01 
  5.3798028E+01   2.7221452E+01   1.3897072E+01   8.6594565E+01 
  3.3152303E+01   1.2155192E+02   3.3627091E+02   8.4914725E+01 
  3.3162504E+01   7.7252627E+01   7.7804526E+01   7.1754957E+01 
  8.2166259E+00   2.5958435E+00  -8.7010828E-01   1.8050726E+00 
  1.7039479E+03   2.3665056E+02   3.5356617E+01   3.5870965E+02 
  4.1314322E+01   2.2339922E+02   1.4098722E+02   2.6941296E+01 
  3.2852965E+01   5.8170671E+01   6.7659939E+01   1.3139743E+02 
  9.1301354E+01   9.6000319E+01   7.5663680E+01   4.8228788E+01 
  1.6781467E+01   2.8889361E+01   5.0130844E+00   1.2328164E+01 
 -4.2836869E-01   4.6446772E+01   7.6024475E+01   5.9079811E+00 
  1.5227673E+03   3.8380854E+02   1.9615954E+03   6.5818095E+03 
  6.7931994E+01   2.8469378E+02   2.7476937E+02   8.4301561E+01 
  1.8808802E+00   1.0051197E+01   7.1937130E+00   2.4894153E+00 
  1.2388881E+02   3.4228355E+01   1.2840094E+01   4.1744505E+01 
  1.8851672E+02   5.6717147E+01   2.1137662E+02   5.4750274E+02 
  3.0325339E+00   9.0347462E+00  -3.3487889E+00  -4.8413227E+00 
  1.2636270E+02   6.3999740E+02   1.3613370E+02   1.8631770E+01 
  5.3560403E+02   1.8639809E+02   1.6449564E+02   2.1815731E+02 
 -9.3513597E+00  -8.0071209E+00  -7.3692321E+00  -8.7652093E+00 
 -6.0938545E+00  -4.7210832E+00  -5.4934703E+00  -7.0599774E+00 
 -8.2816532E+00  -5.7137331E+00  -2.3487982E+00  -6.2103275E+00 
  5.0702394E+03   3.5933271E+03   4.7943255E+02   7.3389760E+02 
  6.7449068E+00   3.5885515E+00   4.4372042E+00   1.3459688E+01 
  2.5144372E+01   7.4302733E+01   7.9412822E+01   1.8544467E+01 
  3.1748824E+01   1.2280566E+02   5.1688108E+01   1.2358384E+01 
 -6.6778339E+00  -6.1444993E+00  -4.4991367E+00  -5.1965534E+00 
  2.4805025E+02   1.0980399E+02   2.3465729E+01   4.3427567E+01 
  3.4404477E+01   1.0568207E+02   4.4477772E+02   1.8911188E+02 
 -7.0030094E+00  -8.3737910E+00  -8.4469870E+00  -7.1332292E+00 
  3.0202545E+01   8.0320055E+00   1.0085959E+01   3.2575579E+01 
  2.1769434E+03   5.0933879E+02   1.1152888E+02   5.9953442E+02 
  1.0153532E+02   2.0000365E+02   1.3153219E+03   3.0659687E+02 
  3.9614721E+02   5.4774577E+02   3.0184968E+02   2.3480460E+02 
  6.2630919E+02   8.8431303E+02   1.1616836E+02   5.3762194E+01 
  1.0634864E+01   1.8002539E+01   7.0638297E+01   4.8766644E+01 
  6.9090389E+01   1.1410101E+02   9.0484870E+02   5.2278099E+02 
  8.5106728E+01   1.7893515E+02   7.6617140E+02   6.7025866E+02 
  1.7508987E+01   2.9278056E+00   7.9814444E-01   6.4004755E+00 
  1.9369302E+03   6.1335577E+02   3.1183093E+02   8.5175635E+02 
  1.2726229E+02   2.1495597E+02   2.9388856E+02   3.2426647E+02 
  2.7445968E+03   2.2108780E+03   2.6528500E+02   1.1247509E+03 
  9.8919774E+00  -2.9015686E+00   5.1811535E-01   1.8307089E+01 
  1.6517698E+02   5.3987883E+01   4.6675486E+02   1.1400394E+03 
  3.4683371E+01   4.0339879E+01   1.4196021E+01   1.2046621E+01 
  1.4984249E+01   3.7133332E+01   6.7503399E+01   2.6622379E+01 
  1.1201531E+02   1.3706763E+02   5.1581591E+01   5.5705932E+01 
  1.2607112E+02   7.8298952E+01   3.6362876E+01   6.8580285E+01 
  3.1942759E+02   3.3545296E+02   3.9700841E+02   3.4754252E+02 
  1.2445143E+03   1.9144555E+02   9.5125225E+01   6.1346472E+02 
  8.2329080E+01   7.5306315E+01   4.9065887E+01   5.8843470E+01 
  2.3086279E+01   3.3128095E+01   3.1687818E+01   8.3179230E+01 
  3.8007185E+00   1.9685609E+01   3.6081376E+01   7.7306480E+00 
  2.0385672E+01   4.2740832E+01   3.2366637E+01   1.9292050E+01 
  3.2813103E+02   3.5456793E+02   2.1144352E+02   1.3064514E+02 
  3.8913088E+01   1.7041118E+01   1.0776023E+00   4.8143589E+00 
  1.2002838E+02   7.7567035E+01   1.1507399E+02   1.0719803E+02 
  1.1132644E+04   3.2371041E+04   2.3123548E+03   4.5745590E+02 
  7.4980863E+01   4.1034646E+01   3.5947382E+01   9.1103304E+01 
  1.1519744E+03   7.9424992E+02   3.1796054E+02   5.9844181E+02 
  1.1255699E+01  -2.6850000E+00   2.1939349E+00   1.7132198E+01 
  1.6579679E+02   7.1663746E+01   1.0095544E+02   2.2095499E+02 
  5.9107646E+01   7.2094191E+01   2.4991618E+02   3.7137747E+02 
  1.3413492E+01   1.2725299E+02   1.5392515E+02   1.8982682E+01 
  2.1312862E+01   1.4380826E+02   1.2383810E+02   1.1047623E+01 
  2.6659068E+02   1.5020023E+03   3.2768890E+03   5.4784290E+02 
  4.0963684E+02   9.5782254E+01   3.3880811E+01   1.6322937E+02 
  2.9951655E+01   3.8653655E+01   1.8762998E+02   2.3258057E+02 
 -8.8979649E+00  -9.3623805E+00  -6.8245647E+00  -7.5547727E+00 
  5.9766835E+02   2.0738892E+02   9.8917603E+01   1.9404859E+02 
  7.7204786E+03   1.0059243E+03   4.3716219E+02   2.0035390E+03 
  3.2310075E+01   5.3747821E+01   1.9372787E+00   1.2532641E+00 
  9.6120875E+01   1.0594851E+03   8.1158717E+02   6.1846831E+01 
  1.2789303E+00   4.9459490E+00   4.0761240E+00   8.4696845E+00 
  3.8096708E+00  -5.9487951E+00  -8.1994977E+00  -4.4591597E+00 
  7.2326821E+01   4.8222248E+01   2.3979453E+02   4.5200331E+02 
 -1.9135897E+00   8.0240765E+00  -5.4382842E+00  -7.9147092E+00 
  8.5040183E+00   6.5916823E+00   6.2026762E+00   5.0543546E+00 
  1.1212994E+03   1.0121988E+02   3.7776266E+02   5.1741347E+03 
  2.6095804E+02   1.4458696E+02   2.2926154E+02   6.0761099E+02 
  3.8265130E+02   5.9150062E+02   2.7430217E+03   2.8222705E+03 
  2.8657856E+01   6.8548564E+00   6.7048413E+00   2.0939991E+01 
  2.9932050E+02   2.1282854E+02   9.1244626E+01   1.2117360E+02 
  9.3651316E+03   1.1454187E+03   5.2586122E+01   3.9593332E+02 
  4.8898457E+02   2.6077164E+03   3.1253117E+02   5.6794086E+01 
  2.3372235E+03   5.3242387E+02   1.5391406E+02   9.0556584E+02 
  1.0476799E+03   4.0430895E+02   2.7433683E+02   7.4430198E+02 
  1.1606219E+00  -5.2613726E+00  -3.0110031E+00   4.1529215E+00 
  2.3764826E+01   2.4169420E+01   2.7159634E+01   3.6413275E+01 
 -5.5548037E+00  -6.6889329E+00  -8.5341609E+00  -7.7040260E+00 
  6.6294744E+00   1.2503010E+00  -1.5150757E+00  -2.6487192E+00 
  1.2686675E+01  -3.2009576E+00   3.1940004E+00   3.1238099E+01 
  2.3838815E+02   1.2017055E+03   1.4722398E+03   9.2007371E+02 
  1.6880350E+03   2.3446600E+02   2.7815697E+02   1.9154848E+03 
  2.2933368E+02   1.7332527E+02   3.0540967E+02   2.1426321E+02 
  6.0355087E+02   1.3228390E+03   6.9068747E+02   5.8506127E+02 
  5.7648973E+01   1.0423117E+02   4.3529036E+01   3.4773661E+01 
 -7.5380192E+00  -9.2656038E+00  -7.7571900E+00  -6.0856507E+00 
  9.2840143E+01   9.1520504E+01   1.1272239E+02   1.1446549E+02 
 -1.1582754E+00  -3.8817576E+00   9.5864677E-01   3.0215922E+00 
  1.0293745E+02   5.9118110E+01   3.7417814E+01   6.7662228E+01 
  2.7266304E+01   1.6067211E+01   1.2577218E+02   1.7187649E+02 
 -3.7322536E+00  -6.4150552E+00   9.2371779E+00   1.9456821E+01 
  9.1291195E+01   9.4279051E+01   1.5463343E+02   1.3491865E+02 
  5.7033869E+01   2.9050655E+01   2.0102806E+02   4.7556120E+02 
  1.1386904E+02   2.2220777E+02   4.2430729E+02   1.6647291E+02 
  2.9202913E+02   3.3544027E+01   7.5653050E+01   4.1559924E+02 
  1.1658254E+02   1.5921362E+02   9.3911112E+01   6.9702167E+01 
  2.4652714E+02   1.0483648E+02   1.0893999E+02   3.4282500E+02 
  3.5738531E+02   1.3508133E+02   4.5131659E+02   1.0477020E+03 
  2.3034665E+03   7.3333241E+02   3.7008462E+02   1.3183468E+03 
  3.0511847E+02   4.8059666E+01   2.6655199E+02   1.4323059E+03 
  7.8696202E+01   4.7144512E+01   4.9452683E+01   9.6066152E+01 
 -9.5256251E-01  -2.5026586E+00  -4.5501064E+00  -3.6193352E+00 
  1.2000316E+03   2.4253379E+03   1.6285365E+02   7.1689425E+01 
  5.3475071E+02   1.4365034E+02   1.3998546E+01   7.8870900E+01 
  3.4571956E+02   1.7005094E+02   6.6561782E+01   1.9786955E+02 
  2.1455500E+01   9.3747426E+01   3.2560738E+01   4.7245185E+00 
 -5.7584498E+00  -8.1015331E+00  -8.3166968E+00  -5.7043063E+00 
  8.4653035E+01   1.9736857E+02   5.2032937E+01   2.7593502E+01 
  3.0728862E+02   2.2775964E+02   8.9805545E+01   4.4684711E+02 
 -5.0196635E+00  -5.6969341E+00  -3.0877520E+00  -6.9773080E-01 
  2.1258286E+03   1.6590570E+03   1.8078262E+02   3.4072463E+02 
 -4.2218616E+00  -5.4483065E+00  -6.5083886E+00  -6.1996559E+00 
  8.4500041E+01   6.8950986E+01   2.2356788E+01   2.6781056E+01 
  2.0088785E+01   7.5432929E+00  -2.2933927E+00   1.6063980E+00 
  7.9072950E+01   5.9125507E+01   4.0685217E+02   2.4554575E+02 
  1.4392898E+01  -5.4698333E+00  -4.7882508E+00   2.0531521E+01 
  3.1604339E+02   8.0400737E+02   8.2868207E+01   2.1290183E+01 
  4.6662442E+02   4.0990673E+02   6.3777309E+02   4.5359322E+02 
  1.4979856E+01   7.6221817E+01   6.7119825E+01   1.2100179E+01 
  2.2107453E+01   1.0908829E+01  -5.4018997E+00  -3.4531023E+00 
  2.3653153E+03   1.8645977E+03   3.8823342E+02   5.6532651E+02 
  1.0146849E+02   3.2973191E+02   1.6826803E+02   1.8814321E+02 
  2.1992625E+01   5.3918568E+00   9.5447259E+01   1.8284776E+02 
  2.4261163E+01   4.1157607E+01   1.6953851E+01   1.2702773E+01 
  2.5750483E+02   1.2293801E+02   2.7702729E+01   4.1476996E+01 
  1.4482613E+02   1.8186652E+02   6.1935904E+02   5.5154386E+02 
  2.1645703E+01   1.0844121E+00   2.4031693E+01   6.3993889E+01 
  4.3275322E+01   3.2555458E+01   4.3958017E+01   5.8493757E+01 
  6.4808047E+02   1.9998752E+02   1.4069969E+03   1.4441573E+03 
  8.1615906E+01   7.2232538E+00   5.3790951E-01   4.1470426E+01 
  6.0849220E+00   7.7673401E+00   7.5957868E+00   5.9151639E+00 
  3.5337837E+02   3.4852155E+02   4.2796601E+01   4.1841277E+01 
  8.1462743E+02   6.8032368E+02   2.6454030E+02   3.5878587E+02 
  6.1751750E+01   6.5981243E+01   5.2460622E+01   6.9356016E+01 
  1.2165296E+02   2.8404466E+01   1.0198625E+02   3.5351633E+02 
  6.6148903E+02   5.9115086E+02   5.0385624E+01   7.2137422E+01 
  8.4690854E+01   6.8688551E+01   2.2794761E+01   1.7374719E+01 
  1.3280616E+01   5.5806332E+00   3.9192627E+01   9.9365309E+01 
  7.1067072E+02   8.5171934E+02   2.1811254E+02   4.5596360E+02 
  5.2150345E+01   8.4058984E+01   6.9264461E+01   5.0959146E+01 
 -2.5332950E+00  -3.4905249E+00   1.3282817E+01   1.5233833E+01 
  6.1526260E+02   5.0217412E+02   7.2688513E+01   1.2041661E+02 
  8.3090332E+02   3.0225203E+02   3.3788147E+02   1.2382691E+03 
 -2.8992057E-01   9.4815390E+00   4.1096058E+00  -2.8577161E+00 
  1.2764723E+01   4.3814098E+01   1.1504386E+01   4.8319049E+00 
  1.5048745E+02   4.7157781E+01   3.9545869E+01   1.6712496E+02 
  1.6665187E+02   2.0125270E+02   2.8598515E+02   1.6420223E+02 
  2.1907026E+02   2.7009297E+01   1.3908793E+01   1.4576844E+02 
  4.5149720E+02   2.1055384E+03   7.0646859E+02   2.4311803E+02 
 -7.8236634E+00  -7.4340036E+00  -6.6334141E+00  -8.1681965E+00 
  7.1673879E+00   3.0194384E-01  -6.3221616E+00  -1.3097744E+00 
  2.0868762E+00   2.1888378E+01   1.8394397E+01   3.8939779E+00 
  5.1124119E+01   9.8524103E+01   4.2750997E+02   2.6230258E+02 
  4.1486416E+00   9.7460469E+00   1.6792627E+01   7.1798106E+00 
  8.9020785E+00   1.0916479E+01   6.8655975E+00   3.5608573E+00 
  1.7291927E+02   2.2420025E+01   3.6132728E+01   2.8477823E+02 
 -5.5906517E+00  -5.9505725E-01   2.3339789E+01   1.0282367E+01 
  5.5348133E+01   5.3006101E+01   6.7379577E+01   8.1855002E+01 
 -9.8742309E+00  -9.8853993E+00  -9.6905834E+00  -9.8342935E+00 
  7.8727873E+01   1.8880535E+01   7.9681299E+01   2.2386575E+02 
  1.0088406E+02   3.8068450E+01   2.5893187E+00   2.2412576E+01 
  5.3959863E+01   2.0977438E+01   3.6210489E+01   4.7473784E+01 
  9.0464028E+02   4.6752358E+02   4.3519188E+01   8.6654580E+01 
  3.6005205E+01   1.4935632E+02   1.5791208E+02   4.1438237E+01 
  2.6053795E+01   3.2126815E+00   4.2684861E+00   2.7525730E+01 
  4.0384542E+01   5.5191694E+01   1.4615982E+02   5.8880480E+01 
  6.1654984E+02   6.1813492E+02   1.3155387E+02   3.5325630E+01 
  3.4209909E+01   1.2165303E+01   6.8018180E+00   1.8587252E+01 
  2.4750506E+03   3.3894476E+02   1.2025699E+02   6.0687361E+02 
  5.5062790E+02   1.6119065E+02   9.2009581E+01   2.3098622E+02 
  6.4778864E+00   3.5995015E-01   1.7686925E+01   2.7220034E+01 
  4.2667718E+01   4.1397601E+01   4.0351858E+01   4.1319897E+01 
  4.1662176E+01   6.0826814E-01   3.9887963E+00   4.4217051E+01 
  4.7547213E+02   9.3088218E+01   1.4931483E+01   1.0985206E+02 
  4.2952442E+03   1.1231786E+03   4.7406278E+02   1.2526604E+03 
 -3.9267747E+00   6.9231863E+00   2.1373941E+00  -6.6468768E+00 
 -7.5131156E+00  -8.7474899E+00  -7.9534196E+00  -6.6606171E+00 
 -6.7403261E+00  -3.8140546E+00  -5.4402157E+00  -4.9271442E+00 
 -5.5827443E+00  -6.7231311E+00  -7.0639746E+00  -5.4722859E+00 
  5.5142947E+00  -5.4928864E-01   1.6655046E+01   3.1929290E+01 
  1.2142818E+02   1.2616348E+02   1.1471594E+02   2.6481455E+02 
  7.5570112E+01   8.9095944E+02   2.0941840E+03   2.1632349E+02 
  7.6373768E+02   5.4238142E+03   1.7157695E+03   2.0945794E+02 
  1.9998788E+02   1.2994835E+02   1.2376396E+02   1.8585580E+02 
  1.4311230E+01   2.0276726E+01   4.5887160E+01   3.9112800E+01 
  3.7674513E+01   1.0902149E+01   2.8434553E+01   9.7606800E+01 
  3.1574827E+02   9.9814283E+02   6.1839653E+02   2.5784465E+02 
  3.8193689E+02   5.5604432E+02   3.1693424E+03   2.6515907E+03 
  1.9257676E+02   1.6287152E+02   5.5156317E+01   4.9873277E+01 
  1.9508092E+02   3.8219016E+02   1.1993724E+02   5.1344183E+01 
  1.3726649E+02   1.1712939E+01   9.0341208E+00   1.3013482E+02 
  8.4028788E+00   1.8650407E+01   2.7971306E+01   1.0763338E+01 
  1.7259580E+01   5.2500300E+01   1.6048775E+02   5.9223819E+01 
  3.7494567E+01   6.6023081E+01   3.1880721E+02   1.9028611E+02 
  8.4521993E+01   4.4483874E+02   2.7721591E+03   4.0547675E+02 
 -5.0840884E+00  -3.9454320E+00   3.5147995E+00   9.6067755E-01 
  4.2450602E+02   3.4843798E+02   4.5181214E+02   5.1955280E+02 
  9.3022277E+01   2.9873379E+02   8.7728120E+02   2.2264548E+02 
  3.9581762E+02   3.7711307E+02   5.7116599E+03   5.6499931E+03 
  1.7488395E+02   4.2551359E+01   1.0020915E+02   5.2448508E+02 
  7.6361647E+00   7.1813998E+01   9.1167235E+01   1.1996881E+01 
  2.5175783E+02   1.7322655E+02   1.7386847E+02   3.3377495E+02 
  4.5814097E+02   2.0438806E+02   1.4768220E+03   1.1921691E+03 
  3.3328714E+01   8.1050900E+00  -4.2410801E+00   3.3317942E+00 
  4.6084339E+00   3.1795781E+01   1.7717702E+02   4.3163698E+01 
  5.1721599E+01   4.2341693E+01   4.7184195E+01   5.8319772E+01 
  8.0088488E+01   1.0938709E+01   9.3329549E+01   4.0329335E+02 
  4.2305095E+02   2.8707720E+02   7.8489523E+01   1.3328463E+02 
  2.2660391E+01   3.4814910E+01   2.5136201E+03   5.3388567E+02 
  2.0114876E+02   6.3207881E+02   7.4660857E+03   2.6272283E+03 
  2.0248281E+02   2.9132858E+01   8.9926751E+00   8.0508967E+01 
  3.1990496E+02   1.0966953E+02   4.3008178E+01   9.3981667E+01 
  2.1809984E+02   4.2893693E+01   7.6406750E+01   3.6071730E+02 
  2.5746878E+02   3.2210725E+02   1.1148927E+02   8.8136927E+01 
  2.5111719E+02   2.4030900E+02   2.6829956E+02   2.7989662E+02 
 -1.7996069E+00  -7.5711376E+00  -8.7077019E+00  -6.3153045E+00 
 -8.0138866E+00  -8.2571467E+00  -8.4572342E+00  -7.1818897E+00 
  4.3723847E+01   4.0526546E+01   8.3710539E+01   2.5806249E+01 
 -9.0773375E+00  -9.3106416E+00  -8.4254225E+00  -8.4313573E+00 
 -2.7176915E-01   1.1073196E+01   6.9550082E+01   2.0043267E+01 
  1.3550288E+02   1.5376420E+02   7.3684008E+01   1.3226039E+02 
  1.8109051E+02   2.2377446E+02   1.6509869E+02   7.7555897E+01 
  2.2895734E+02   7.7379479E+02   1.0631528E+02   2.1739302E+01 
  6.2080821E+01   5.8585702E+01   7.2234832E+01   7.8197001E+01 
  5.0935901E+01   6.2988249E+01   5.1572440E+01   4.2596199E+01 
  7.4083349E+02   2.3087378E+03   9.6823448E+02   2.0046903E+02 
  4.0654085E+02   5.1397755E+02   1.1976400E+02   9.7636781E+01 
  1.6627651E+01   7.6326701E+01   4.8242585E+01   1.1434345E+01 
 -7.3966932E+00  -1.0797457E+00   1.0855107E+01  -2.9922383E+00 
  1.1523601E+03   5.7313480E+02   1.4917208E+02   3.2590273E+02 
  1.9449678E+02   1.2597812E+02   1.4250714E+01   3.2463269E+01 
