  2.2277790E+00   2.2046280E+00   2.2277790E+00   2.2046280E+00 
  2.4498889E+00   2.4258942E+00   2.4498889E+00   2.4258942E+00 
  6.3437388E+00   6.3206344E+00   6.3437388E+00   6.3206344E+00 
  2.7681149E+00   2.7459197E+00   2.7681149E+00   2.7459197E+00 
  5.7635046E+00   5.7397888E+00   5.7635046E+00   5.7397888E+00 
  4.3730855E+00   4.3503149E+00   4.3730855E+00   4.3503149E+00 
  5.4140409E+00   5.3926953E+00   5.4140409E+00   5.3926953E+00 
  3.4429793E+00   3.4226582E+00   3.4429793E+00   3.4226582E+00 
  3.7368804E+00   3.7132860E+00   3.7368804E+00   3.7132860E+00 
  3.3042356E+00   3.2804834E+00   3.3042356E+00   3.2804834E+00 
  4.5043017E+00   4.4806642E+00   4.5043017E+00   4.4806642E+00 
  5.0052395E+00   4.9815120E+00   5.0052395E+00   4.9815120E+00 
  1.9048468E+00   1.8811632E+00   1.9048468E+00   1.8811632E+00 
  4.3449543E+00   4.3275485E+00   4.3449543E+00   4.3275485E+00 
  5.5579077E+00   5.5408123E+00   5.5579077E+00   5.5408123E+00 
  4.4863386E+00   4.4624861E+00   4.4863386E+00   4.4624861E+00 
  2.7341402E+00   2.7115775E+00   2.7341402E+00   2.7115775E+00 
  3.9024334E+00   3.8814045E+00   3.9024334E+00   3.8814045E+00 
  3.6587788E+00   3.6362969E+00   3.6587788E+00   3.6362969E+00 
  5.6729904E+00   5.6492255E+00   5.6729904E+00   5.6492255E+00 
  6.0361193E+00   6.0121465E+00   6.0361193E+00   6.0121465E+00 
  6.2252837E+00   6.2164212E+00   6.2252837E+00   6.2164212E+00 
  6.7547562E+00   6.7350878E+00   6.7547562E+00   6.7350878E+00 
  6.9701219E+00   6.9464918E+00   6.9701219E+00   6.9464918E+00 
  1.0401830E+01   1.0390398E+01   1.0401830E+01   1.0390398E+01 
  7.3132782E+00   7.2903471E+00   7.3132782E+00   7.2903471E+00 
  8.0561585E+00   8.0371642E+00   8.0561585E+00   8.0371642E+00 
  8.3255792E+00   8.3082307E+00   8.3255792E+00   8.3082307E+00 
  8.9157652E+00   8.8942776E+00   8.9157652E+00   8.8942776E+00 
  4.7922186E+00   4.7743518E+00   4.7922186E+00   4.7743518E+00 
  5.7125651E+00   5.7001958E+00   5.7125651E+00   5.7001958E+00 
  3.0603833E+00   3.0402179E+00   3.0603833E+00   3.0402179E+00 
  5.2193796E+00   5.2007093E+00   5.2193796E+00   5.2007093E+00 
  5.2820862E+00   5.2583750E+00   5.2820862E+00   5.2583750E+00 
  4.2593588E+00   4.2362105E+00   4.2593588E+00   4.2362105E+00 
  5.2770868E+00   5.2534077E+00   5.2770868E+00   5.2534077E+00 
  4.1348902E+00   4.1159999E+00   4.1348902E+00   4.1159999E+00 
  4.4076269E+00   4.3837121E+00   4.4076269E+00   4.3837121E+00 
  4.7778392E+00   4.7581881E+00   4.7778392E+00   4.7581881E+00 
  7.2323679E+00   7.2106384E+00   7.2323679E+00   7.2106384E+00 
  5.1370829E+00   5.1131187E+00   5.1370829E+00   5.1131187E+00 
  5.9139168E+00   5.9027337E+00   5.9139168E+00   5.9027337E+00 
  2.5056962E+00   2.4818999E+00   2.5056962E+00   2.4818999E+00 
  3.5003595E+00   3.4799381E+00   3.5003595E+00   3.4799381E+00 
  3.2737375E+00   3.2506141E+00   3.2737375E+00   3.2506141E+00 
  3.0994139E+00   3.0787591E+00   3.0994139E+00   3.0787591E+00 
  5.6169694E+00   5.5953080E+00   5.6169694E+00   5.5953080E+00 
  5.9417347E+00   5.9224533E+00   5.9417347E+00   5.9224533E+00 
  6.0019130E+00   5.9877472E+00   6.0019130E+00   5.9877472E+00 
  4.2636116E+00   4.2402162E+00   4.2636116E+00   4.2402162E+00 
  6.6063463E+00   6.5833049E+00   6.6063463E+00   6.5833049E+00 
  5.2095160E+00   5.1972141E+00   5.2095160E+00   5.1972141E+00 
  5.1994165E+00   5.1762449E+00   5.1994165E+00   5.1762449E+00 
  6.4992791E+00   6.4920259E+00   6.4992791E+00   6.4920259E+00 
  7.6045760E+00   7.5920289E+00   7.6045760E+00   7.5920289E+00 
  7.2624282E+00   7.2390774E+00   7.2624282E+00   7.2390774E+00 
  4.8248398E+00   4.8037463E+00   4.8248398E+00   4.8037463E+00 
  6.6334914E+00   6.6124208E+00   6.6334914E+00   6.6124208E+00 
  4.5706223E+00   4.5470653E+00   4.5706223E+00   4.5470653E+00 
  6.2314384E+00   6.2074853E+00   6.2314384E+00   6.2074853E+00 
  9.1606844E+00   9.1368939E+00   9.1606844E+00   9.1368939E+00 
  5.0871975E+00   5.0641127E+00   5.0871975E+00   5.0641127E+00 
  5.9707247E+00   5.9469403E+00   5.9707247E+00   5.9469403E+00 
  3.5134805E+00   3.4899906E+00   3.5134805E+00   3.4899906E+00 
  4.7729700E+00   4.7490012E+00   4.7729700E+00   4.7490012E+00 
  7.0603460E+00   7.0497292E+00   7.0603460E+00   7.0497292E+00 
  5.2632897E+00   5.2412326E+00   5.2632897E+00   5.2412326E+00 
  2.9139215E+00   2.8899713E+00   2.9139215E+00   2.8899713E+00 
  4.9190173E+00   4.9132869E+00   4.9190173E+00   4.9132869E+00 
  4.7566544E+00   4.7379159E+00   4.7566544E+00   4.7379159E+00 
  4.8911756E+00   4.8680238E+00   4.8911756E+00   4.8680238E+00 
  5.9602781E+00   5.9365391E+00   5.9602781E+00   5.9365391E+00 
  5.4687930E+00   5.4510559E+00   5.4687930E+00   5.4510559E+00 
  8.4442308E+00   8.4205355E+00   8.4442308E+00   8.4205355E+00 
  7.2704089E+00   7.2567958E+00   7.2704089E+00   7.2567958E+00 
  5.0840596E+00   5.0623567E+00   5.0840596E+00   5.0623567E+00 
  6.2768798E+00   6.2546872E+00   6.2768798E+00   6.2546872E+00 
  5.9905473E+00   5.9681048E+00   5.9905473E+00   5.9681048E+00 
  5.5472656E+00   5.5243042E+00   5.5472656E+00   5.5243042E+00 
  2.3113020E+00   2.2881500E+00   2.3113020E+00   2.2881500E+00 
  5.0622167E+00   5.0382172E+00   5.0622167E+00   5.0382172E+00 
  5.2828167E+00   5.2604537E+00   5.2828167E+00   5.2604537E+00 
  6.0058806E+00   5.9823757E+00   6.0058806E+00   5.9823757E+00 
  6.8104949E+00   6.7896407E+00   6.8104949E+00   6.7896407E+00 
  5.1173274E+00   5.0944137E+00   5.1173274E+00   5.0944137E+00 
  5.9433044E+00   5.9262963E+00   5.9433044E+00   5.9262963E+00 
  5.6912627E+00   5.6674144E+00   5.6912627E+00   5.6674144E+00 
  4.5697461E+00   4.5519724E+00   4.5697461E+00   4.5519724E+00 
  6.5407997E+00   6.5174624E+00   6.5407997E+00   6.5174624E+00 
  4.5083056E+00   4.4856752E+00   4.5083056E+00   4.4856752E+00 
  6.7013764E+00   6.6883203E+00   6.7013764E+00   6.6883203E+00 
  5.0694199E+00   5.0492300E+00   5.0694199E+00   5.0492300E+00 
  7.2992693E+00   7.2890930E+00   7.2992693E+00   7.2890930E+00 
  5.4960776E+00   5.4746411E+00   5.4960776E+00   5.4746411E+00 
  6.1093516E+00   6.0875921E+00   6.1093516E+00   6.0875921E+00 
  8.5099650E+00   8.4915504E+00   8.5099650E+00   8.4915504E+00 
  6.0547146E+00   6.0308599E+00   6.0547146E+00   6.0308599E+00 
  3.7017119E+00   3.6789467E+00   3.7017119E+00   3.6789467E+00 
  4.8521996E+00   4.8282642E+00   4.8521996E+00   4.8282642E+00 
  6.4504150E+00   6.4270045E+00   6.4504150E+00   6.4270045E+00 
  5.0598969E+00   5.0372183E+00   5.0598969E+00   5.0372183E+00 
  8.1850134E+00   8.1624364E+00   8.1850134E+00   8.1624364E+00 
  9.1127829E+00   9.0974014E+00   9.1127829E+00   9.0974014E+00 
  8.0461040E+00   8.0221128E+00   8.0461040E+00   8.0221128E+00 
  4.4055278E+00   4.3815613E+00   4.4055278E+00   4.3815613E+00 
  4.6860136E+00   4.6676142E+00   4.6860136E+00   4.6676142E+00 
  2.8521602E+00   2.8282131E+00   2.8521602E+00   2.8282131E+00 
  7.2345914E+00   7.2261349E+00   7.2345914E+00   7.2261349E+00 
  8.7212299E+00   8.7053668E+00   8.7212299E+00   8.7053668E+00 
  7.9352851E+00   7.9161243E+00   7.9352851E+00   7.9161243E+00 
  8.3638199E+00   8.3524212E+00   8.3638199E+00   8.3524212E+00 
  4.7100072E+00   4.6896790E+00   4.7100072E+00   4.6896790E+00 
  8.1683267E+00   8.1466015E+00   8.1683267E+00   8.1466015E+00 
  7.7270988E+00   7.7042083E+00   7.7270988E+00   7.7042083E+00 
  5.5077149E+00   5.4887198E+00   5.5077149E+00   5.4887198E+00 
  3.9078237E+00   3.8907405E+00   3.9078237E+00   3.8907405E+00 
  7.1964108E+00   7.1769521E+00   7.1964108E+00   7.1769521E+00 
  7.5770142E+00   7.5531233E+00   7.5770142E+00   7.5531233E+00 
  5.2936078E+00   5.2701006E+00   5.2936078E+00   5.2701006E+00 
  7.6727923E+00   7.6491028E+00   7.6727923E+00   7.6491028E+00 
  5.4933878E+00   5.4704358E+00   5.4933878E+00   5.4704358E+00 
  5.2756167E+00   5.2516774E+00   5.2756167E+00   5.2516774E+00 
  7.5841137E+00   7.5759749E+00   7.5841137E+00   7.5759749E+00 
  9.6927367E+00   9.6690907E+00   9.6927367E+00   9.6690907E+00 
  3.4412922E+00   3.4173233E+00   3.4412922E+00   3.4173233E+00 
  6.2445937E+00   6.2215825E+00   6.2445937E+00   6.2215825E+00 
  8.6597178E+00   8.6360097E+00   8.6597178E+00   8.6360097E+00 
  4.3425735E+00   4.3221861E+00   4.3425735E+00   4.3221861E+00 
  5.9232166E+00   5.9031515E+00   5.9232166E+00   5.9031515E+00 
  5.8589799E+00   5.8351683E+00   5.8589799E+00   5.8351683E+00 
  7.9065893E+00   7.8845008E+00   7.9065893E+00   7.8845008E+00 
  5.4209924E+00   5.3998012E+00   5.4209924E+00   5.3998012E+00 
  6.0677337E+00   6.0459832E+00   6.0677337E+00   6.0459832E+00 
  4.1506499E+00   4.1298747E+00   4.1506499E+00   4.1298747E+00 
  3.8711993E+00   3.8477772E+00   3.8711993E+00   3.8477772E+00 
  8.7063789E+00   8.6953153E+00   8.7063789E+00   8.6953153E+00 
  6.6725498E+00   6.6487176E+00   6.6725498E+00   6.6487176E+00 
  3.8559061E+00   3.8377725E+00   3.8559061E+00   3.8377725E+00 
  4.6106275E+00   4.5911055E+00   4.6106275E+00   4.5911055E+00 
  3.7930559E+00   3.7697104E+00   3.7930559E+00   3.7697104E+00 
  3.6071709E+00   3.5833204E+00   3.6071709E+00   3.5833204E+00 
  1.9862386E+00   1.9623493E+00   1.9862386E+00   1.9623493E+00 
  2.4121976E+00   2.3882248E+00   2.4121976E+00   2.3882248E+00 
  4.0100338E+00   3.9863924E+00   4.0100338E+00   3.9863924E+00 
  5.8560034E+00   5.8376711E+00   5.8560034E+00   5.8376711E+00 
  3.9688072E+00   3.9453929E+00   3.9688072E+00   3.9453929E+00 
  5.0031977E+00   4.9793270E+00   5.0031977E+00   4.9793270E+00 
  5.5390004E+00   5.5150785E+00   5.5390004E+00   5.5150785E+00 
  6.8268822E+00   6.8074589E+00   6.8268822E+00   6.8074589E+00 
  6.2087361E+00   6.1903579E+00   6.2087361E+00   6.1903579E+00 
  4.7480898E+00   4.7276751E+00   4.7480898E+00   4.7276751E+00 
  6.7151896E+00   6.6912584E+00   6.7151896E+00   6.6912584E+00 
  7.5101801E+00   7.4862262E+00   7.5101801E+00   7.4862262E+00 
  4.5872868E+00   4.5719541E+00   4.5872868E+00   4.5719541E+00 
  6.0699277E+00   6.0475397E+00   6.0699277E+00   6.0475397E+00 
  4.5411767E+00   4.5176626E+00   4.5411767E+00   4.5176626E+00 
  5.4846296E+00   5.4655125E+00   5.4846296E+00   5.4655125E+00 
  3.0180463E+00   2.9955651E+00   3.0180463E+00   2.9955651E+00 
  6.7095732E+00   6.6888620E+00   6.7095732E+00   6.6888620E+00 
  4.2420318E+00   4.2204883E+00   4.2420318E+00   4.2204883E+00 
  4.6283747E+00   4.6043773E+00   4.6283747E+00   4.6043773E+00 
  9.2224963E+00   9.2045481E+00   9.2224963E+00   9.2045481E+00 
  6.5252737E+00   6.5137018E+00   6.5252737E+00   6.5137018E+00 
  9.0746829E+00   9.0636852E+00   9.0746829E+00   9.0636852E+00 
  3.5293230E+00   3.5059687E+00   3.5293230E+00   3.5059687E+00 
  6.6434795E+00   6.6247861E+00   6.6434795E+00   6.6247861E+00 
  5.0362962E+00   5.0240383E+00   5.0362962E+00   5.0240383E+00 
  5.1185467E+00   5.0958996E+00   5.1185467E+00   5.0958996E+00 
  7.6151725E+00   7.5913328E+00   7.6151725E+00   7.5913328E+00 
  6.8977806E+00   6.8798248E+00   6.8977806E+00   6.8798248E+00 
  5.2997107E+00   5.2757425E+00   5.2997107E+00   5.2757425E+00 
  5.1766539E+00   5.1564576E+00   5.1766539E+00   5.1564576E+00 
  6.1211854E+00   6.0974690E+00   6.1211854E+00   6.0974690E+00 
  6.1267652E+00   6.1027659E+00   6.1267652E+00   6.1027659E+00 
  5.5355726E+00   5.5116210E+00   5.5355726E+00   5.5116210E+00 
  6.4367983E+00   6.4129902E+00   6.4367983E+00   6.4129902E+00 
  5.9052179E+00   5.8812870E+00   5.9052179E+00   5.8812870E+00 
  6.6294892E+00   6.6117678E+00   6.6294892E+00   6.6117678E+00 
  5.0047249E+00   4.9913424E+00   5.0047249E+00   4.9913424E+00 
  3.1945816E+00   3.1723992E+00   3.1945816E+00   3.1723992E+00 
  5.4594597E+00   5.4360832E+00   5.4594597E+00   5.4360832E+00 
  4.6703480E+00   4.6525360E+00   4.6703480E+00   4.6525360E+00 
  5.0192398E+00   4.9968716E+00   5.0192398E+00   4.9968716E+00 
  3.9850270E+00   3.9715806E+00   3.9850270E+00   3.9715806E+00 
  3.3780234E+00   3.3556117E+00   3.3780234E+00   3.3556117E+00 
  4.0787245E+00   4.0547420E+00   4.0787245E+00   4.0547420E+00 
  3.9209349E+00   3.9030944E+00   3.9209349E+00   3.9030944E+00 
  2.9826342E+00   2.9618848E+00   2.9826342E+00   2.9618848E+00 
  5.3312593E+00   5.3146245E+00   5.3312593E+00   5.3146245E+00 
  3.3097293E+00   3.2862145E+00   3.3097293E+00   3.2862145E+00 
  5.9439248E+00   5.9216891E+00   5.9439248E+00   5.9216891E+00 
  4.3724614E+00   4.3497518E+00   4.3724614E+00   4.3497518E+00 
  3.0821486E+00   3.0589347E+00   3.0821486E+00   3.0589347E+00 
  2.6798066E+00   2.6562752E+00   2.6798066E+00   2.6562752E+00 
  8.1737594E+00   8.1555640E+00   8.1737594E+00   8.1555640E+00 
  6.3144252E+00   6.2946570E+00   6.3144252E+00   6.2946570E+00 
  4.2853329E+00   4.2710887E+00   4.2853329E+00   4.2710887E+00 
  4.4453938E+00   4.4261516E+00   4.4453938E+00   4.4261516E+00 
  5.3073303E+00   5.2886012E+00   5.3073303E+00   5.2886012E+00 
  4.4230097E+00   4.3991220E+00   4.4230097E+00   4.3991220E+00 
  5.4268254E+00   5.4030839E+00   5.4268254E+00   5.4030839E+00 
  3.3432990E+00   3.3230650E+00   3.3432990E+00   3.3230650E+00 
  3.2475325E+00   3.2241755E+00   3.2475325E+00   3.2241755E+00 
  2.6340719E+00   2.6126891E+00   2.6340719E+00   2.6126891E+00 
  5.9029497E+00   5.8797341E+00   5.9029497E+00   5.8797341E+00 
  5.0186091E+00   4.9950391E+00   5.0186091E+00   4.9950391E+00 
  8.8145802E+00   8.8070716E+00   8.8145802E+00   8.8070716E+00 
  6.0605139E+00   6.0450195E+00   6.0605139E+00   6.0450195E+00 
  4.2243334E+00   4.2017441E+00   4.2243334E+00   4.2017441E+00 
  3.4930599E+00   3.4720375E+00   3.4930599E+00   3.4720375E+00 
  5.0149223E+00   4.9918100E+00   5.0149223E+00   4.9918100E+00 
  5.4003518E+00   5.3765909E+00   5.4003518E+00   5.3765909E+00 
  3.5251565E+00   3.5039743E+00   3.5251565E+00   3.5039743E+00 
  4.5026883E+00   4.4798037E+00   4.5026883E+00   4.4798037E+00 
  4.9969279E+00   4.9744693E+00   4.9969279E+00   4.9744693E+00 
  3.5886798E+00   3.5653035E+00   3.5886798E+00   3.5653035E+00 
  5.4804192E+00   5.4617827E+00   5.4804192E+00   5.4617827E+00 
  3.3906464E+00   3.3718589E+00   3.3906464E+00   3.3718589E+00 
  4.1921423E+00   4.1743501E+00   4.1921423E+00   4.1743501E+00 
  7.1699822E+00   7.1460921E+00   7.1699822E+00   7.1460921E+00 
  5.1226798E+00   5.0991275E+00   5.1226798E+00   5.0991275E+00 
  3.6861092E+00   3.6731817E+00   3.6861092E+00   3.6731817E+00 
  5.3550241E+00   5.3310553E+00   5.3550241E+00   5.3310553E+00 
  7.0116207E+00   6.9985046E+00   7.0116207E+00   6.9985046E+00 
  5.7097513E+00   5.6910889E+00   5.7097513E+00   5.6910889E+00 
  6.1272697E+00   6.1134796E+00   6.1272697E+00   6.1134796E+00 
  6.5657276E+00   6.5418435E+00   6.5657276E+00   6.5418435E+00 
  6.9627698E+00   6.9485137E+00   6.9627698E+00   6.9485137E+00 
  5.3581709E+00   5.3442245E+00   5.3581709E+00   5.3442245E+00 
  5.3191818E+00   5.2975039E+00   5.3191818E+00   5.2975039E+00 
  4.2880639E+00   4.2749383E+00   4.2880639E+00   4.2749383E+00 
  2.8159231E+00   2.7919533E+00   2.8159231E+00   2.7919533E+00 
  2.2986063E+00   2.2754273E+00   2.2986063E+00   2.2754273E+00 
  2.5964138E+00   2.5753979E+00   2.5964138E+00   2.5753979E+00 
  5.3647226E+00   5.3415147E+00   5.3647226E+00   5.3415147E+00 
  8.1903179E+00   8.1674033E+00   8.1903179E+00   8.1674033E+00 
  5.2194897E+00   5.1977762E+00   5.2194897E+00   5.1977762E+00 
  4.7586937E+00   4.7350913E+00   4.7586937E+00   4.7350913E+00 
  3.8668539E+00   3.8474488E+00   3.8668539E+00   3.8474488E+00 
  2.6066088E+00   2.5826411E+00   2.6066088E+00   2.5826411E+00 
  4.5604911E+00   4.5370034E+00   4.5604911E+00   4.5370034E+00 
  8.5506291E+00   8.5349187E+00   8.5506291E+00   8.5349187E+00 
  5.5515957E+00   5.5289014E+00   5.5515957E+00   5.5289014E+00 
  5.4493651E+00   5.4298337E+00   5.4493651E+00   5.4298337E+00 
  7.6754141E+00   7.6577723E+00   7.6754141E+00   7.6577723E+00 
  4.9433988E+00   4.9302628E+00   4.9433988E+00   4.9302628E+00 
  4.5780207E+00   4.5577902E+00   4.5780207E+00   4.5577902E+00 
  5.8401482E+00   5.8164668E+00   5.8401482E+00   5.8164668E+00 
  9.1024145E+00   9.0813537E+00   9.1024145E+00   9.0813537E+00 
  1.0459454E+01   1.0439031E+01   1.0459454E+01   1.0439031E+01 
  5.5933747E+00   5.5701750E+00   5.5933747E+00   5.5701750E+00 
  7.1640646E+00   7.1443458E+00   7.1640646E+00   7.1443458E+00 
  7.9114965E+00   7.9012881E+00   7.9114965E+00   7.9012881E+00 
  5.9002724E+00   5.8801687E+00   5.9002724E+00   5.8801687E+00 
  7.7546250E+00   7.7318018E+00   7.7546250E+00   7.7318018E+00 
  4.0694331E+00   4.0457778E+00   4.0694331E+00   4.0457778E+00 
  4.5218691E+00   4.5047607E+00   4.5218691E+00   4.5047607E+00 
  6.6410203E+00   6.6171723E+00   6.6410203E+00   6.6171723E+00 
  7.8816403E+00   7.8594782E+00   7.8816403E+00   7.8594782E+00 
  5.5771350E+00   5.5536874E+00   5.5771350E+00   5.5536874E+00 
  7.3174852E+00   7.3012418E+00   7.3174852E+00   7.3012418E+00 
  3.8154317E+00   3.7924198E+00   3.8154317E+00   3.7924198E+00 
  7.1599211E+00   7.1437600E+00   7.1599211E+00   7.1437600E+00 
  1.1068465E+01   1.1056564E+01   1.1068465E+01   1.1056564E+01 
  6.1620209E+00   6.1426545E+00   6.1620209E+00   6.1426545E+00 
  8.1951184E+00   8.1752224E+00   8.1951184E+00   8.1752224E+00 
  4.8058353E+00   4.7822933E+00   4.8058353E+00   4.7822933E+00 
  5.8214774E+00   5.7980515E+00   5.8214774E+00   5.7980515E+00 
  5.1639200E+00   5.1506198E+00   5.1639200E+00   5.1506198E+00 
  6.4899850E+00   6.4659935E+00   6.4899850E+00   6.4659935E+00 
  7.4641280E+00   7.4411922E+00   7.4641280E+00   7.4411922E+00 
  4.7210259E+00   4.7035758E+00   4.7210259E+00   4.7035758E+00 
  3.4943380E+00   3.4707330E+00   3.4943380E+00   3.4707330E+00 
  2.5150324E+00   2.4910562E+00   2.5150324E+00   2.4910562E+00 
  4.1192012E+00   4.0973822E+00   4.1192012E+00   4.0973822E+00 
  4.5653054E+00   4.5446461E+00   4.5653054E+00   4.5446461E+00 
  5.0681845E+00   5.0444179E+00   5.0681845E+00   5.0444179E+00 
  4.3632523E+00   4.3470293E+00   4.3632523E+00   4.3470293E+00 
  6.2014416E+00   6.1842154E+00   6.2014416E+00   6.1842154E+00 
  3.8171221E+00   3.7936883E+00   3.8171221E+00   3.7936883E+00 
  5.1998412E+00   5.1761261E+00   5.1998412E+00   5.1761261E+00 
  6.6630441E+00   6.6400886E+00   6.6630441E+00   6.6400886E+00 
  3.2199809E+00   3.1962265E+00   3.2199809E+00   3.1962265E+00 
  6.9331449E+00   6.9111525E+00   6.9331449E+00   6.9111525E+00 
  5.7047232E+00   5.6827158E+00   5.7047232E+00   5.6827158E+00 
  6.8157294E+00   6.7996597E+00   6.8157294E+00   6.7996597E+00 
  7.2055498E+00   7.1886763E+00   7.2055498E+00   7.1886763E+00 
  4.6430622E+00   4.6211952E+00   4.6430622E+00   4.6211952E+00 
  7.4651773E+00   7.4412423E+00   7.4651773E+00   7.4412423E+00 
  5.7892276E+00   5.7678113E+00   5.7892276E+00   5.7678113E+00 
  4.3189981E+00   4.2953934E+00   4.3189981E+00   4.2953934E+00 
  5.6987570E+00   5.6747574E+00   5.6987570E+00   5.6747574E+00 
  5.3679819E+00   5.3493519E+00   5.3679819E+00   5.3493519E+00 
  5.1001187E+00   5.0840714E+00   5.1001187E+00   5.0840714E+00 
  5.0299728E+00   5.0156699E+00   5.0299728E+00   5.0156699E+00 
  8.8701015E+00   8.8634394E+00   8.8701015E+00   8.8634394E+00 
  4.8535358E+00   4.8413952E+00   4.8535358E+00   4.8413952E+00 
  7.8419838E+00   7.8219477E+00   7.8419838E+00   7.8219477E+00 
  8.7680000E+00   8.7443312E+00   8.7680000E+00   8.7443312E+00 
  5.4986109E+00   5.4840101E+00   5.4986109E+00   5.4840101E+00 
  7.0449798E+00   7.0274739E+00   7.0449798E+00   7.0274739E+00 
  4.8417169E+00   4.8237048E+00   4.8417169E+00   4.8237048E+00 
  7.0829650E+00   7.0651610E+00   7.0829650E+00   7.0651610E+00 
  7.9470592E+00   7.9236976E+00   7.9470592E+00   7.9236976E+00 
  9.3147432E+00   9.2908322E+00   9.3147432E+00   9.2908322E+00 
  4.4365057E+00   4.4125465E+00   4.4365057E+00   4.4125465E+00 
  4.0617048E+00   4.0409282E+00   4.0617048E+00   4.0409282E+00 
  4.2513914E+00   4.2369057E+00   4.2513914E+00   4.2369057E+00 
  5.9130489E+00   5.8936773E+00   5.9130489E+00   5.8936773E+00 
  3.0917143E+00   3.0678720E+00   3.0917143E+00   3.0678720E+00 
  6.9182768E+00   6.8946705E+00   6.9182768E+00   6.8946705E+00 
  8.2042242E+00   8.1857970E+00   8.2042242E+00   8.1857970E+00 
  7.0806285E+00   7.0622395E+00   7.0806285E+00   7.0622395E+00 
  7.3314519E+00   7.3086071E+00   7.3314519E+00   7.3086071E+00 
  7.7536959E+00   7.7374636E+00   7.7536959E+00   7.7374636E+00 
  5.1714319E+00   5.1510768E+00   5.1714319E+00   5.1510768E+00 
  7.0770618E+00   7.0557144E+00   7.0770618E+00   7.0557144E+00 
  6.6501287E+00   6.6265808E+00   6.6501287E+00   6.6265808E+00 
  8.7727581E+00   8.7639754E+00   8.7727581E+00   8.7639754E+00 
  7.5961537E+00   7.5744892E+00   7.5961537E+00   7.5744892E+00 
  2.5901016E+00   2.5720739E+00   2.5901016E+00   2.5720739E+00 
  4.4626811E+00   4.4398230E+00   4.4626811E+00   4.4398230E+00 
  4.6464787E+00   4.6263455E+00   4.6464787E+00   4.6263455E+00 
  5.5357624E+00   5.5119860E+00   5.5357624E+00   5.5119860E+00 
  4.8566817E+00   4.8401842E+00   4.8566817E+00   4.8401842E+00 
  9.8028044E+00   9.7790116E+00   9.8028044E+00   9.7790116E+00 
  5.5389004E+00   5.5182916E+00   5.5389004E+00   5.5182916E+00 
  3.2614239E+00   3.2384437E+00   3.2614239E+00   3.2384437E+00 
  3.2631603E+00   3.2396006E+00   3.2631603E+00   3.2396006E+00 
  6.4494882E+00   6.4363432E+00   6.4494882E+00   6.4363432E+00 
  8.6179490E+00   8.5960463E+00   8.6179490E+00   8.5960463E+00 
  3.1467512E+00   3.1266575E+00   3.1467512E+00   3.1266575E+00 
  5.3040073E+00   5.2805115E+00   5.3040073E+00   5.2805115E+00 
  7.0378718E+00   7.0138961E+00   7.0378718E+00   7.0138961E+00 
  5.7123137E+00   5.6884213E+00   5.7123137E+00   5.6884213E+00 
  6.3258550E+00   6.3058085E+00   6.3258550E+00   6.3058085E+00 
  5.1582891E+00   5.1350465E+00   5.1582891E+00   5.1350465E+00 
  7.8424789E+00   7.8247526E+00   7.8424789E+00   7.8247526E+00 
  5.3500746E+00   5.3297137E+00   5.3500746E+00   5.3297137E+00 
  6.0674614E+00   6.0439541E+00   6.0674614E+00   6.0439541E+00 
  4.2682708E+00   4.2553710E+00   4.2682708E+00   4.2553710E+00 
  4.1909408E+00   4.1673675E+00   4.1909408E+00   4.1673675E+00 
  4.0374533E+00   4.0151205E+00   4.0374533E+00   4.0151205E+00 
  4.0052904E+00   3.9849314E+00   4.0052904E+00   3.9849314E+00 
  6.3729193E+00   6.3593993E+00   6.3729193E+00   6.3593993E+00 
  9.8233760E+00   9.8126468E+00   9.8233760E+00   9.8126468E+00 
  6.6273847E+00   6.6143134E+00   6.6273847E+00   6.6143134E+00 
  6.2330099E+00   6.2132089E+00   6.2330099E+00   6.2132089E+00 
  5.3504812E+00   5.3279235E+00   5.3504812E+00   5.3279235E+00 
  6.4554067E+00   6.4315715E+00   6.4554067E+00   6.4315715E+00 
  4.6582179E+00   4.6365765E+00   4.6582179E+00   4.6365765E+00 
  6.1240302E+00   6.1103180E+00   6.1240302E+00   6.1103180E+00 
  5.9280979E+00   5.9043553E+00   5.9280979E+00   5.9043553E+00 
  5.0829700E+00   5.0655724E+00   5.0829700E+00   5.0655724E+00 
  3.2098960E+00   3.1860781E+00   3.2098960E+00   3.1860781E+00 
  5.5879915E+00   5.5640472E+00   5.5879915E+00   5.5640472E+00 
  6.0619617E+00   6.0406462E+00   6.0619617E+00   6.0406462E+00 
  5.2173861E+00   5.2062488E+00   5.2173861E+00   5.2062488E+00 
  4.2061987E+00   4.1822898E+00   4.2061987E+00   4.1822898E+00 
  5.3999809E+00   5.3915412E+00   5.3999809E+00   5.3915412E+00 
  5.1961409E+00   5.1877900E+00   5.1961409E+00   5.1877900E+00 
  4.1955071E+00   4.1727669E+00   4.1955071E+00   4.1727669E+00 
  5.0313900E+00   5.0134533E+00   5.0313900E+00   5.0134533E+00 
  2.7438253E+00   2.7198262E+00   2.7438253E+00   2.7198262E+00 
  5.4054668E+00   5.3902827E+00   5.4054668E+00   5.3902827E+00 
  6.5427332E+00   6.5189710E+00   6.5427332E+00   6.5189710E+00 
  3.9311653E+00   3.9106014E+00   3.9311653E+00   3.9106014E+00 
  8.3330774E+00   8.3265419E+00   8.3330774E+00   8.3265419E+00 
  8.2641211E+00   8.2497227E+00   8.2641211E+00   8.2497227E+00 
  5.1341778E+00   5.1131567E+00   5.1341778E+00   5.1131567E+00 
  6.4177464E+00   6.3938303E+00   6.4177464E+00   6.3938303E+00 
  4.8702295E+00   4.8467146E+00   4.8702295E+00   4.8467146E+00 
  7.7769842E+00   7.7649263E+00   7.7769842E+00   7.7649263E+00 
  4.6100445E+00   4.5870428E+00   4.6100445E+00   4.5870428E+00 
  8.0188251E+00   8.0031191E+00   8.0188251E+00   8.0031191E+00 
  9.8527240E+00   9.8364397E+00   9.8527240E+00   9.8364397E+00 
  6.9927688E+00   6.9753305E+00   6.9927688E+00   6.9753305E+00 
  7.3395943E+00   7.3155954E+00   7.3395943E+00   7.3155954E+00 
  6.2552067E+00   6.2405601E+00   6.2552067E+00   6.2405601E+00 
  6.0416410E+00   6.0250453E+00   6.0416410E+00   6.0250453E+00 
  3.8086181E+00   3.7977960E+00   3.8086181E+00   3.7977960E+00 
  5.2940484E+00   5.2719501E+00   5.2940484E+00   5.2719501E+00 
  6.0527355E+00   6.0308290E+00   6.0527355E+00   6.0308290E+00 
  6.4583324E+00   6.4356182E+00   6.4583324E+00   6.4356182E+00 
  9.2650185E+00   9.2417029E+00   9.2650185E+00   9.2417029E+00 
  5.1141821E+00   5.0905058E+00   5.1141821E+00   5.0905058E+00 
  8.8048390E+00   8.7815777E+00   8.8048390E+00   8.7815777E+00 
  8.2581238E+00   8.2347637E+00   8.2581238E+00   8.2347637E+00 
  7.2003349E+00   7.1981804E+00   7.2003349E+00   7.1981804E+00 
  8.2720094E+00   8.2602738E+00   8.2720094E+00   8.2602738E+00 
  8.3892186E+00   8.3773809E+00   8.3892186E+00   8.3773809E+00 
  5.4000815E+00   5.3854660E+00   5.4000815E+00   5.3854660E+00 
  4.8674141E+00   4.8452471E+00   4.8674141E+00   4.8452471E+00 
  8.5829738E+00   8.5734255E+00   8.5829738E+00   8.5734255E+00 
  6.0772346E+00   6.0565755E+00   6.0772346E+00   6.0565755E+00 
  5.1373706E+00   5.1181850E+00   5.1373706E+00   5.1181850E+00 
  5.3803659E+00   5.3573313E+00   5.3803659E+00   5.3573313E+00 
  3.1911370E+00   3.1689672E+00   3.1911370E+00   3.1689672E+00 
  5.3203288E+00   5.2981175E+00   5.3203288E+00   5.2981175E+00 
  5.7032269E+00   5.6793017E+00   5.7032269E+00   5.6793017E+00 
  5.8712072E+00   5.8543310E+00   5.8712072E+00   5.8543310E+00 
  6.0361683E+00   6.0177521E+00   6.0361683E+00   6.0177521E+00 
  5.6582231E+00   5.6357206E+00   5.6582231E+00   5.6357206E+00 
  8.3013044E+00   8.2943284E+00   8.3013044E+00   8.2943284E+00 
  1.1368078E+01   1.1355455E+01   1.1368078E+01   1.1355455E+01 
  9.1925984E+00   9.1737649E+00   9.1925984E+00   9.1737649E+00 
  5.4020067E+00   5.3838605E+00   5.4020067E+00   5.3838605E+00 
  5.8756927E+00   5.8548994E+00   5.8756927E+00   5.8548994E+00 
  5.4158478E+00   5.3919046E+00   5.4158478E+00   5.3919046E+00 
  6.7030916E+00   6.6793328E+00   6.7030916E+00   6.6793328E+00 
  4.4615852E+00   4.4382189E+00   4.4615852E+00   4.4382189E+00 
  4.8222205E+00   4.7988835E+00   4.8222205E+00   4.7988835E+00 
  6.4916384E+00   6.4742075E+00   6.4916384E+00   6.4742075E+00 
  3.1725195E+00   3.1553679E+00   3.1725195E+00   3.1553679E+00 
  5.6373637E+00   5.6140326E+00   5.6373637E+00   5.6140326E+00 
  3.4584123E+00   3.4358774E+00   3.4584123E+00   3.4358774E+00 
  5.4241015E+00   5.4034566E+00   5.4241015E+00   5.4034566E+00 
  3.8542939E+00   3.8337638E+00   3.8542939E+00   3.8337638E+00 
  3.2789978E+00   3.2549982E+00   3.2789978E+00   3.2549982E+00 
  9.1334136E+00   9.1110622E+00   9.1334136E+00   9.1110622E+00 
  6.0812920E+00   6.0636986E+00   6.0812920E+00   6.0636986E+00 
  4.8815153E+00   4.8640125E+00   4.8815153E+00   4.8640125E+00 
  6.6481724E+00   6.6384690E+00   6.6481724E+00   6.6384690E+00 
  5.7652492E+00   5.7429303E+00   5.7652492E+00   5.7429303E+00 
  4.1639987E+00   4.1427706E+00   4.1639987E+00   4.1427706E+00 
  5.7561357E+00   5.7321543E+00   5.7561357E+00   5.7321543E+00 
  3.9594580E+00   3.9369690E+00   3.9594580E+00   3.9369690E+00 
  6.2230840E+00   6.2155825E+00   6.2230840E+00   6.2155825E+00 
  6.8817945E+00   6.8598269E+00   6.8817945E+00   6.8598269E+00 
  7.1341546E+00   7.1101579E+00   7.1341546E+00   7.1101579E+00 
  5.1583753E+00   5.1347430E+00   5.1583753E+00   5.1347430E+00 
  4.4345058E+00   4.4127713E+00   4.4345058E+00   4.4127713E+00 
  6.2609283E+00   6.2398980E+00   6.2609283E+00   6.2398980E+00 
  8.0665999E+00   8.0429423E+00   8.0665999E+00   8.0429423E+00 
  9.0788637E+00   9.0675029E+00   9.0788637E+00   9.0675029E+00 
  5.1036040E+00   5.0873325E+00   5.1036040E+00   5.0873325E+00 
  4.2230255E+00   4.2057761E+00   4.2230255E+00   4.2057761E+00 
  4.5405882E+00   4.5214454E+00   4.5405882E+00   4.5214454E+00 
  5.0215416E+00   4.9999673E+00   5.0215416E+00   4.9999673E+00 
  4.0605765E+00   4.0424180E+00   4.0605765E+00   4.0424180E+00 
  8.2553128E+00   8.2314895E+00   8.2553128E+00   8.2314895E+00 
  7.0980065E+00   7.0746517E+00   7.0980065E+00   7.0746517E+00 
  7.9241266E+00   7.9018211E+00   7.9241266E+00   7.9018211E+00 
  7.5094378E+00   7.4957339E+00   7.5094378E+00   7.4957339E+00 
  3.8442359E+00   3.8203024E+00   3.8442359E+00   3.8203024E+00 
  4.8039092E+00   4.7835327E+00   4.8039092E+00   4.7835327E+00 
  4.6701231E+00   4.6574818E+00   4.6701231E+00   4.6574818E+00 
  7.5417936E+00   7.5180422E+00   7.5417936E+00   7.5180422E+00 
  6.3366260E+00   6.3153361E+00   6.3366260E+00   6.3153361E+00 
  4.3509996E+00   4.3294370E+00   4.3509996E+00   4.3294370E+00 
  6.3796031E+00   6.3583544E+00   6.3796031E+00   6.3583544E+00 
  3.6056263E+00   3.5849152E+00   3.6056263E+00   3.5849152E+00 
  6.2886446E+00   6.2680357E+00   6.2886446E+00   6.2680357E+00 
  8.6151551E+00   8.5986853E+00   8.6151551E+00   8.5986853E+00 
  4.4571943E+00   4.4463886E+00   4.4571943E+00   4.4463886E+00 
  5.2856905E+00   5.2646035E+00   5.2856905E+00   5.2646035E+00 
  3.7338502E+00   3.7100832E+00   3.7338502E+00   3.7100832E+00 
  4.5670511E+00   4.5430520E+00   4.5670511E+00   4.5430520E+00 
  4.7971665E+00   4.7813318E+00   4.7971665E+00   4.7813318E+00 
  6.2581139E+00   6.2363497E+00   6.2581139E+00   6.2363497E+00 
  6.8703756E+00   6.8472136E+00   6.8703756E+00   6.8472136E+00 
  4.1082303E+00   4.0878030E+00   4.1082303E+00   4.0878030E+00 
  3.0218631E+00   3.0009453E+00   3.0218631E+00   3.0009453E+00 
  4.1891754E+00   4.1716297E+00   4.1891754E+00   4.1716297E+00 
  4.1059373E+00   4.0836488E+00   4.1059373E+00   4.0836488E+00 
  4.1152128E+00   4.0994195E+00   4.1152128E+00   4.0994195E+00 
  6.3772305E+00   6.3567455E+00   6.3772305E+00   6.3567455E+00 
  9.2105465E+00   9.1983726E+00   9.2105465E+00   9.1983726E+00 
  8.3261680E+00   8.3113438E+00   8.3261680E+00   8.3113438E+00 
  5.2324312E+00   5.2191506E+00   5.2324312E+00   5.2191506E+00 
  5.9433830E+00   5.9223039E+00   5.9433830E+00   5.9223039E+00 
  4.9673270E+00   4.9476164E+00   4.9673270E+00   4.9476164E+00 
  4.1414014E+00   4.1183069E+00   4.1414014E+00   4.1183069E+00 
  4.2821019E+00   4.2616705E+00   4.2821019E+00   4.2616705E+00 
  7.7928430E+00   7.7719927E+00   7.7928430E+00   7.7719927E+00 
  6.5232070E+00   6.4993499E+00   6.5232070E+00   6.4993499E+00 
  3.2152029E+00   3.1913209E+00   3.2152029E+00   3.1913209E+00 
  6.5927722E+00   6.5782341E+00   6.5927722E+00   6.5782341E+00 
  6.7519488E+00   6.7279727E+00   6.7519488E+00   6.7279727E+00 
  4.7543559E+00   4.7305862E+00   4.7543559E+00   4.7305862E+00 
  5.3660293E+00   5.3420521E+00   5.3660293E+00   5.3420521E+00 
  4.4357875E+00   4.4146493E+00   4.4357875E+00   4.4146493E+00 
  8.7746891E+00   8.7520539E+00   8.7746891E+00   8.7520539E+00 
  6.8822953E+00   6.8590922E+00   6.8822953E+00   6.8590922E+00 
  4.3964630E+00   4.3815581E+00   4.3964630E+00   4.3815581E+00 
  3.1770193E+00   3.1579554E+00   3.1770193E+00   3.1579554E+00 
  4.2450275E+00   4.2227431E+00   4.2450275E+00   4.2227431E+00 
  5.7375513E+00   5.7135816E+00   5.7375513E+00   5.7135816E+00 
  5.6272023E+00   5.6032026E+00   5.6272023E+00   5.6032026E+00 
  5.9155517E+00   5.8974377E+00   5.9155517E+00   5.8974377E+00 
  5.1534389E+00   5.1298371E+00   5.1534389E+00   5.1298371E+00 
  5.2270962E+00   5.2038879E+00   5.2270962E+00   5.2038879E+00 
  8.9454553E+00   8.9264415E+00   8.9454553E+00   8.9264415E+00 
  4.1612046E+00   4.1389357E+00   4.1612046E+00   4.1389357E+00 
  6.5106045E+00   6.4875510E+00   6.5106045E+00   6.4875510E+00 
  4.7728830E+00   4.7496028E+00   4.7728830E+00   4.7496028E+00 
  6.1679282E+00   6.1550771E+00   6.1679282E+00   6.1550771E+00 
  7.1055020E+00   7.0855628E+00   7.1055020E+00   7.0855628E+00 
  5.6030562E+00   5.5792501E+00   5.6030562E+00   5.5792501E+00 
  4.9495119E+00   4.9286444E+00   4.9495119E+00   4.9286444E+00 
  4.8208252E+00   4.7970811E+00   4.8208252E+00   4.7970811E+00 
  4.8751062E+00   4.8564833E+00   4.8751062E+00   4.8564833E+00 
  5.9446629E+00   5.9287391E+00   5.9446629E+00   5.9287391E+00 
  4.7833554E+00   4.7628017E+00   4.7833554E+00   4.7628017E+00 
  4.7486205E+00   4.7251102E+00   4.7486205E+00   4.7251102E+00 
  9.5155569E+00   9.4918262E+00   9.5155569E+00   9.4918262E+00 
  9.5610735E+00   9.5442056E+00   9.5610735E+00   9.5442056E+00 
  3.7552161E+00   3.7361843E+00   3.7552161E+00   3.7361843E+00 
  5.6254031E+00   5.6173106E+00   5.6254031E+00   5.6173106E+00 
  8.2609252E+00   8.2495665E+00   8.2609252E+00   8.2495665E+00 
  6.0691280E+00   6.0486525E+00   6.0691280E+00   6.0486525E+00 
  4.7166748E+00   4.6978141E+00   4.7166748E+00   4.6978141E+00 
  6.4158537E+00   6.3921689E+00   6.4158537E+00   6.3921689E+00 
  5.7618483E+00   5.7390287E+00   5.7618483E+00   5.7390287E+00 
  5.9763303E+00   5.9540365E+00   5.9763303E+00   5.9540365E+00 
  6.4094063E+00   6.3915923E+00   6.4094063E+00   6.3915923E+00 
  7.9303042E+00   7.9111819E+00   7.9303042E+00   7.9111819E+00 
  7.1084062E+00   7.0844715E+00   7.1084062E+00   7.0844715E+00 
  5.1276084E+00   5.1046561E+00   5.1276084E+00   5.1046561E+00 
  6.6981027E+00   6.6741247E+00   6.6981027E+00   6.6741247E+00 
  8.2779818E+00   8.2541804E+00   8.2779818E+00   8.2541804E+00 
  1.0531485E+01   1.0508358E+01   1.0531485E+01   1.0508358E+01 
  8.4097965E+00   8.3858042E+00   8.4097965E+00   8.3858042E+00 
  8.4190500E+00   8.3963848E+00   8.4190500E+00   8.3963848E+00 
  6.8039017E+00   6.7852936E+00   6.8039017E+00   6.7852936E+00 
  3.9157457E+00   3.8951063E+00   3.9157457E+00   3.8951063E+00 
  4.7125590E+00   4.6885902E+00   4.7125590E+00   4.6885902E+00 
  6.4706060E+00   6.4497483E+00   6.4706060E+00   6.4497483E+00 
  5.5883025E+00   5.5648464E+00   5.5883025E+00   5.5648464E+00 
  6.1779992E+00   6.1541067E+00   6.1779992E+00   6.1541067E+00 
  5.9661268E+00   5.9568018E+00   5.9661268E+00   5.9568018E+00 
  4.0183147E+00   3.9958962E+00   4.0183147E+00   3.9958962E+00 
  7.2396244E+00   7.2157111E+00   7.2396244E+00   7.2157111E+00 
  7.5097290E+00   7.4889603E+00   7.5097290E+00   7.4889603E+00 
  4.2921675E+00   4.2702978E+00   4.2921675E+00   4.2702978E+00 
  2.6968732E+00   2.6729407E+00   2.6968732E+00   2.6729407E+00 
  6.4733388E+00   6.4506840E+00   6.4733388E+00   6.4506840E+00 
  6.6936580E+00   6.6700605E+00   6.6936580E+00   6.6700605E+00 
  4.2833919E+00   4.2613073E+00   4.2833919E+00   4.2613073E+00 
  3.2127111E+00   3.1971117E+00   3.2127111E+00   3.1971117E+00 
  6.5939192E+00   6.5812637E+00   6.5939192E+00   6.5812637E+00 
  9.2963369E+00   9.2827857E+00   9.2963369E+00   9.2827857E+00 
  5.8981535E+00   5.8742319E+00   5.8981535E+00   5.8742319E+00 
  4.0098809E+00   3.9988132E+00   4.0098809E+00   3.9988132E+00 
  4.6362098E+00   4.6147675E+00   4.6362098E+00   4.6147675E+00 
  7.0329321E+00   7.0105945E+00   7.0329321E+00   7.0105945E+00 
  7.0468278E+00   7.0229507E+00   7.0468278E+00   7.0229507E+00 
  5.5801222E+00   5.5581229E+00   5.5801222E+00   5.5581229E+00 
  5.0881513E+00   5.0646455E+00   5.0881513E+00   5.0646455E+00 
  3.6584355E+00   3.6366950E+00   3.6584355E+00   3.6366950E+00 
  8.7097212E+00   8.6892093E+00   8.7097212E+00   8.6892093E+00 
  8.4705748E+00   8.4469654E+00   8.4705748E+00   8.4469654E+00 
  4.0778263E+00   4.0540876E+00   4.0778263E+00   4.0540876E+00 
  5.6430503E+00   5.6214954E+00   5.6430503E+00   5.6214954E+00 
  9.0204894E+00   8.9969706E+00   9.0204894E+00   8.9969706E+00 
  9.9455889E+00   9.9322754E+00   9.9455889E+00   9.9322754E+00 
  8.1697291E+00   8.1535640E+00   8.1697291E+00   8.1535640E+00 
  7.4820390E+00   7.4615832E+00   7.4820390E+00   7.4615832E+00 
  6.4950319E+00   6.4819116E+00   6.4950319E+00   6.4819116E+00 
  7.5833172E+00   7.5593190E+00   7.5833172E+00   7.5593190E+00 
  4.0916208E+00   4.0677974E+00   4.0916208E+00   4.0677974E+00 
  4.8365650E+00   4.8146811E+00   4.8365650E+00   4.8146811E+00 
  7.4034757E+00   7.3804937E+00   7.4034757E+00   7.3804937E+00 
  4.1291659E+00   4.1052953E+00   4.1291659E+00   4.1052953E+00 
  5.3612169E+00   5.3376047E+00   5.3612169E+00   5.3376047E+00 
  5.0420693E+00   5.0182412E+00   5.0420693E+00   5.0182412E+00 
  6.5948469E+00   6.5710980E+00   6.5948469E+00   6.5710980E+00 
  7.7275142E+00   7.7205945E+00   7.7275142E+00   7.7205945E+00 
  6.1286035E+00   6.1067783E+00   6.1286035E+00   6.1067783E+00 
  6.8379584E+00   6.8266065E+00   6.8379584E+00   6.8266065E+00 
  8.8778065E+00   8.8667991E+00   8.8778065E+00   8.8667991E+00 
  6.2730603E+00   6.2496527E+00   6.2730603E+00   6.2496527E+00 
  4.8803149E+00   4.8580187E+00   4.8803149E+00   4.8580187E+00 
  6.1438576E+00   6.1199280E+00   6.1438576E+00   6.1199280E+00 
  5.8357748E+00   5.8154467E+00   5.8357748E+00   5.8154467E+00 
  7.1198956E+00   7.1002256E+00   7.1198956E+00   7.1002256E+00 
  6.8122285E+00   6.7894319E+00   6.8122285E+00   6.7894319E+00 
  5.8462647E+00   5.8265192E+00   5.8462647E+00   5.8265192E+00 
  7.8495196E+00   7.8427894E+00   7.8495196E+00   7.8427894E+00 
  3.5014403E+00   3.4832619E+00   3.5014403E+00   3.4832619E+00 
  6.4362788E+00   6.4127548E+00   6.4362788E+00   6.4127548E+00 
  5.3877289E+00   5.3666245E+00   5.3877289E+00   5.3666245E+00 
  3.1606804E+00   3.1411031E+00   3.1606804E+00   3.1411031E+00 
  2.3708457E+00   2.3502010E+00   2.3708457E+00   2.3502010E+00 
  6.0433765E+00   6.0237267E+00   6.0433765E+00   6.0237267E+00 
  5.3912349E+00   5.3717411E+00   5.3912349E+00   5.3717411E+00 
  6.7089426E+00   6.6860099E+00   6.7089426E+00   6.6860099E+00 
  2.8702537E+00   2.8466455E+00   2.8702537E+00   2.8466455E+00 
  6.1367127E+00   6.1233897E+00   6.1367127E+00   6.1233897E+00 
  3.3948081E+00   3.3712019E+00   3.3948081E+00   3.3712019E+00 
  3.4705405E+00   3.4480838E+00   3.4705405E+00   3.4480838E+00 
  4.1487816E+00   4.1258093E+00   4.1487816E+00   4.1258093E+00 
  4.7040836E+00   4.6800952E+00   4.7040836E+00   4.6800952E+00 
  6.5824038E+00   6.5605270E+00   6.5824038E+00   6.5605270E+00 
  5.2292124E+00   5.2062108E+00   5.2292124E+00   5.2062108E+00 
  5.8635950E+00   5.8468613E+00   5.8635950E+00   5.8468613E+00 
  5.2780148E+00   5.2581230E+00   5.2780148E+00   5.2581230E+00 
  5.0105748E+00   4.9869969E+00   5.0105748E+00   4.9869969E+00 
  4.5369396E+00   4.5145883E+00   4.5369396E+00   4.5145883E+00 
  5.7819808E+00   5.7609161E+00   5.7819808E+00   5.7609161E+00 
  5.9149770E+00   5.8981687E+00   5.9149770E+00   5.8981687E+00 
  4.4956155E+00   4.4748675E+00   4.4956155E+00   4.4748675E+00 
  5.5461848E+00   5.5256949E+00   5.5461848E+00   5.5256949E+00 
  7.7940428E+00   7.7761474E+00   7.7940428E+00   7.7761474E+00 
  5.7540946E+00   5.7374633E+00   5.7540946E+00   5.7374633E+00 
  7.8158851E+00   7.7918971E+00   7.8158851E+00   7.7918971E+00 
  6.1883241E+00   6.1697706E+00   6.1883241E+00   6.1697706E+00 
  3.7258149E+00   3.7084437E+00   3.7258149E+00   3.7084437E+00 
  4.5271709E+00   4.5058572E+00   4.5271709E+00   4.5058572E+00 
  5.4938696E+00   5.4733861E+00   5.4938696E+00   5.4733861E+00 
  4.0253437E+00   4.0027575E+00   4.0253437E+00   4.0027575E+00 
  5.5563971E+00   5.5325477E+00   5.5563971E+00   5.5325477E+00 
  8.0772055E+00   8.0532058E+00   8.0772055E+00   8.0532058E+00 
  8.6954022E+00   8.6714471E+00   8.6954022E+00   8.6714471E+00 
  1.0225191E+01   1.0204764E+01   1.0225191E+01   1.0204764E+01 
  7.8475100E+00   7.8236596E+00   7.8475100E+00   7.8236596E+00 
  7.0852489E+00   7.0622647E+00   7.0852489E+00   7.0622647E+00 
  8.9737076E+00   8.9579291E+00   8.9737076E+00   8.9579291E+00 
  5.9529247E+00   5.9358288E+00   5.9529247E+00   5.9358288E+00 
  8.2757383E+00   8.2593044E+00   8.2757383E+00   8.2593044E+00 
  5.5272227E+00   5.5102365E+00   5.5272227E+00   5.5102365E+00 
  4.6116603E+00   4.5878653E+00   4.6116603E+00   4.5878653E+00 
  5.3257015E+00   5.3100445E+00   5.3257015E+00   5.3100445E+00 
  5.0697958E+00   5.0458966E+00   5.0697958E+00   5.0458966E+00 
  2.9434442E+00   2.9195125E+00   2.9434442E+00   2.9195125E+00 
  5.2216843E+00   5.2013639E+00   5.2216843E+00   5.2013639E+00 
  3.7215872E+00   3.6987250E+00   3.7215872E+00   3.6987250E+00 
  4.9419003E+00   4.9267554E+00   4.9419003E+00   4.9267554E+00 
  4.4878828E+00   4.4697772E+00   4.4878828E+00   4.4697772E+00 
  4.1000285E+00   4.0777615E+00   4.1000285E+00   4.0777615E+00 
  5.1775102E+00   5.1587903E+00   5.1775102E+00   5.1587903E+00 
  7.7040907E+00   7.6802347E+00   7.7040907E+00   7.6802347E+00 
  6.3678713E+00   6.3438754E+00   6.3678713E+00   6.3438754E+00 
  5.7830477E+00   5.7591338E+00   5.7830477E+00   5.7591338E+00 
  3.7157201E+00   3.6941866E+00   3.7157201E+00   3.6941866E+00 
  5.6578702E+00   5.6359249E+00   5.6578702E+00   5.6359249E+00 
  3.7269847E+00   3.7034905E+00   3.7269847E+00   3.7034905E+00 
  6.3955210E+00   6.3815746E+00   6.3955210E+00   6.3815746E+00 
  3.4431747E+00   3.4275065E+00   3.4431747E+00   3.4275065E+00 
  4.9989528E+00   4.9749531E+00   4.9989528E+00   4.9749531E+00 
  6.0158257E+00   5.9926410E+00   6.0158257E+00   5.9926410E+00 
  3.8747691E+00   3.8507782E+00   3.8747691E+00   3.8507782E+00 
  6.0524827E+00   6.0288197E+00   6.0524827E+00   6.0288197E+00 
  8.1260652E+00   8.1020839E+00   8.1260652E+00   8.1020839E+00 
  4.4773529E+00   4.4536235E+00   4.4773529E+00   4.4536235E+00 
  5.8821989E+00   5.8584057E+00   5.8821989E+00   5.8584057E+00 
  6.1991601E+00   6.1756104E+00   6.1991601E+00   6.1756104E+00 
  3.5507462E+00   3.5277559E+00   3.5507462E+00   3.5277559E+00 
  3.6848217E+00   3.6609247E+00   3.6848217E+00   3.6609247E+00 
  5.5873767E+00   5.5636637E+00   5.5873767E+00   5.5636637E+00 
  4.4775011E+00   4.4536477E+00   4.4775011E+00   4.4536477E+00 
  3.0339489E+00   3.0111928E+00   3.0339489E+00   3.0111928E+00 
  3.3985739E+00   3.3879959E+00   3.3985739E+00   3.3879959E+00 
  5.3093596E+00   5.2980905E+00   5.3093596E+00   5.2980905E+00 
  3.7858930E+00   3.7623764E+00   3.7858930E+00   3.7623764E+00 
  6.4386334E+00   6.4149642E+00   6.4386334E+00   6.4149642E+00 
  2.9324586E+00   2.9095520E+00   2.9324586E+00   2.9095520E+00 
  2.8577932E+00   2.8338592E+00   2.8577932E+00   2.8338592E+00 
  3.0177511E+00   2.9938436E+00   3.0177511E+00   2.9938436E+00 
  4.7604084E+00   4.7364930E+00   4.7604084E+00   4.7364930E+00 
  5.8736345E+00   5.8516373E+00   5.8736345E+00   5.8516373E+00 
  4.5617337E+00   4.5400388E+00   4.5617337E+00   4.5400388E+00 
  3.6297294E+00   3.6059770E+00   3.6297294E+00   3.6059770E+00 
  3.7897479E+00   3.7724750E+00   3.7897479E+00   3.7724750E+00 
  6.3024226E+00   6.2835684E+00   6.3024226E+00   6.2835684E+00 
  1.8401980E+00   1.8180329E+00   1.8401980E+00   1.8180329E+00 
  5.0568780E+00   5.0370813E+00   5.0568780E+00   5.0370813E+00 
  4.0928043E+00   4.0700467E+00   4.0928043E+00   4.0700467E+00 
  5.2124961E+00   5.1956523E+00   5.2124961E+00   5.1956523E+00 
  7.7624685E+00   7.7491174E+00   7.7624685E+00   7.7491174E+00 
  5.3197810E+00   5.2959564E+00   5.3197810E+00   5.2959564E+00 
  1.0007334E+01   9.9974636E+00   1.0007334E+01   9.9974636E+00 
  4.5522826E+00   4.5287462E+00   4.5522826E+00   4.5287462E+00 
  5.0349187E+00   5.0138144E+00   5.0349187E+00   5.0138144E+00 
  5.5219648E+00   5.4984161E+00   5.5219648E+00   5.4984161E+00 
  7.3296856E+00   7.3184039E+00   7.3296856E+00   7.3184039E+00 
  6.5051413E+00   6.4830774E+00   6.5051413E+00   6.4830774E+00 
  4.5094141E+00   4.4907779E+00   4.5094141E+00   4.4907779E+00 
  2.9245493E+00   2.9013562E+00   2.9245493E+00   2.9013562E+00 
  5.5802614E+00   5.5622135E+00   5.5802614E+00   5.5622135E+00 
  7.0049318E+00   6.9819798E+00   7.0049318E+00   6.9819798E+00 
  7.6814210E+00   7.6710361E+00   7.6814210E+00   7.6710361E+00 
  6.3777731E+00   6.3645508E+00   6.3777731E+00   6.3645508E+00 
  5.3674408E+00   5.3435496E+00   5.3674408E+00   5.3435496E+00 
  6.9394486E+00   6.9154956E+00   6.9394486E+00   6.9154956E+00 
  8.1428375E+00   8.1188404E+00   8.1428375E+00   8.1188404E+00 
  4.8844504E+00   4.8616395E+00   4.8844504E+00   4.8616395E+00 
  4.8525186E+00   4.8286136E+00   4.8525186E+00   4.8286136E+00 
  3.8722101E+00   3.8524669E+00   3.8722101E+00   3.8524669E+00 
  4.9777674E+00   4.9662259E+00   4.9777674E+00   4.9662259E+00 
  1.2814167E+01   1.2807003E+01   1.2814167E+01   1.2807003E+01 
  5.6988977E+00   5.6829231E+00   5.6988977E+00   5.6829231E+00 
  5.8119285E+00   5.7951635E+00   5.8119285E+00   5.7951635E+00 
  5.5542864E+00   5.5406214E+00   5.5542864E+00   5.5406214E+00 
  4.7561423E+00   4.7352163E+00   4.7561423E+00   4.7352163E+00 
  5.0467315E+00   5.0233082E+00   5.0467315E+00   5.0233082E+00 
  6.9653970E+00   6.9463167E+00   6.9653970E+00   6.9463167E+00 
  4.2491928E+00   4.2252162E+00   4.2491928E+00   4.2252162E+00 
  9.2479838E+00   9.2379966E+00   9.2479838E+00   9.2379966E+00 
  4.3261630E+00   4.3087096E+00   4.3261630E+00   4.3087096E+00 
  4.2666440E+00   4.2437253E+00   4.2666440E+00   4.2437253E+00 
  8.0699903E+00   8.0509619E+00   8.0699903E+00   8.0509619E+00 
  7.9503706E+00   7.9333839E+00   7.9503706E+00   7.9333839E+00 
  8.6632804E+00   8.6426658E+00   8.6632804E+00   8.6426658E+00 
  4.6318418E+00   4.6078838E+00   4.6318418E+00   4.6078838E+00 
  5.7999465E+00   5.7759556E+00   5.7999465E+00   5.7759556E+00 
  7.9455526E+00   7.9251040E+00   7.9455526E+00   7.9251040E+00 
  4.7975710E+00   4.7782851E+00   4.7975710E+00   4.7782851E+00 
  5.6355694E+00   5.6118853E+00   5.6355694E+00   5.6118853E+00 
  3.8421525E+00   3.8182333E+00   3.8421525E+00   3.8182333E+00 
  4.1049376E+00   4.0900077E+00   4.1049376E+00   4.0900077E+00 
  4.1813607E+00   4.1585214E+00   4.1813607E+00   4.1585214E+00 
  4.7355890E+00   4.7147984E+00   4.7355890E+00   4.7147984E+00 
  4.1247470E+00   4.1118081E+00   4.1247470E+00   4.1118081E+00 
  4.0166704E+00   4.0074074E+00   4.0166704E+00   4.0074074E+00 
  3.8650512E+00   3.8410664E+00   3.8650512E+00   3.8410664E+00 
  5.8415422E+00   5.8222751E+00   5.8415422E+00   5.8222751E+00 
  8.1019997E+00   8.0785106E+00   8.1019997E+00   8.0785106E+00 
  7.4937003E+00   7.4701812E+00   7.4937003E+00   7.4701812E+00 
  6.2182786E+00   6.1946488E+00   6.2182786E+00   6.1946488E+00 
  5.3098408E+00   5.2913310E+00   5.3098408E+00   5.2913310E+00 
  4.8780158E+00   4.8618777E+00   4.8780158E+00   4.8618777E+00 
  3.3193199E+00   3.2971806E+00   3.3193199E+00   3.2971806E+00 
  6.9019143E+00   6.8854076E+00   6.9019143E+00   6.8854076E+00 
  3.9949982E+00   3.9737818E+00   3.9949982E+00   3.9737818E+00 
  5.0689972E+00   5.0450159E+00   5.0689972E+00   5.0450159E+00 
  5.4927288E+00   5.4689215E+00   5.4927288E+00   5.4689215E+00 
  5.1611919E+00   5.1419074E+00   5.1611919E+00   5.1419074E+00 
  6.5444851E+00   6.5215856E+00   6.5444851E+00   6.5215856E+00 
  4.5639692E+00   4.5459505E+00   4.5639692E+00   4.5459505E+00 
  4.0957597E+00   4.0769691E+00   4.0957597E+00   4.0769691E+00 
  6.4446236E+00   6.4241031E+00   6.4446236E+00   6.4241031E+00 
  4.5088110E+00   4.4848968E+00   4.5088110E+00   4.4848968E+00 
  3.6410238E+00   3.6296791E+00   3.6410238E+00   3.6296791E+00 
  5.8695909E+00   5.8610442E+00   5.8695909E+00   5.8610442E+00 
  5.0257779E+00   5.0019386E+00   5.0257779E+00   5.0019386E+00 
  7.1884161E+00   7.1693977E+00   7.1884161E+00   7.1693977E+00 
  7.7143182E+00   7.6931545E+00   7.7143182E+00   7.6931545E+00 
  7.9025276E+00   7.8861510E+00   7.9025276E+00   7.8861510E+00 
  7.4069740E+00   7.3889874E+00   7.4069740E+00   7.3889874E+00 
  7.2418708E+00   7.2358386E+00   7.2418708E+00   7.2358386E+00 
  7.7393340E+00   7.7155466E+00   7.7393340E+00   7.7155466E+00 
  6.6669942E+00   6.6448570E+00   6.6669942E+00   6.6448570E+00 
  5.1476523E+00   5.1255979E+00   5.1476523E+00   5.1255979E+00 
  3.7386517E+00   3.7146702E+00   3.7386517E+00   3.7146702E+00 
  3.3740967E+00   3.3544508E+00   3.3740967E+00   3.3544508E+00 
  7.9815452E+00   7.9596096E+00   7.9815452E+00   7.9596096E+00 
  4.5455091E+00   4.5223126E+00   4.5455091E+00   4.5223126E+00 
  7.0839312E+00   7.0629836E+00   7.0839312E+00   7.0629836E+00 
  3.5894097E+00   3.5655514E+00   3.5894097E+00   3.5655514E+00 
  3.5377196E+00   3.5142163E+00   3.5377196E+00   3.5142163E+00 
  5.2464313E+00   5.2234938E+00   5.2464313E+00   5.2234938E+00 
  5.6784404E+00   5.6605183E+00   5.6784404E+00   5.6605183E+00 
  7.5276127E+00   7.5161908E+00   7.5276127E+00   7.5161908E+00 
  4.3687330E+00   4.3449835E+00   4.3687330E+00   4.3449835E+00 
  5.9041632E+00   5.8802257E+00   5.9041632E+00   5.8802257E+00 
  4.7185608E+00   4.6950050E+00   4.7185608E+00   4.6950050E+00 
  6.3183317E+00   6.2995630E+00   6.3183317E+00   6.2995630E+00 
  7.1801511E+00   7.1570134E+00   7.1801511E+00   7.1570134E+00 
  5.6237292E+00   5.6022682E+00   5.6237292E+00   5.6022682E+00 
  4.3798062E+00   4.3613968E+00   4.3798062E+00   4.3613968E+00 
  4.8006446E+00   4.7836294E+00   4.8006446E+00   4.7836294E+00 
  3.1070114E+00   3.0832724E+00   3.1070114E+00   3.0832724E+00 
  9.3576180E+00   9.3498401E+00   9.3576180E+00   9.3498401E+00 
  8.8413547E+00   8.8200736E+00   8.8413547E+00   8.8200736E+00 
  6.2985397E+00   6.2745802E+00   6.2985397E+00   6.2745802E+00 
  3.8655547E+00   3.8416276E+00   3.8655547E+00   3.8416276E+00 
  4.0689511E+00   4.0485928E+00   4.0689511E+00   4.0485928E+00 
  2.7235198E+00   2.7000406E+00   2.7235198E+00   2.7000406E+00 
  3.2231996E+00   3.1993879E+00   3.2231996E+00   3.1993879E+00 
  3.4186322E+00   3.4001036E+00   3.4186322E+00   3.4001036E+00 
  7.9827290E+00   7.9626627E+00   7.9827290E+00   7.9626627E+00 
  3.9504407E+00   3.9287135E+00   3.9504407E+00   3.9287135E+00 
  3.0426863E+00   3.0202965E+00   3.0426863E+00   3.0202965E+00 
  9.9231136E+00   9.9068597E+00   9.9231136E+00   9.9068597E+00 
  1.0734750E+01   1.0728172E+01   1.0734750E+01   1.0728172E+01 
  7.5252284E+00   7.5069179E+00   7.5252284E+00   7.5069179E+00 
  6.9335485E+00   6.9119410E+00   6.9335485E+00   6.9119410E+00 
  3.9015621E+00   3.8779902E+00   3.9015621E+00   3.8779902E+00 
  5.4988370E+00   5.4749498E+00   5.4988370E+00   5.4749498E+00 
  9.5010936E+00   9.4816080E+00   9.5010936E+00   9.4816080E+00 
  5.0754597E+00   5.0516530E+00   5.0754597E+00   5.0516530E+00 
  6.0773825E+00   6.0594717E+00   6.0773825E+00   6.0594717E+00 
  7.9257466E+00   7.9021154E+00   7.9257466E+00   7.9021154E+00 
  6.1209632E+00   6.1062761E+00   6.1209632E+00   6.1062761E+00 
  8.7898085E+00   8.7818773E+00   8.7898085E+00   8.7818773E+00 
  6.1328930E+00   6.1095954E+00   6.1328930E+00   6.1095954E+00 
  6.4956343E+00   6.4845360E+00   6.4956343E+00   6.4845360E+00 
  7.1580431E+00   7.1411399E+00   7.1580431E+00   7.1411399E+00 
  5.8766528E+00   5.8570448E+00   5.8766528E+00   5.8570448E+00 
  8.0534300E+00   8.0410308E+00   8.0534300E+00   8.0410308E+00 
  8.7422043E+00   8.7290392E+00   8.7422043E+00   8.7290392E+00 
  7.8416411E+00   7.8369149E+00   7.8416411E+00   7.8369149E+00 
  7.1712779E+00   7.1523509E+00   7.1712779E+00   7.1523509E+00 
  6.5824876E+00   6.5631844E+00   6.5824876E+00   6.5631844E+00 
  5.9329700E+00   5.9110354E+00   5.9329700E+00   5.9110354E+00 
  4.1394353E+00   4.1155544E+00   4.1394353E+00   4.1155544E+00 
  6.8824573E+00   6.8592954E+00   6.8824573E+00   6.8592954E+00 
  7.9040464E+00   7.8932166E+00   7.9040464E+00   7.8932166E+00 
  7.0555859E+00   7.0348535E+00   7.0555859E+00   7.0348535E+00 
  6.7597766E+00   6.7357771E+00   6.7597766E+00   6.7357771E+00 
  6.1190531E+00   6.0963944E+00   6.1190531E+00   6.0963944E+00 
  4.0376294E+00   4.0139667E+00   4.0376294E+00   4.0139667E+00 
  3.2210033E+00   3.2063691E+00   3.2210033E+00   3.2063691E+00 
  4.8655120E+00   4.8459013E+00   4.8655120E+00   4.8459013E+00 
  5.0528953E+00   5.0298522E+00   5.0528953E+00   5.0298522E+00 
  5.8360729E+00   5.8124279E+00   5.8360729E+00   5.8124279E+00 
  5.1824505E+00   5.1644057E+00   5.1824505E+00   5.1644057E+00 
  3.2174128E+00   3.1934765E+00   3.2174128E+00   3.1934765E+00 
  5.9705492E+00   5.9487862E+00   5.9705492E+00   5.9487862E+00 
  8.5012244E+00   8.4772337E+00   8.5012244E+00   8.4772337E+00 
  6.2050779E+00   6.1832208E+00   6.2050779E+00   6.1832208E+00 
  4.1504144E+00   4.1273423E+00   4.1504144E+00   4.1273423E+00 
  5.4397703E+00   5.4158966E+00   5.4397703E+00   5.4158966E+00 
  4.1739017E+00   4.1500229E+00   4.1739017E+00   4.1500229E+00 
  2.6945595E+00   2.6750235E+00   2.6945595E+00   2.6750235E+00 
  8.3844062E+00   8.3664405E+00   8.3844062E+00   8.3664405E+00 
  6.0671452E+00   6.0512538E+00   6.0671452E+00   6.0512538E+00 
  3.4702924E+00   3.4467373E+00   3.4702924E+00   3.4467373E+00 
  4.4433984E+00   4.4265251E+00   4.4433984E+00   4.4265251E+00 
  6.4184358E+00   6.3960044E+00   6.4184358E+00   6.3960044E+00 
  3.8625825E+00   3.8462805E+00   3.8625825E+00   3.8462805E+00 
  2.5017816E+00   2.4778605E+00   2.5017816E+00   2.4778605E+00 
  4.7938387E+00   4.7705540E+00   4.7938387E+00   4.7705540E+00 
  6.2961714E+00   6.2721725E+00   6.2961714E+00   6.2721725E+00 
  8.6319387E+00   8.6098500E+00   8.6319387E+00   8.6098500E+00 
  6.2947670E+00   6.2722436E+00   6.2947670E+00   6.2722436E+00 
  6.7396773E+00   6.7156781E+00   6.7396773E+00   6.7156781E+00 
  7.9965988E+00   7.9756653E+00   7.9965988E+00   7.9756653E+00 
  4.7107160E+00   4.6900828E+00   4.7107160E+00   4.6900828E+00 
  4.1300243E+00   4.1119981E+00   4.1300243E+00   4.1119981E+00 
  4.5785943E+00   4.5546766E+00   4.5785943E+00   4.5546766E+00 
  4.3385455E+00   4.3156840E+00   4.3385455E+00   4.3156840E+00 
  6.2908711E+00   6.2697914E+00   6.2908711E+00   6.2697914E+00 
  7.3228510E+00   7.3022754E+00   7.3228510E+00   7.3022754E+00 
  9.1455315E+00   9.1222176E+00   9.1455315E+00   9.1222176E+00 
  3.9788167E+00   3.9567070E+00   3.9788167E+00   3.9567070E+00 
  7.3418323E+00   7.3226534E+00   7.3418323E+00   7.3226534E+00 
  6.3416096E+00   6.3191933E+00   6.3416096E+00   6.3191933E+00 
  9.6795414E+00   9.6556698E+00   9.6795414E+00   9.6556698E+00 
  8.4144564E+00   8.4060248E+00   8.4144564E+00   8.4060248E+00 
  8.5601841E+00   8.5510345E+00   8.5601841E+00   8.5510345E+00 
  7.1304460E+00   7.1218527E+00   7.1304460E+00   7.1218527E+00 
  1.0996425E+01   1.0979348E+01   1.0996425E+01   1.0979348E+01 
  1.1852937E+01   1.1829475E+01   1.1852937E+01   1.1829475E+01 
  9.7025986E+00   9.6807168E+00   9.7025986E+00   9.6807168E+00 
  5.2718683E+00   5.2482930E+00   5.2718683E+00   5.2482930E+00 
  4.7756567E+00   4.7516972E+00   4.7756567E+00   4.7516972E+00 
  4.7303072E+00   4.7133759E+00   4.7303072E+00   4.7133759E+00 
  3.8380493E+00   3.8176126E+00   3.8380493E+00   3.8176126E+00 
  5.3718578E+00   5.3532211E+00   5.3718578E+00   5.3532211E+00 
  8.6932280E+00   8.6713366E+00   8.6932280E+00   8.6713366E+00 
  6.9877850E+00   6.9651869E+00   6.9877850E+00   6.9651869E+00 
  5.7016553E+00   5.6777461E+00   5.7016553E+00   5.6777461E+00 
  3.6493373E+00   3.6371045E+00   3.6493373E+00   3.6371045E+00 
  6.2719489E+00   6.2520648E+00   6.2719489E+00   6.2520648E+00 
  4.5393695E+00   4.5188065E+00   4.5393695E+00   4.5188065E+00 
  6.5008200E+00   6.4770900E+00   6.5008200E+00   6.4770900E+00 
  6.5268665E+00   6.5091810E+00   6.5268665E+00   6.5091810E+00 
  5.1045928E+00   5.0879592E+00   5.1045928E+00   5.0879592E+00 
  7.0280362E+00   7.0040580E+00   7.0280362E+00   7.0040580E+00 
  4.2674033E+00   4.2439967E+00   4.2674033E+00   4.2439967E+00 
  2.8091944E+00   2.7858049E+00   2.8091944E+00   2.7858049E+00 
  4.3401298E+00   4.3180091E+00   4.3401298E+00   4.3180091E+00 
  3.1142211E+00   3.0959660E+00   3.1142211E+00   3.0959660E+00 
  4.9531112E+00   4.9361878E+00   4.9531112E+00   4.9361878E+00 
  4.8724095E+00   4.8487583E+00   4.8724095E+00   4.8487583E+00 
  3.7738778E+00   3.7504691E+00   3.7738778E+00   3.7504691E+00 
  5.7939453E+00   5.7717290E+00   5.7939453E+00   5.7717290E+00 
  6.1903303E+00   6.1844205E+00   6.1903303E+00   6.1844205E+00 
  4.8435397E+00   4.8266406E+00   4.8435397E+00   4.8266406E+00 
  3.4617947E+00   3.4385209E+00   3.4617947E+00   3.4385209E+00 
  5.5999831E+00   5.5822323E+00   5.5999831E+00   5.5822323E+00 
  6.0321379E+00   6.0100503E+00   6.0321379E+00   6.0100503E+00 
  7.5045798E+00   7.4874901E+00   7.5045798E+00   7.4874901E+00 
  6.7547753E+00   6.7458797E+00   6.7547753E+00   6.7458797E+00 
  5.7715216E+00   5.7477778E+00   5.7715216E+00   5.7477778E+00 
  6.2704936E+00   6.2553675E+00   6.2704936E+00   6.2553675E+00 
  6.5695890E+00   6.5465050E+00   6.5695890E+00   6.5465050E+00 
  4.3317397E+00   4.3102413E+00   4.3317397E+00   4.3102413E+00 
  6.4064742E+00   6.3847365E+00   6.4064742E+00   6.3847365E+00 
  9.7019921E+00   9.6917517E+00   9.7019921E+00   9.6917517E+00 
  6.3641795E+00   6.3401858E+00   6.3641795E+00   6.3401858E+00 
  6.1164349E+00   6.0946007E+00   6.1164349E+00   6.0946007E+00 
  5.6837737E+00   5.6642632E+00   5.6837737E+00   5.6642632E+00 
  6.7144316E+00   6.7098251E+00   6.7144316E+00   6.7098251E+00 
  4.2736034E+00   4.2498275E+00   4.2736034E+00   4.2498275E+00 
  4.1534962E+00   4.1298006E+00   4.1534962E+00   4.1298006E+00 
  4.6641738E+00   4.6610913E+00   4.6641738E+00   4.6610913E+00 
  5.5087904E+00   5.4875253E+00   5.5087904E+00   5.4875253E+00 
  6.3992430E+00   6.3752438E+00   6.3992430E+00   6.3752438E+00 
  5.4146874E+00   5.3953973E+00   5.4146874E+00   5.3953973E+00 
  6.0786397E+00   6.0646011E+00   6.0786397E+00   6.0646011E+00 
  4.7588008E+00   4.7376160E+00   4.7588008E+00   4.7376160E+00 
  4.2420294E+00   4.2187048E+00   4.2420294E+00   4.2187048E+00 
  5.8528859E+00   5.8303996E+00   5.8528859E+00   5.8303996E+00 
  6.7566368E+00   6.7326710E+00   6.7566368E+00   6.7326710E+00 
  6.8802509E+00   6.8739134E+00   6.8802509E+00   6.8739134E+00 
  7.4187880E+00   7.4053968E+00   7.4187880E+00   7.4053968E+00 
  4.4887635E+00   4.4685631E+00   4.4887635E+00   4.4685631E+00 
  6.0548209E+00   6.0327807E+00   6.0548209E+00   6.0327807E+00 
  4.5569073E+00   4.5350510E+00   4.5569073E+00   4.5350510E+00 
  4.3308310E+00   4.3202483E+00   4.3308310E+00   4.3202483E+00 
  4.6130806E+00   4.5895618E+00   4.6130806E+00   4.5895618E+00 
  4.6724061E+00   4.6585085E+00   4.6724061E+00   4.6585085E+00 
  7.1996048E+00   7.1804664E+00   7.1996048E+00   7.1804664E+00 
  7.8642907E+00   7.8408783E+00   7.8642907E+00   7.8408783E+00 
  8.2043179E+00   8.1905191E+00   8.2043179E+00   8.1905191E+00 
  1.2923739E+01   1.2903455E+01   1.2923739E+01   1.2903455E+01 
  4.2382527E+00   4.2232548E+00   4.2382527E+00   4.2232548E+00 
  7.0717099E+00   7.0545800E+00   7.0717099E+00   7.0545800E+00 
  8.5080132E+00   8.4848280E+00   8.5080132E+00   8.4848280E+00 
  7.4098742E+00   7.3858820E+00   7.4098742E+00   7.3858820E+00 
  5.5197350E+00   5.5081586E+00   5.5197350E+00   5.5081586E+00 
  6.5431640E+00   6.5202532E+00   6.5431640E+00   6.5202532E+00 
  8.7650872E+00   8.7473485E+00   8.7650872E+00   8.7473485E+00 
  7.7344803E+00   7.7194273E+00   7.7344803E+00   7.7194273E+00 
  7.8056078E+00   7.7843703E+00   7.8056078E+00   7.7843703E+00 
  9.7723519E+00   9.7529588E+00   9.7723519E+00   9.7529588E+00 
  6.1296298E+00   6.1067962E+00   6.1296298E+00   6.1067962E+00 
  6.8303902E+00   6.8209503E+00   6.8303902E+00   6.8209503E+00 
  4.6164414E+00   4.5951317E+00   4.6164414E+00   4.5951317E+00 
  3.3605248E+00   3.3368537E+00   3.3605248E+00   3.3368537E+00 
  4.8015430E+00   4.7786642E+00   4.8015430E+00   4.7786642E+00 
  5.3932426E+00   5.3706158E+00   5.3932426E+00   5.3706158E+00 
  4.7782847E+00   4.7543162E+00   4.7782847E+00   4.7543162E+00 
  5.5243578E+00   5.5029917E+00   5.5243578E+00   5.5029917E+00 
  2.7209003E+00   2.6998828E+00   2.7209003E+00   2.6998828E+00 
  3.4816254E+00   3.4577198E+00   3.4816254E+00   3.4577198E+00 
  5.1401543E+00   5.1207039E+00   5.1401543E+00   5.1207039E+00 
  3.8117837E+00   3.7882252E+00   3.8117837E+00   3.7882252E+00 
  3.4726540E+00   3.4521725E+00   3.4726540E+00   3.4521725E+00 
  6.0184329E+00   5.9944411E+00   6.0184329E+00   5.9944411E+00 
  4.2921992E+00   4.2689883E+00   4.2921992E+00   4.2689883E+00 
  7.4282469E+00   7.4152754E+00   7.4282469E+00   7.4152754E+00 
  6.0846557E+00   6.0606953E+00   6.0846557E+00   6.0606953E+00 
  3.6005264E+00   3.5775498E+00   3.6005264E+00   3.5775498E+00 
  5.8793539E+00   5.8636916E+00   5.8793539E+00   5.8636916E+00 
  5.7236965E+00   5.7002203E+00   5.7236965E+00   5.7002203E+00 
  7.2641967E+00   7.2554504E+00   7.2641967E+00   7.2554504E+00 
  5.5918545E+00   5.5699091E+00   5.5918545E+00   5.5699091E+00 
  4.2281607E+00   4.2053246E+00   4.2281607E+00   4.2053246E+00 
  5.8257599E+00   5.8036681E+00   5.8257599E+00   5.8036681E+00 
  5.6298521E+00   5.6062984E+00   5.6298521E+00   5.6062984E+00 
  5.0397167E+00   5.0158848E+00   5.0397167E+00   5.0158848E+00 
  7.2537812E+00   7.2298700E+00   7.2537812E+00   7.2298700E+00 
  6.5913995E+00   6.5692175E+00   6.5913995E+00   6.5692175E+00 
  5.9334098E+00   5.9115413E+00   5.9334098E+00   5.9115413E+00 
  5.8723845E+00   5.8484285E+00   5.8723845E+00   5.8484285E+00 
  7.5069518E+00   7.4902499E+00   7.5069518E+00   7.4902499E+00 
  3.0830118E+00   3.0606412E+00   3.0830118E+00   3.0606412E+00 
  4.7364261E+00   4.7172147E+00   4.7364261E+00   4.7172147E+00 
  6.3772857E+00   6.3534436E+00   6.3772857E+00   6.3534436E+00 
  8.6263285E+00   8.6127842E+00   8.6263285E+00   8.6127842E+00 
  5.4582144E+00   5.4343768E+00   5.4582144E+00   5.4343768E+00 
  5.4579374E+00   5.4342557E+00   5.4579374E+00   5.4342557E+00 
  5.8343371E+00   5.8121738E+00   5.8343371E+00   5.8121738E+00 
  5.6084936E+00   5.5849934E+00   5.6084936E+00   5.5849934E+00 
  2.8650248E+00   2.8477236E+00   2.8650248E+00   2.8477236E+00 
  2.2545920E+00   2.2307517E+00   2.2545920E+00   2.2307517E+00 
  4.1148037E+00   4.0923554E+00   4.1148037E+00   4.0923554E+00 
  3.6607361E+00   3.6375449E+00   3.6607361E+00   3.6375449E+00 
  5.3975287E+00   5.3763682E+00   5.3975287E+00   5.3763682E+00 
  6.3330305E+00   6.3093163E+00   6.3330305E+00   6.3093163E+00 
  4.2874414E+00   4.2649107E+00   4.2874414E+00   4.2649107E+00 
  5.8427404E+00   5.8323681E+00   5.8427404E+00   5.8323681E+00 
  5.5281983E+00   5.5112058E+00   5.5281983E+00   5.5112058E+00 
  4.4897450E+00   4.4711321E+00   4.4897450E+00   4.4711321E+00 
  7.5253130E+00   7.5013133E+00   7.5253130E+00   7.5013133E+00 
  4.3367166E+00   4.3162709E+00   4.3367166E+00   4.3162709E+00 
  4.5762385E+00   4.5542291E+00   4.5762385E+00   4.5542291E+00 
  3.0235768E+00   2.9998106E+00   3.0235768E+00   2.9998106E+00 
  4.2556118E+00   4.2316327E+00   4.2556118E+00   4.2316327E+00 
  4.7544357E+00   4.7307682E+00   4.7544357E+00   4.7307682E+00 
  6.1215676E+00   6.1030137E+00   6.1215676E+00   6.1030137E+00 
  4.7670133E+00   4.7567620E+00   4.7670133E+00   4.7567620E+00 
  6.0774134E+00   6.0579849E+00   6.0774134E+00   6.0579849E+00 
  5.1168756E+00   5.0937991E+00   5.1168756E+00   5.0937991E+00 
  5.1783805E+00   5.1547501E+00   5.1783805E+00   5.1547501E+00 
  3.7576175E+00   3.7364871E+00   3.7576175E+00   3.7364871E+00 
  7.4099387E+00   7.3860617E+00   7.4099387E+00   7.3860617E+00 
  6.4303063E+00   6.4110196E+00   6.4303063E+00   6.4110196E+00 
  6.8029918E+00   6.7802224E+00   6.8029918E+00   6.7802224E+00 
  5.0712351E+00   5.0484111E+00   5.0712351E+00   5.0484111E+00 
  4.4433138E+00   4.4216891E+00   4.4433138E+00   4.4216891E+00 
  7.3097611E+00   7.2899468E+00   7.3097611E+00   7.2899468E+00 
  6.8045759E+00   6.7806759E+00   6.8045759E+00   6.7806759E+00 
  8.3188012E+00   8.2976732E+00   8.3188012E+00   8.2976732E+00 
  4.4855930E+00   4.4632381E+00   4.4855930E+00   4.4632381E+00 
  4.8694352E+00   4.8458024E+00   4.8694352E+00   4.8458024E+00 
  5.9313996E+00   5.9165472E+00   5.9313996E+00   5.9165472E+00 
  6.0043846E+00   5.9804766E+00   6.0043846E+00   5.9804766E+00 
  9.1745315E+00   9.1648378E+00   9.1745315E+00   9.1648378E+00 
  7.2325442E+00   7.2085455E+00   7.2325442E+00   7.2085455E+00 
  5.0442033E+00   5.0290336E+00   5.0442033E+00   5.0290336E+00 
  5.4770023E+00   5.4531428E+00   5.4770023E+00   5.4531428E+00 
  7.1985668E+00   7.1753755E+00   7.1985668E+00   7.1753755E+00 
  6.5175091E+00   6.4949979E+00   6.5175091E+00   6.4949979E+00 
  4.4159767E+00   4.3920803E+00   4.4159767E+00   4.3920803E+00 
  7.0419358E+00   7.0210646E+00   7.0419358E+00   7.0210646E+00 
