#    Findex      Frame           dG    |  DeltaE 
         0        500   2.4665687E+01   2.4665687E+01
         1       1000   2.5078912E+01   1.7114943E+02
         2       1500   2.5320633E+01   4.9345511E+01
         3       2000  -3.7673570E+00  -4.5938065E+00
         4       2500  -3.6343961E+00   8.2076817E-01
         5       3000  -3.5257038E+00   3.5792371E+02
         6       3500  -3.4338057E+00   1.1846310E+02
         7       4000  -3.3542000E+00   9.9155025E+00
         8       4500  -3.2839828E+00   5.6236024E+01
         9       5000  -4.9079607E+00  -6.2443808E+00
        10       5500  -4.8511409E+00   1.0280825E+02
        11       6000  -4.7992684E+00   6.3826156E+01
        12       6500  -4.7515503E+00   1.8591693E+02
        13       7000  -4.7073768E+00   5.3479571E-01
        14       7500  -4.6662462E+00   2.2011142E+01
        15       8000  -4.6277717E+00   1.9777850E+00
        16       8500  -4.5916298E+00   2.8597319E+01
        17       9000  -4.5575544E+00   1.0784059E+01
        18       9500  -4.5253219E+00   3.9338862E+01
        19      10000  -5.4272473E+00  -7.0732078E+00
        20      10500  -5.3981607E+00   4.0717464E+01
        21      11000  -5.3704275E+00   4.9710121E+01
        22      11500  -5.3439752E+00  -1.5921652E+00
        23      12000  -5.3186029E+00   2.0579373E+01
        24      12500  -5.2942666E+00   3.6404455E+01
        25      13000  -5.2708849E+00   3.7970174E+01
        26      13500  -5.2484239E+00  -1.4563920E+00
        27      14000  -5.2267430E+00   9.6733329E+00
        28      14500  -5.2058231E+00   2.4900468E+01
        29      15000  -5.1856124E+00   1.1828796E+02
        30      15500  -5.1660645E+00   5.4692853E+01
        31      16000  -5.1480457E+00  -3.3467027E+00
        32      16500  -5.2515971E+00  -6.3298539E+00
        33      17000  -5.2339441E+00  -2.3715281E+00
        34      17500  -6.5649136E+00  -8.6188690E+00
        35      18000  -6.5481193E+00   9.2755986E+01
        36      18500  -6.5317852E+00   3.1868390E+02
        37      19000  -6.5158868E+00   4.1313450E+01
        38      19500  -6.5004013E+00   2.1388923E+02
        39      20000  -6.4853080E+00   9.0970289E-01
        40      20500  -6.4705873E+00   1.0053771E+02
        41      21000  -6.4562214E+00   3.4126492E+01
        42      21500  -6.4421935E+00   3.1616575E+01
        43      22000  -6.4284881E+00   2.7231320E+01
        44      22500  -6.4150907E+00   1.7821417E+02
        45      23000  -6.4019879E+00   3.1821418E+01
        46      23500  -6.3891668E+00   1.3193032E+01
        47      24000  -6.3766156E+00   7.5267579E+00
        48      24500  -6.6074478E+00  -8.2754362E+00
        49      25000  -6.5954038E+00   2.0373056E+02
        50      25500  -6.5835983E+00   4.0476840E+00
        51      26000  -7.3548153E+00  -9.5235816E+00
        52      26500  -7.3434595E+00   3.2456019E+01
        53      27000  -7.3323161E+00   3.3430701E+01
        54      27500  -7.3213771E+00   4.6479330E+01
        55      28000  -7.3106482E+00  -3.3088760E+00
        56      28500  -7.3000965E+00   9.3708288E+00
        57      29000  -7.2897282E+00   1.4472739E+02
        58      29500  -7.2795373E+00   3.6568186E+02
        59      30000  -7.2695176E+00   9.3617694E+01
        60      30500  -7.2596635E+00   3.8433047E+02
        61      31000  -7.2499697E+00   9.5974073E-01
        62      31500  -7.2404310E+00   3.7478660E+01
        63      32000  -7.2310425E+00   1.0862071E+02
        64      32500  -7.2217995E+00   1.3074204E+01
        65      33000  -7.2126977E+00   2.9290383E+00
        66      33500  -7.2037328E+00   1.0589679E+02
        67      34000  -7.1949007E+00   5.8303157E+00
        68      34500  -7.1861975E+00   1.0000000E+06
        69      35000  -7.1776195E+00   1.0464943E+01
        70      35500  -7.1691970E+00  -3.8808873E+00
        71      36000  -7.1608594E+00  -1.1093988E+00
        72      36500  -7.1526364E+00   8.2433324E+00
        73      37000  -7.1445253E+00   1.0789996E+02
        74      37500  -7.1365230E+00   5.7992956E+01
        75      38000  -7.1286268E+00   1.4135699E+01
        76      38500  -7.1208338E+00   3.3390647E+00
        77      39000  -7.1131413E+00   1.8624848E+01
        78      39500  -7.1055469E+00   2.5921759E+01
        79      40000  -7.0980479E+00   5.0996352E+01
        80      40500  -7.0906421E+00   1.3066094E+01
        81      41000  -7.1694509E+00  -8.6006072E+00
        82      41500  -7.1622250E+00  -1.3095799E+00
        83      42000  -7.1550853E+00   1.8176949E+02
        84      42500  -7.1480301E+00   1.0000000E+06
        85      43000  -7.1410574E+00   3.0407960E+01
        86      43500  -7.1341654E+00   3.2255902E+01
        87      44000  -7.1273521E+00   1.1254324E+01
        88      44500  -7.1206158E+00   4.8986683E+00
        89      45000  -7.1139913E+00  -4.0142370E+00
        90      45500  -7.1074043E+00  -1.4663328E+00
        91      46000  -7.1008889E+00   5.1385033E+01
        92      46500  -7.0944442E+00  -1.1692186E+00
        93      47000  -7.0880681E+00   2.1015539E+01
        94      47500  -7.0817595E+00   4.5122437E+00
        95      48000  -7.0755170E+00   6.3230841E+01
        96      48500  -7.0693391E+00   5.1552022E+01
        97      49000  -7.0632246E+00   2.8703190E+01
        98      49500  -7.0571722E+00   5.7435547E+01
        99      50000  -7.0511806E+00   1.0390098E+01
       100      50500  -7.0452487E+00   4.0785769E+01
       101      51000  -7.0393752E+00   1.4944460E+02
       102      51500  -7.0335590E+00   3.5887892E+02
       103      52000  -7.0277989E+00   1.9122067E+02
       104      52500  -7.0220940E+00   7.4860576E+01
       105      53000  -7.0164432E+00   4.0011884E+01
       106      53500  -7.0108455E+00   3.7210940E+02
       107      54000  -7.0052998E+00   5.4458863E+00
       108      54500  -6.9998149E+00  -3.2240411E+00
       109      55000  -6.9943705E+00   3.6068780E+01
       110      55500  -6.9889754E+00   2.0141580E+02
       111      56000  -6.9836286E+00   1.6643192E+01
       112      56500  -6.9783294E+00   2.8607525E+01
       113      57000  -6.9730769E+00   1.1462595E+02
       114      57500  -6.9678703E+00   6.5225548E+01
       115      58000  -6.9627087E+00   9.1552873E+00
       116      58500  -6.9584520E+00  -5.8977659E+00
       117      59000  -6.9533783E+00   9.7530586E+01
       118      59500  -6.9483474E+00   2.4343638E+02
       119      60000  -6.9433586E+00   2.1094623E+01
       120      60500  -6.9384112E+00   3.1751763E+01
       121      61000  -6.9335045E+00   2.5077620E+02
       122      61500  -6.9286379E+00   1.2459201E+02
       123      62000  -6.9238107E+00   7.4931090E+00
       124      62500  -6.9190242E+00  -2.2482638E+00
       125      63000  -6.9142739E+00   1.9564269E+01
       126      63500  -6.9095612E+00   4.0082973E+01
       127      64000  -6.9048854E+00   3.2066374E+01
       128      64500  -6.9002460E+00   6.6996592E+01
       129      65000  -6.8956425E+00   1.0456161E+02
       130      65500  -6.8982818E+00  -7.1688133E+00
       131      66000  -6.8937483E+00   1.1359832E+00
       132      66500  -6.8892489E+00   1.8907393E+02
       133      67000  -6.8847833E+00   3.6229121E+01
       134      67500  -6.8803509E+00   9.3721535E+01
       135      68000  -6.8759512E+00   1.1634837E+02
       136      68500  -6.8715837E+00   1.2771322E+02
       137      69000  -6.8672480E+00   1.5473340E+01
       138      69500  -6.8629436E+00   1.3034046E+02
       139      70000  -6.8586701E+00   1.6322925E+01
       140      70500  -6.8544269E+00   1.6694500E+02
       141      71000  -6.8502138E+00   7.3768340E+00
       142      71500  -6.8460302E+00   4.2144916E+01
       143      72000  -6.8418758E+00   2.0286774E+02
       144      72500  -6.8377501E+00   2.5926222E+01
       145      73000  -6.8336528E+00   4.4045688E+01
       146      73500  -6.8295835E+00   7.8616877E+01
       147      74000  -6.8255417E+00   8.0526523E+01
       148      74500  -6.8215272E+00   5.8491100E+01
       149      75000  -6.8175395E+00   2.6759747E+01
       150      75500  -6.8135783E+00   1.4400518E+02
       151      76000  -7.2269789E+00  -9.8128600E+00
       152      76500  -7.2230697E+00   1.3401408E+01
       153      77000  -7.2191859E+00   8.6923882E+01
       154      77500  -7.2153273E+00   8.4469685E+00
       155      78000  -7.2114934E+00   6.8726036E+01
       156      78500  -7.2076841E+00   1.9262372E+02
       157      79000  -7.2038990E+00   1.9389382E+01
       158      79500  -7.2001377E+00   9.3175154E+01
       159      80000  -7.1964000E+00   2.3432037E+02
       160      80500  -7.1926856E+00   2.3769616E+02
       161      81000  -7.1889943E+00   3.7647521E+02
       162      81500  -7.1853256E+00   5.4601037E+01
       163      82000  -7.1829740E+00  -6.5668425E+00
       164      82500  -7.1793499E+00   1.4071110E+02
       165      83000  -7.1757477E+00   2.9920473E+02
       166      83500  -7.1721672E+00   1.6500413E+02
       167      84000  -7.1686080E+00   5.1947296E+01
       168      84500  -7.1880270E+00  -8.2931969E+00
       169      85000  -7.2711518E+00  -9.1402785E+00
       170      85500  -7.2676552E+00   1.0961979E+02
       171      86000  -7.2641791E+00   2.0290161E+02
       172      86500  -7.2607231E+00   4.8033578E+01
       173      87000  -7.2572870E+00   3.7395243E+01
       174      87500  -7.2662260E+00  -8.0281291E+00
       175      88000  -7.2628290E+00   1.9581364E+00
       176      88500  -7.2594514E+00   1.1502577E+02
       177      89000  -7.2560927E+00   1.1740691E+02
       178      89500  -7.2527529E+00   1.1315434E+02
       179      90000  -7.2494317E+00   3.0647723E+00
       180      90500  -7.2461289E+00   1.3382490E+01
       181      91000  -7.2428442E+00   6.3343567E+01
       182      91500  -7.2395776E+00   2.1070469E+02
       183      92000  -7.2363288E+00   1.0000000E+06
       184      92500  -7.2330976E+00   3.2066186E+01
       185      93000  -7.2298838E+00   1.1678764E+02
       186      93500  -7.2266872E+00   1.5971976E+01
       187      94000  -7.2235077E+00   2.8257358E+01
       188      94500  -7.2203451E+00   1.2414416E+01
       189      95000  -7.2171991E+00   8.1738924E+00
       190      95500  -7.2140697E+00   1.2074669E+02
       191      96000  -7.2109566E+00   3.0749909E+01
       192      96500  -7.2078596E+00   2.1748562E+01
       193      97000  -7.2781719E+00  -9.1335685E+00
       194      97500  -7.2751068E+00   2.2094919E+01
       195      98000  -7.2720574E+00   3.4879960E+01
       196      98500  -7.2690235E+00   3.8731239E+01
       197      99000  -7.2661729E+00  -5.5455027E+00
       198      99500  -7.2631696E+00   1.2843711E+02
       199     100000  -7.2601814E+00   6.1170681E+01
       200     100500  -7.2572080E+00   1.1431076E+02
       201     101000  -7.2542494E+00   8.5757364E+01
       202     101500  -7.2513054E+00   1.3413422E+01
       203     102000  -7.2483759E+00   5.1982011E+01
       204     102500  -7.2454607E+00   2.8302638E+02
       205     103000  -7.2425597E+00   2.2720904E+01
       206     103500  -7.2396727E+00   7.3317736E-02
       207     104000  -7.2367997E+00   2.0318132E+01
       208     104500  -7.2339404E+00   1.0000000E+06
       209     105000  -7.2310971E+00  -2.9865099E+00
       210     105500  -7.2282650E+00   4.2612220E+01
       211     106000  -7.2254462E+00   2.2625357E+02
       212     106500  -7.2226667E+00  -4.4312085E+00
       213     107000  -7.2198990E+00  -4.4013126E+00
       214     107500  -7.2215225E+00  -7.4949610E+00
       215     108000  -7.2187561E+00   3.9854341E+02
       216     108500  -7.2160025E+00   1.1643340E+00
       217     109000  -7.2132615E+00   2.0646786E+01
       218     109500  -7.2105331E+00   2.9910652E+02
       219     110000  -7.2323064E+00  -8.5324590E+00
       220     110500  -7.2721430E+00  -8.8952662E+00
       221     111000  -7.2694515E+00   1.5952702E+02
       222     111500  -7.2667721E+00   7.7291224E+01
       223     112000  -7.2641048E+00   8.4979117E+00
       224     112500  -7.2614719E+00  -4.4229081E+00
       225     113000  -7.2588282E+00   1.1996130E+02
       226     113500  -7.2561962E+00   7.3379631E+00
       227     114000  -7.2535757E+00   5.7048421E+01
       228     114500  -7.2509667E+00   7.6642663E+01
       229     115000  -7.2483690E+00   2.3526792E+00
       230     115500  -7.2457827E+00   2.7847247E+02
       231     116000  -7.2432075E+00   6.2916488E+01
       232     116500  -7.2406434E+00   9.7208074E-01
       233     117000  -7.2380902E+00   4.6722350E+01
       234     117500  -7.2355480E+00   3.3894721E+01
       235     118000  -7.2330165E+00   1.1209288E+02
       236     118500  -7.2304958E+00   9.7230059E+01
       237     119000  -7.2279856E+00   1.3154267E+01
       238     119500  -7.2254860E+00   1.0274340E+01
       239     120000  -7.2229968E+00   8.1855716E-01
       240     120500  -7.2205180E+00   7.0023977E+01
       241     121000  -7.2180494E+00   1.7128118E+01
       242     121500  -7.2156421E+00  -4.9070371E+00
       243     122000  -7.2131938E+00   3.0980971E+02
       244     122500  -7.2107555E+00   4.2218574E+01
       245     123000  -7.2083272E+00   2.5020323E+02
       246     123500  -7.2059087E+00   1.7345345E+01
       247     124000  -7.2035000E+00   9.9363368E-01
       248     124500  -7.2011010E+00   1.1841302E+02
       249     125000  -7.1987115E+00   3.1744532E+01
       250     125500  -7.1963317E+00   1.7962782E+01
       251     126000  -7.1939619E+00  -2.3109342E+00
       252     126500  -7.1916272E+00  -4.5119597E+00
       253     127000  -7.1892755E+00   2.3990420E+02
       254     127500  -7.1869330E+00   5.8226078E+01
       255     128000  -7.1845997E+00   3.7199135E+01
       256     128500  -7.1822755E+00   2.2919962E+01
       257     129000  -7.1799603E+00   7.7870265E+01
       258     129500  -7.1776541E+00   2.2599718E+01
       259     130000  -7.2152563E+00  -8.8983654E+00
       260     130500  -7.2129678E+00   3.4453030E+01
       261     131000  -7.2106880E+00   2.8580365E+02
       262     131500  -7.2084170E+00  -7.5817962E-01
       263     132000  -7.2061545E+00   3.6939574E+01
       264     132500  -7.2039010E+00  -1.9743801E+00
       265     133000  -7.2016555E+00   4.0891710E+01
       266     133500  -7.1994186E+00   3.7402941E+01
       267     134000  -7.1971899E+00   9.1376212E+00
       268     134500  -7.1949696E+00   2.2346099E+01
       269     135000  -7.1927575E+00   1.5162302E+01
       270     135500  -7.1905536E+00   3.0733559E+02
       271     136000  -7.1883578E+00   6.3326923E+01
       272     136500  -7.1861701E+00   1.2306975E+01
       273     137000  -7.1839903E+00   5.3203422E+00
       274     137500  -7.1818185E+00   1.2687120E+02
       275     138000  -7.1796546E+00   2.2993318E+01
       276     138500  -7.1774985E+00   4.4037212E+01
       277     139000  -7.1753502E+00   9.6589493E+01
       278     139500  -7.1732096E+00   2.3611646E+01
       279     140000  -7.1710767E+00   1.6953700E+01
       280     140500  -7.2830408E+00  -9.6024928E+00
       281     141000  -7.2809230E+00   8.3392034E+01
       282     141500  -7.2788127E+00   1.5726622E+02
       283     142000  -7.2767099E+00   9.5406148E+01
       284     142500  -7.2746144E+00   7.3764643E+01
       285     143000  -7.2725263E+00   6.6876090E+00
       286     143500  -7.2704454E+00   3.7041192E+01
       287     144000  -7.2683719E+00   7.4981770E+01
       288     144500  -7.2663054E+00   2.1367579E+01
       289     145000  -7.2642462E+00   9.2551474E+00
       290     145500  -7.2621940E+00   2.2750212E+02
       291     146000  -7.2601489E+00   1.4059915E+02
       292     146500  -7.2581107E+00   1.6433668E+02
       293     147000  -7.2560878E+00  -3.9794127E+00
       294     147500  -7.2540635E+00   4.4396716E+01
       295     148000  -7.2520461E+00   8.0131271E+01
       296     148500  -7.2500354E+00   3.1815269E+01
       297     149000  -7.2480315E+00   5.8722717E+01
       298     149500  -7.2460343E+00   7.0136114E+01
       299     150000  -7.2440438E+00   4.1298728E+01
       300     150500  -7.2420600E+00   5.5326832E+00
       301     151000  -7.2400826E+00   6.9850813E+01
       302     151500  -7.3580357E+00  -9.7493357E+00
       303     152000  -7.3560714E+00   1.0473407E+01
       304     152500  -7.5649276E+00  -1.0253107E+01
       305     153000  -7.5629761E+00   5.5597078E+01
       306     153500  -7.5610311E+00   2.5212923E+02
       307     154000  -7.5590943E+00  -3.4473564E+00
       308     154500  -7.5579942E+00  -7.0563964E+00
       309     155000  -7.5560680E+00   2.4182234E+00
       310     155500  -7.5541480E+00   3.7155445E+01
       311     156000  -7.5522342E+00   1.2875551E+02
       312     156500  -7.5503265E+00   2.8508384E+02
       313     157000  -7.5484249E+00   9.9073765E+00
       314     157500  -7.5465293E+00   4.8133012E+01
       315     158000  -7.5446397E+00   1.1796549E+01
       316     158500  -7.5427561E+00   6.6852283E+01
       317     159000  -7.5408785E+00   2.6043682E+01
       318     159500  -7.5390067E+00   6.7856376E+00
       319     160000  -7.5371409E+00  -1.6518949E+00
       320     160500  -7.5352808E+00   8.1511105E+01
       321     161000  -7.5334265E+00   7.8953906E+01
       322     161500  -7.5315780E+00   4.4735087E+01
       323     162000  -7.5297351E+00   1.5652046E+02
       324     162500  -7.5278980E+00   1.2461461E+02
       325     163000  -7.5260664E+00   4.6195093E+01
       326     163500  -7.5243242E+00  -5.6869788E+00
       327     164000  -7.5225038E+00   5.0879537E+01
       328     164500  -7.5206891E+00   2.8922669E-01
       329     165000  -7.5188798E+00   3.6882579E+01
       330     165500  -7.5170760E+00   1.9738590E+02
       331     166000  -7.5152776E+00   3.4246159E+02
       332     166500  -7.5134847E+00  -1.0876450E+00
       333     167000  -7.5116971E+00   2.8130621E+02
       334     167500  -7.5099149E+00   9.6966168E-02
       335     168000  -7.5081380E+00   2.5946913E+01
       336     168500  -7.5063663E+00   4.2736314E+01
       337     169000  -7.5045999E+00   7.2593263E+01
       338     169500  -7.5028387E+00   1.6453691E+02
       339     170000  -7.5010828E+00   8.0290351E+01
       340     170500  -7.5166560E+00  -8.8752872E+00
       341     171000  -7.5149103E+00   9.3712138E+00
       342     171500  -7.5131697E+00   6.0992400E+01
       343     172000  -7.5114342E+00   5.7424498E+01
       344     172500  -7.5097037E+00   9.7168008E+01
       345     173000  -7.5079782E+00   5.7521388E+01
       346     173500  -7.5062577E+00   1.0640573E+02
       347     174000  -7.5045421E+00   2.9393152E+01
       348     174500  -7.5028315E+00   1.8147860E+01
       349     175000  -7.5011257E+00   3.1193002E+01
       350     175500  -7.4994248E+00   2.4916204E+02
       351     176000  -7.4977288E+00   3.8567305E+01
       352     176500  -7.4960376E+00   1.9709055E+01
       353     177000  -7.4943511E+00   3.1647224E-02
       354     177500  -7.4932959E+00  -6.9051205E+00
       355     178000  -7.4916189E+00   2.1596733E+01
       356     178500  -7.4899467E+00   2.7377637E+01
       357     179000  -7.4882791E+00   6.2915384E+01
       358     179500  -7.4866162E+00   1.1580724E+02
       359     180000  -7.4849579E+00   8.9323128E+01
       360     180500  -7.4833042E+00   3.4044913E+01
       361     181000  -7.4816551E+00   2.9212629E+02
       362     181500  -7.4800105E+00   1.6137865E+01
       363     182000  -7.4783717E+00  -3.2009470E+00
       364     182500  -7.4767362E+00   8.6245867E+00
       365     183000  -7.4751051E+00   1.1257523E+02
       366     183500  -7.4734835E+00  -4.0334986E+00
       367     184000  -7.4718613E+00   5.0955795E+00
       368     184500  -7.4702435E+00   1.0000000E+06
       369     185000  -7.4686305E+00  -2.5252712E+00
       370     185500  -7.4670215E+00   2.7494310E+01
       371     186000  -7.4654167E+00   2.1624758E+01
       372     186500  -7.4638163E+00   1.2591007E+01
       373     187000  -7.4622202E+00   1.0403668E+01
       374     187500  -7.4606283E+00   1.8729605E+02
       375     188000  -7.4590502E+00  -4.4138856E+00
       376     188500  -7.4574668E+00   2.0104818E+01
       377     189000  -7.4558876E+00   3.1175975E+02
       378     189500  -7.4543125E+00   1.6757318E+02
       379     190000  -7.4527416E+00   1.3893346E-01
       380     190500  -7.4511749E+00   6.5666782E+01
       381     191000  -7.4496122E+00   2.5648858E+01
       382     191500  -7.4480536E+00   3.9413205E+01
       383     192000  -7.4464993E+00  -2.0811632E+00
       384     192500  -7.4449488E+00   2.6390694E+01
       385     193000  -7.4434024E+00   3.4664734E+01
       386     193500  -7.4418599E+00   6.3760622E+01
       387     194000  -7.4403214E+00   1.3129781E+02
       388     194500  -7.4387869E+00   6.7065937E+00
       389     195000  -7.4372564E+00   7.4402036E+01
       390     195500  -7.4442932E+00  -8.4688139E+00
       391     196000  -7.4427705E+00   1.2310658E+02
       392     196500  -7.4412516E+00   9.1607268E+01
       393     197000  -7.4397366E+00   1.5786588E+02
       394     197500  -7.4382254E+00   3.6525864E+02
       395     198000  -7.4367181E+00   3.9303994E+01
       396     198500  -7.4352145E+00   9.2535137E+00
       397     199000  -7.4337147E+00   1.0000000E+06
       398     199500  -7.4322187E+00   2.0319204E+01
       399     200000  -7.4307265E+00   3.8508521E+01
       400     200500  -7.4292379E+00   1.1922491E+01
       401     201000  -7.4277531E+00   1.6458254E+02
       402     201500  -7.4262720E+00   2.3251595E+01
       403     202000  -7.4247945E+00   6.4853816E+01
       404     202500  -7.4233207E+00   1.0000000E+06
       405     203000  -7.4218505E+00   1.1680052E+02
       406     203500  -7.4203840E+00   3.6761674E+01
       407     204000  -7.4189210E+00   7.4157309E+01
       408     204500  -7.4174616E+00   6.8439524E+01
       409     205000  -7.4160058E+00   1.3046098E+02
       410     205500  -7.4145535E+00   2.0796669E+02
       411     206000  -7.4131092E+00  -3.9548403E+00
       412     206500  -7.4116639E+00   3.9955273E+02
       413     207000  -7.4102222E+00   7.0064619E+01
       414     207500  -7.4087839E+00   3.0880022E+01
       415     208000  -7.4073503E+00  -3.1674761E+00
       416     208500  -7.4059190E+00   9.2123920E+01
       417     209000  -7.4044910E+00   1.0478357E+02
       418     209500  -7.4030665E+00   3.0867732E+01
       419     210000  -7.4016454E+00   4.2554296E+00
       420     210500  -7.4002277E+00   2.7039323E+01
       421     211000  -7.3988499E+00  -5.2201534E+00
       422     211500  -7.3974388E+00   4.5529502E+01
       423     212000  -7.3960311E+00   2.5365421E+01
       424     212500  -7.3946268E+00   2.2851516E+02
       425     213000  -7.3932257E+00   6.0939453E+01
       426     213500  -7.3918279E+00   1.4921866E+01
       427     214000  -7.3904334E+00   1.5964441E+01
       428     214500  -7.3890421E+00   3.0715397E+02
       429     215000  -7.3876541E+00   6.4503118E+01
       430     215500  -7.3862693E+00   1.7865456E+02
       431     216000  -7.3848877E+00   2.2725841E+01
       432     216500  -7.3835093E+00   1.3690991E+02
       433     217000  -7.3821341E+00   1.5942436E+02
       434     217500  -7.3807620E+00   3.2414520E+01
       435     218000  -7.3809687E+00  -7.4647148E+00
       436     218500  -7.3796030E+00   3.3337303E+01
       437     219000  -7.3782403E+00   7.9887476E+00
       438     219500  -7.3768808E+00   2.4559565E+02
       439     220000  -7.3769852E+00  -7.4211544E+00
       440     220500  -7.3756319E+00   6.2344127E+01
       441     221000  -7.3742816E+00   9.6093156E+00
       442     221500  -7.3729343E+00   1.5926954E+00
       443     222000  -7.3715901E+00   1.5193555E+00
       444     222500  -7.3702489E+00   7.6964666E+01
       445     223000  -7.3689108E+00   7.1744140E+01
       446     223500  -7.3675756E+00   4.5534877E+01
       447     224000  -7.4225932E+00  -9.6277666E+00
       448     224500  -7.4212640E+00   1.4885663E+01
       449     225000  -7.4199377E+00   3.3737650E+01
       450     225500  -7.4186144E+00   1.1955748E+02
       451     226000  -7.4172940E+00  -5.7166783E-01
       452     226500  -7.4313607E+00  -8.8894718E+00
       453     227000  -7.4313743E+00  -7.4375351E+00
       454     227500  -7.4300627E+00   9.6498337E-01
       455     228000  -7.4287539E+00   9.6214889E+00
       456     228500  -7.4274479E+00   2.7271459E+01
       457     229000  -7.4261449E+00   1.1027317E+01
       458     229500  -7.4248446E+00   5.8760998E+01
       459     230000  -7.4235472E+00   5.3226432E+01
       460     230500  -7.4266173E+00  -8.1496285E+00
       461     231000  -7.4253256E+00   2.3095929E+01
       462     231500  -7.4240366E+00   2.3219250E+02
       463     232000  -7.4227506E+00  -2.1983609E+00
       464     232500  -7.4214671E+00   2.6741357E+01
       465     233000  -7.4633973E+00  -9.5402603E+00
       466     233500  -7.4621193E+00   1.2812144E+02
       467     234000  -7.4608441E+00   1.2984938E+02
       468     234500  -7.4595716E+00   1.1017269E+02
       469     235000  -7.4583019E+00   4.7037576E+01
       470     235500  -7.4570348E+00   1.2782472E+02
       471     236000  -7.4557704E+00   2.9864372E+02
       472     236500  -7.4545087E+00   1.0311719E+02
       473     237000  -7.4532497E+00   1.1733658E+01
       474     237500  -7.4519933E+00   6.3489514E+01
       475     238000  -7.4507395E+00   1.1660772E+02
       476     238500  -7.4494884E+00   1.7145603E+02
       477     239000  -7.4482399E+00   1.0000000E+06
       478     239500  -7.4469940E+00   1.1434021E+02
       479     240000  -7.4457507E+00   1.3188599E+01
       480     240500  -7.4445100E+00   1.6617001E+01
       481     241000  -7.4432795E+00  -4.4105270E+00
       482     241500  -7.4420440E+00   1.6818246E+02
       483     242000  -7.4408110E+00   2.2360922E+01
       484     242500  -7.4395805E+00   2.7685629E+01
       485     243000  -7.5351421E+00  -1.0091562E+01
       486     243500  -7.5339167E+00   3.6420884E+02
       487     244000  -7.5326938E+00   1.3085309E+00
       488     244500  -7.5314735E+00   2.5619144E+01
       489     245000  -7.5302556E+00   2.3210001E+00
       490     245500  -7.5290402E+00   2.9611396E+01
       491     246000  -7.5278272E+00   6.2182594E+00
       492     246500  -7.5266168E+00   4.2502114E+01
       493     247000  -7.5254088E+00  -1.4280269E+00
       494     247500  -7.5242477E+00  -5.5577384E+00
       495     248000  -7.5230445E+00   2.6934504E+00
       496     248500  -7.5218438E+00   1.0000000E+06
       497     249000  -7.5206455E+00   6.7928893E+01
       498     249500  -7.5194496E+00  -1.1417663E+00
       499     250000  -7.5182561E+00   2.3794418E+02
       500     250500  -7.5174484E+00  -6.8420178E+00
       501     251000  -7.5162596E+00   1.1950281E+02
       502     251500  -7.5150732E+00   1.2044668E+01
       503     252000  -7.5138892E+00   4.8569010E+01
       504     252500  -7.5127075E+00   2.2028910E+02
       505     253000  -7.5115282E+00   2.8479611E+02
       506     253500  -7.5103512E+00   6.8941199E+01
       507     254000  -7.5091771E+00  -2.9763758E+00
       508     254500  -7.5080047E+00   6.2131199E+00
       509     255000  -7.5068346E+00   1.9223695E+02
       510     255500  -7.5056668E+00   9.0173795E+00
       511     256000  -7.5045013E+00   4.9281352E+00
       512     256500  -7.5033381E+00   4.6420261E+01
       513     257000  -7.5021771E+00   4.7014768E+01
       514     257500  -7.5010184E+00   2.1118886E+01
       515     258000  -7.4998619E+00   1.1184141E+02
       516     258500  -7.4988035E+00  -6.0157349E+00
       517     259000  -7.4976515E+00   2.2975381E+01
       518     259500  -7.4965018E+00   4.5637574E+01
       519     260000  -7.4953544E+00  -2.2124232E+00
       520     260500  -7.4942090E+00   1.4411127E+02
       521     261000  -7.4930658E+00   3.4657314E+01
       522     261500  -7.4919249E+00   2.6729609E+00
       523     262000  -7.5631549E+00  -1.0003036E+01
       524     262500  -7.5620183E+00  -1.0997657E+00
       525     263000  -7.5608838E+00   2.3066054E+01
       526     263500  -7.5597515E+00   1.1343811E+01
       527     264000  -7.5586214E+00   2.7478609E+02
       528     264500  -7.5574934E+00   6.2774953E+01
       529     265000  -7.5563675E+00   4.1500292E+01
       530     265500  -7.5552437E+00   1.7029417E+02
       531     266000  -7.5541221E+00   3.1857454E+01
       532     266500  -7.5530036E+00  -3.4281088E+00
       533     267000  -7.5518862E+00   5.0277591E+01
       534     267500  -7.5507708E+00   9.2576905E+01
       535     268000  -7.5496575E+00   6.9138659E+00
       536     268500  -7.5485463E+00   9.2551506E+01
       537     269000  -7.5474372E+00   4.3584247E+01
       538     269500  -7.5463301E+00   3.2572604E+01
       539     270000  -7.5452251E+00   2.4163807E+01
       540     270500  -7.5441222E+00   2.7622088E+02
       541     271000  -7.5430212E+00   3.6138119E+01
       542     271500  -7.5419275E+00  -4.3452870E+00
       543     272000  -7.5408306E+00   1.3031321E+02
       544     272500  -7.5397357E+00   1.1896966E+02
       545     273000  -7.5431514E+00  -8.3863056E+00
       546     273500  -7.5420605E+00   4.7266613E+01
       547     274000  -7.5409717E+00   1.0313721E+02
       548     274500  -7.5398848E+00   1.9026691E+02
       549     275000  -7.5387999E+00   7.1617835E+01
       550     275500  -7.5377169E+00   4.0475886E+01
       551     276000  -7.5366360E+00   5.2867284E+01
       552     276500  -7.5355569E+00   3.1085616E+02
       553     277000  -7.5344799E+00   4.8781454E+01
       554     277500  -7.5334047E+00   3.4569744E+01
       555     278000  -7.5323316E+00   2.9073744E+00
       556     278500  -7.5312603E+00   1.1412328E+02
       557     279000  -7.5301910E+00   4.4202069E+01
       558     279500  -7.5291235E+00   2.8554130E+00
       559     280000  -7.5280580E+00   2.4012440E+01
       560     280500  -7.5269944E+00   4.5106194E+01
       561     281000  -7.5267846E+00  -7.3956524E+00
       562     281500  -7.5257248E+00   8.7729814E+01
       563     282000  -7.5246668E+00   3.1373494E+01
       564     282500  -7.5236107E+00   1.5934576E+02
       565     283000  -7.5225565E+00   2.2181058E+01
       566     283500  -7.5215042E+00   1.1439195E+02
       567     284000  -7.5204537E+00   3.2463226E+02
       568     284500  -7.5194050E+00   1.1673046E+00
       569     285000  -7.5183582E+00   3.7252516E+01
       570     285500  -7.5173133E+00  -2.0158213E+00
       571     286000  -7.5164222E+00  -6.3686815E+00
       572     286500  -7.5153809E+00   1.6768475E+02
       573     287000  -7.5739216E+00  -9.9584877E+00
       574     287500  -7.5728839E+00  -7.9747661E-01
       575     288000  -7.5718480E+00   2.8927067E+02
       576     288500  -7.5708139E+00   3.6879831E+01
       577     289000  -7.5697816E+00   5.3981668E+01
       578     289500  -7.5687511E+00   1.4119803E+01
       579     290000  -7.5677223E+00   6.4583243E+01
       580     290500  -7.5666954E+00   1.7051666E+01
       581     291000  -7.5656702E+00   8.6903805E+01
       582     291500  -7.5647355E+00  -6.1076389E+00
       583     292000  -7.5637138E+00   1.0000000E+06
       584     292500  -7.5626938E+00   9.0556516E+01
       585     293000  -7.5616756E+00   3.7869901E+01
       586     293500  -7.5606592E+00   1.8003782E+02
       587     294000  -7.5596444E+00   1.4037208E+02
       588     294500  -7.5586316E+00  -2.3925769E+00
       589     295000  -7.5576203E+00   4.9565626E-01
       590     295500  -7.5566107E+00   2.6931893E+01
       591     296000  -7.5556029E+00   2.9521319E+01
       592     296500  -7.5545967E+00   5.7716934E+01
       593     297000  -7.5535922E+00   5.7797832E+01
       594     297500  -7.5525894E+00   6.0593263E+00
       595     298000  -7.5515883E+00   1.1163810E+01
       596     298500  -7.5505889E+00   1.0000000E+06
       597     299000  -7.5495911E+00   4.0627328E+01
       598     299500  -7.5485951E+00   3.9105283E+02
       599     300000  -7.5476006E+00   1.3707084E+02
       600     300500  -7.5466079E+00   1.6802156E+02
       601     301000  -7.5456167E+00   1.8117121E+02
       602     301500  -7.5446273E+00   2.2425522E+01
       603     302000  -7.5502613E+00  -8.6817069E+00
       604     302500  -7.5492751E+00   9.0736269E+01
       605     303000  -7.5482905E+00   3.0497945E+01
       606     303500  -7.5473076E+00   2.2817486E+01
       607     304000  -7.5463263E+00   9.6622443E+00
       608     304500  -7.5453465E+00   2.9735862E+02
       609     305000  -7.5443684E+00   3.2843678E+01
       610     305500  -7.5433919E+00   9.8999904E+01
       611     306000  -7.5424170E+00   8.7111358E+01
       612     306500  -7.5424805E+00  -7.5800984E+00
       613     307000  -7.5415087E+00   9.0443187E+01
       614     307500  -7.5405386E+00   2.0734431E+02
       615     308000  -7.5412905E+00  -7.8834465E+00
       616     308500  -7.5611898E+00  -9.3824791E+00
       617     309000  -7.5602244E+00   1.4929362E+01
       618     309500  -7.5592842E+00  -5.3511190E+00
       619     310000  -7.5583219E+00   1.1782702E+02
       620     310500  -7.5573611E+00   1.7127395E+01
       621     311000  -7.5564019E+00   1.9321457E+02
       622     311500  -7.5679548E+00  -9.0942028E+00
       623     312000  -7.5669986E+00   1.1186185E+02
       624     312500  -7.5660444E+00  -2.8818630E+00
       625     313000  -7.5650913E+00   1.6069115E+02
       626     313500  -7.5641397E+00   9.4509792E+01
       627     314000  -7.5782579E+00  -9.2188903E+00
       628     314500  -7.5773094E+00   4.5568938E+01
       629     315000  -7.5763623E+00   3.3017708E+01
       630     315500  -7.5754168E+00   4.7107752E+01
       631     316000  -7.5744728E+00   1.0000000E+06
       632     316500  -7.5735302E+00   7.3256640E+01
       633     317000  -7.5725892E+00   2.1680412E+01
       634     317500  -7.5716553E+00  -4.5225962E+00
       635     318000  -7.5707172E+00   1.8364854E+02
       636     318500  -7.5697805E+00   5.7231862E+01
       637     319000  -7.5688454E+00   1.2384156E+02
       638     319500  -7.5745823E+00  -8.7439521E+00
       639     320000  -7.5736500E+00   1.5245356E+02
       640     320500  -7.5727193E+00   2.3462123E+01
       641     321000  -7.5717899E+00   7.4939418E+01
       642     321500  -7.5708621E+00   2.7254013E+02
       643     322000  -7.5699356E+00   5.4168159E+01
       644     322500  -7.5690107E+00   2.9905409E+02
       645     323000  -7.5680871E+00   2.3223705E+01
       646     323500  -7.5952153E+00  -9.6176244E+00
       647     324000  -7.5942947E+00  -2.2620885E+00
       648     324500  -7.5933754E+00   8.3937894E+01
       649     325000  -7.5924576E+00   1.4924419E+02
       650     325500  -7.5915411E+00   2.4017246E+02
       651     326000  -7.5906260E+00   1.2488057E+02
       652     326500  -7.5897124E+00   2.9754281E+01
       653     327000  -7.5888001E+00   2.3225046E+01
       654     327500  -7.5878893E+00   2.0803761E+01
       655     328000  -7.5869798E+00   2.4978037E+01
       656     328500  -7.5860717E+00   1.7044118E+01
       657     329000  -7.5851650E+00   1.1529101E+02
       658     329500  -7.5842597E+00   7.6108237E+00
       659     330000  -7.5833557E+00   2.4563254E+00
       660     330500  -7.5824532E+00   4.2583982E+01
       661     331000  -7.5815519E+00   1.1657661E+02
       662     331500  -7.5806521E+00   1.2261567E+02
       663     332000  -7.5797771E+00  -5.4094195E+00
       664     332500  -7.5788800E+00   2.3956343E+01
       665     333000  -7.5779842E+00   1.0456434E+02
       666     333500  -7.5770897E+00   2.9924976E+01
       667     334000  -7.5761966E+00   2.3898854E+02
       668     334500  -7.5753048E+00   4.2935695E+01
       669     335000  -7.5744144E+00   1.6902510E+02
       670     335500  -7.5735252E+00   2.0207948E+01
       671     336000  -7.5726529E+00  -5.1593472E+00
       672     336500  -7.5717664E+00   1.0601875E+01
       673     337000  -7.5708813E+00   3.0706501E+01
       674     337500  -7.5699974E+00   5.6963885E+00
       675     338000  -7.5691149E+00   2.4457745E+01
       676     338500  -7.5682348E+00  -3.6086959E+00
       677     339000  -7.5675010E+00  -6.4974622E+00
       678     339500  -7.5666223E+00   1.1780231E+02
       679     340000  -7.5657450E+00   1.5414619E+02
       680     340500  -7.5648689E+00   9.8150683E+01
       681     341000  -7.5639941E+00   1.4168720E+01
       682     341500  -7.5631207E+00   6.3039793E+01
       683     342000  -7.5622484E+00   1.3097200E+01
       684     342500  -7.5613775E+00   4.3540808E+01
       685     343000  -7.5605078E+00   3.5010454E+01
       686     343500  -7.5596394E+00   1.0000000E+06
       687     344000  -7.5587723E+00   1.0422503E+01
       688     344500  -7.5579064E+00   5.0496982E+01
       689     345000  -7.5570418E+00   1.2703454E+02
       690     345500  -7.5561784E+00   1.2495702E+02
       691     346000  -7.5557638E+00  -7.1650029E+00
       692     346500  -7.5549029E+00   5.5544703E+01
       693     347000  -7.5540432E+00   3.1385148E+01
       694     347500  -7.5532028E+00  -5.2466916E+00
       695     348000  -7.5523456E+00  -1.2128041E+00
       696     348500  -7.5514897E+00   5.1300785E+01
       697     349000  -7.5522349E+00  -7.9256233E+00
       698     349500  -7.5513814E+00   5.7304900E+01
       699     350000  -7.5505295E+00  -2.9712766E+00
       700     350500  -7.5496785E+00   2.4579864E+01
       701     351000  -7.5488287E+00   2.6398139E+01
       702     351500  -7.5479800E+00   1.0000000E+06
       703     352000  -7.5488119E+00  -7.9561293E+00
       704     352500  -7.5479657E+00   1.1291623E+02
       705     353000  -7.5471207E+00   5.6747796E+01
       706     353500  -7.5462779E+00  -3.5397716E+00
       707     354000  -7.5454353E+00   7.6339679E+01
       708     354500  -7.5445938E+00   1.2559654E+02
       709     355000  -7.5437536E+00   1.3665628E+02
       710     355500  -7.5429145E+00   4.1761626E+01
       711     356000  -7.5420766E+00   7.4727780E+00
       712     356500  -7.5412399E+00   1.1862554E+02
       713     357000  -7.5404044E+00   2.0816585E+02
       714     357500  -7.5395700E+00   2.0544349E+00
       715     358000  -7.5387368E+00   2.1476524E+02
       716     358500  -7.5379048E+00   2.7515734E+01
       717     359000  -7.5370739E+00   3.9937659E+01
       718     359500  -7.5362441E+00   2.5330688E+02
       719     360000  -7.5354156E+00   2.4024514E+00
       720     360500  -7.5345882E+00   1.6555694E+01
       721     361000  -7.5337619E+00   9.3833498E+00
       722     361500  -7.5329367E+00   8.4791308E+01
       723     362000  -7.5321128E+00   2.5120119E+01
       724     362500  -7.5312899E+00   9.2834757E+01
       725     363000  -7.5304682E+00   1.2545249E+02
       726     363500  -7.5296476E+00   1.1021765E+02
       727     364000  -7.5288281E+00   3.0350991E+01
       728     364500  -7.5280098E+00   9.9246049E+00
       729     365000  -7.5271926E+00   4.3276084E+01
       730     365500  -7.5263765E+00   1.4683330E+01
       731     366000  -7.5255615E+00   3.1636417E+01
       732     366500  -7.5247476E+00   1.8808118E+02
       733     367000  -7.5239349E+00   6.3130238E+01
       734     367500  -7.5231232E+00   5.5840326E-01
       735     368000  -7.5223127E+00   5.9168841E+01
       736     368500  -7.5215032E+00   1.2133288E+02
       737     369000  -7.5206949E+00   6.8591408E+00
       738     369500  -7.5198876E+00   4.3445022E+01
       739     370000  -7.5190815E+00   1.4836728E+02
       740     370500  -7.5182764E+00   9.2562706E+01
       741     371000  -7.5174947E+00  -5.3795047E+00
       742     371500  -7.5166918E+00   1.9976055E+00
       743     372000  -7.5158899E+00   1.0000000E+06
       744     372500  -7.5150892E+00   4.9562808E+01
       745     373000  -7.5142895E+00   9.6294031E-01
       746     373500  -7.5134909E+00   4.7109874E+01
       747     374000  -7.5126934E+00   5.7743309E+01
       748     374500  -7.5118969E+00   2.7500501E+01
       749     375000  -7.5111015E+00   4.2931271E+01
       750     375500  -7.5103072E+00   2.4969353E+02
       751     376000  -7.5095139E+00   6.1963292E+01
       752     376500  -7.5087216E+00   3.2534544E+01
       753     377000  -7.5079304E+00   1.2379015E+02
       754     377500  -7.5071403E+00   5.0629856E+01
       755     378000  -7.5063512E+00   7.0250116E+01
       756     378500  -7.5055632E+00   2.7648250E+01
       757     379000  -7.5047762E+00   4.5117539E+01
       758     379500  -7.5039902E+00   1.4735203E+01
       759     380000  -7.5032053E+00   3.3989579E+01
       760     380500  -7.5024214E+00   3.3998229E+01
       761     381000  -7.5016385E+00  -4.3759964E-02
       762     381500  -7.5008566E+00   3.6195054E+01
       763     382000  -7.5000758E+00   2.7763869E+01
       764     382500  -7.4992960E+00   3.3690150E+01
       765     383000  -7.4985172E+00   4.9043378E+01
       766     383500  -7.4977395E+00   5.8516146E+00
       767     384000  -7.4969627E+00   4.0833192E-01
       768     384500  -7.4961870E+00   3.8462337E+02
       769     385000  -7.4954123E+00   6.8770469E+01
       770     385500  -7.4946385E+00   2.5281932E+00
       771     386000  -7.4938658E+00   1.3676661E+01
       772     386500  -7.4930941E+00   5.7532832E+01
       773     387000  -7.4923258E+00  -4.0711688E+00
       774     387500  -7.4915561E+00   1.9450148E+01
       775     388000  -7.4907874E+00   1.6532539E+02
       776     388500  -7.4965421E+00  -8.7691782E+00
       777     389000  -7.4958956E+00  -6.3914914E+00
       778     389500  -7.4958634E+00  -7.4702757E+00
       779     390000  -7.4950986E+00   1.0000000E+06
       780     390500  -7.4943348E+00   4.2780730E+00
       781     391000  -7.4935719E+00   1.9359123E+01
       782     391500  -7.4928101E+00   1.3175945E+01
       783     392000  -7.4921223E+00  -6.0960420E+00
       784     392500  -7.4913624E+00   2.4299567E+01
       785     393000  -7.4906034E+00   3.5234905E+01
       786     393500  -7.4918057E+00  -8.0576449E+00
       787     394000  -7.4910486E+00   8.8345545E+00
       788     394500  -7.4902926E+00   1.1236385E+02
       789     395000  -7.4895375E+00   1.0237165E+02
       790     395500  -7.4887833E+00   2.3562488E+02
       791     396000  -7.4880301E+00   5.4582097E+01
       792     396500  -7.4872779E+00   1.1463679E+01
       793     397000  -7.4865266E+00   6.9926377E+01
       794     397500  -7.4857762E+00   8.5942907E+01
       795     398000  -7.4850268E+00   1.6184865E+00
       796     398500  -7.4842783E+00   3.1266944E+02
       797     399000  -7.4835308E+00   1.2810043E+02
       798     399500  -7.4827842E+00   2.6611689E+02
       799     400000  -7.4820386E+00  -2.0872503E+00
       800     400500  -7.4812939E+00   5.4802453E+01
       801     401000  -7.4805501E+00   1.2846452E+01
       802     401500  -7.4798072E+00   1.5822647E+01
       803     402000  -7.4790653E+00   5.2414798E+01
       804     402500  -7.4783242E+00   3.7199212E+01
       805     403000  -7.4775841E+00   3.2026567E+02
       806     403500  -7.4768449E+00   9.5963614E+01
       807     404000  -7.4761067E+00   4.9901427E+01
       808     404500  -7.4753693E+00   2.3924816E+01
       809     405000  -7.4746328E+00   4.6373016E+00
       810     405500  -7.4738973E+00   2.0021544E+01
       811     406000  -7.4731627E+00   1.3146076E+02
       812     406500  -7.4724289E+00   1.9145258E+00
       813     407000  -7.4716961E+00   7.8381667E+01
       814     407500  -7.4709642E+00   1.0000000E+06
       815     408000  -7.4702331E+00   3.6783558E+01
       816     408500  -7.4695030E+00   3.1879604E+02
       817     409000  -7.4687738E+00  -1.8666053E+00
       818     409500  -7.4680455E+00   7.2478534E+01
       819     410000  -7.4673180E+00   5.9942592E+01
       820     410500  -7.4665914E+00   1.4251209E+01
       821     411000  -7.4658657E+00   1.1865977E+01
       822     411500  -7.4651409E+00   2.6742921E+02
       823     412000  -7.4644170E+00   3.4719017E+01
       824     412500  -7.4636939E+00   3.0790225E+01
       825     413000  -7.4696218E+00  -8.7901942E+00
       826     413500  -7.4689005E+00   9.9755421E+01
       827     414000  -7.4681801E+00   1.0000000E+06
       828     414500  -7.4674605E+00   1.9099479E+00
       829     415000  -7.4667418E+00   6.2663053E+01
       830     415500  -7.4660240E+00   2.1077206E+00
       831     416000  -7.4659237E+00  -7.3761722E+00
       832     416500  -7.4652076E+00   4.9037376E+01
       833     417000  -7.4648851E+00  -7.1076982E+00
       834     417500  -7.4641707E+00   5.7522580E+00
       835     418000  -7.4634572E+00   1.0203479E+02
       836     418500  -7.4627445E+00   1.4540246E+02
       837     419000  -7.4620327E+00   3.8348741E+02
       838     419500  -7.4613217E+00   7.1897716E+00
       839     420000  -7.4606116E+00   9.2083131E+01
       840     420500  -7.4599023E+00   5.3416802E+01
       841     421000  -7.4591938E+00   5.7615978E+01
       842     421500  -7.4584862E+00   1.5474482E+02
       843     422000  -7.4577795E+00   2.7517188E+02
       844     422500  -7.4570782E+00  -4.4595567E+00
       845     423000  -7.4563731E+00   2.4348937E+01
       846     423500  -7.4570491E+00  -7.8578441E+00
       847     424000  -7.4563457E+00  -1.9147961E+00
       848     424500  -7.4556432E+00  -2.3829263E+00
       849     425000  -7.4549415E+00   2.3922491E+02
       850     425500  -7.4542405E+00   2.3528321E+02
       851     426000  -7.4535404E+00   1.7414087E+02
       852     426500  -7.4528411E+00   1.0000000E+06
       853     427000  -7.4521426E+00   3.5588275E+01
       854     427500  -7.4556285E+00  -8.5217129E+00
       855     428000  -7.4549317E+00   9.2277180E+01
       856     428500  -7.4542361E+00  -3.0716216E+00
       857     429000  -7.4535408E+00   3.8256247E+01
       858     429500  -7.4528464E+00   1.6884884E+01
       859     430000  -7.4521840E+00  -5.6032695E+00
       860     430500  -7.4514912E+00   9.2125636E+01
       861     431000  -7.4507992E+00   2.9865516E+01
       862     431500  -7.4501080E+00   1.1470730E+02
       863     432000  -7.4494176E+00   3.4359519E+01
       864     432500  -7.4487280E+00   7.0519559E+01
       865     433000  -7.4480392E+00   1.0565394E+02
       866     433500  -7.4473512E+00   1.3589607E+02
       867     434000  -7.4466640E+00   3.7092289E+02
       868     434500  -7.4459776E+00   4.8875111E+01
       869     435000  -7.4452919E+00   4.7955848E+01
       870     435500  -7.4446087E+00  -3.8488752E+00
       871     436000  -7.4439247E+00   7.2504351E+01
       872     436500  -7.4432414E+00   1.4833937E+01
       873     437000  -7.4425589E+00   6.7399378E+01
       874     437500  -7.4418772E+00   5.5424844E+00
       875     438000  -7.4424665E+00  -7.8138888E+00
       876     438500  -7.4417864E+00   2.8408198E+01
       877     439000  -7.4411070E+00   9.0639606E+01
       878     439500  -7.4404406E+00  -5.0479708E+00
       879     440000  -7.4397628E+00   1.8161992E+02
       880     440500  -7.4391490E+00  -6.0262404E+00
       881     441000  -7.4384727E+00   2.3188017E+01
       882     441500  -7.4377972E+00  -1.4557202E+00
       883     442000  -7.4371224E+00   5.9941139E+01
       884     442500  -7.4364567E+00  -4.8133567E+00
       885     443000  -7.4357834E+00   2.2114334E+01
       886     443500  -7.4351110E+00   4.1072141E+02
       887     444000  -7.4344392E+00   1.2910342E+01
       888     444500  -7.4337740E+00  -4.5962814E+00
       889     445000  -7.4331038E+00   3.8907060E+02
       890     445500  -7.4324343E+00   1.0230706E+02
       891     446000  -7.4317656E+00   6.2087393E+00
       892     446500  -7.4310977E+00   1.3521779E+01
       893     447000  -7.4304304E+00   2.8539865E+01
       894     447500  -7.4297640E+00   1.4566435E+02
       895     448000  -7.4290982E+00   1.8997245E+00
       896     448500  -7.4284333E+00   3.3370045E+01
       897     449000  -7.4277690E+00   2.0081081E+02
       898     449500  -7.4271055E+00   1.3710840E+00
       899     450000  -7.4264428E+00   6.3714773E+00
       900     450500  -7.4257807E+00   4.2551060E+01
       901     451000  -7.4251194E+00   2.6537778E+02
       902     451500  -7.4244589E+00   5.3292386E+01
       903     452000  -7.4237990E+00   2.9219272E+01
       904     452500  -7.4231399E+00   5.1219062E+01
       905     453000  -7.4224816E+00   1.8191611E+01
       906     453500  -7.4218239E+00   6.3954900E+00
       907     454000  -7.4211670E+00   2.1894593E+02
       908     454500  -7.4205108E+00   5.1702124E+01
       909     455000  -7.4198556E+00  -2.7781134E+00
       910     455500  -7.4192008E+00   7.3523589E+01
       911     456000  -7.4185468E+00   3.0306700E+02
       912     456500  -7.4178935E+00  -2.0508111E+00
       913     457000  -7.4172409E+00   5.6525853E+00
       914     457500  -7.4165890E+00   4.0383883E+01
       915     458000  -7.4159379E+00   1.6501045E+02
       916     458500  -7.4152874E+00   1.4742816E+01
       917     459000  -7.4146376E+00   2.4393395E+02
       918     459500  -7.4151022E+00  -7.7367351E+00
       919     460000  -7.4144793E+00  -5.4843334E+00
       920     460500  -7.4138317E+00   2.8895313E+00
       921     461000  -7.4131847E+00   5.1961319E+01
       922     461500  -7.4125385E+00   4.9831641E+00
       923     462000  -7.4118930E+00   4.3736603E+00
       924     462500  -7.4112481E+00   2.3235269E+01
       925     463000  -7.4106114E+00  -4.7522399E+00
       926     463500  -7.4099680E+00   5.3810755E+01
       927     464000  -7.4452683E+00  -9.8266012E+00
       928     464500  -7.4446263E+00   1.9695152E+01
       929     465000  -7.4439849E+00   3.4255728E+00
       930     465500  -7.4433442E+00   2.1792225E+01
       931     466000  -7.4427042E+00   4.4355966E+01
       932     466500  -7.4420649E+00   3.6843703E+01
       933     467000  -7.4414263E+00   3.9372777E+00
       934     467500  -7.4407883E+00   4.1217512E+01
       935     468000  -7.4401511E+00   3.6140220E+01
       936     468500  -7.4395145E+00   7.6397898E+00
       937     469000  -7.4388786E+00   1.2109132E+02
       938     469500  -7.4382434E+00   9.2847884E+01
       939     470000  -7.4376088E+00   1.1820221E+00
       940     470500  -7.4369750E+00   4.0986817E+01
       941     471000  -7.4363418E+00   1.4214350E+00
       942     471500  -7.4357092E+00   1.5769081E+01
       943     472000  -7.4350774E+00   1.0000000E+06
       944     472500  -7.4344895E+00  -5.8381710E+00
       945     473000  -7.4359003E+00  -8.1355560E+00
       946     473500  -7.4353268E+00  -5.9963774E+00
       947     474000  -7.4348418E+00  -6.5569814E+00
       948     474500  -7.4342133E+00   2.6528128E-01
       949     475000  -7.4335854E+00   1.1555079E+02
       950     475500  -7.4329582E+00   7.6407852E+01
       951     476000  -7.4323317E+00   2.1027486E+02
       952     476500  -7.4317058E+00   1.2460243E+02
       953     477000  -7.4310806E+00   1.5144462E+01
       954     477500  -7.4304560E+00   1.1716799E+01
       955     478000  -7.4298321E+00   2.5865938E+02
       956     478500  -7.4292088E+00   3.8277452E+02
       957     479000  -7.4285862E+00   5.0688011E+01
       958     479500  -7.4279642E+00   5.2162045E+01
       959     480000  -7.4273429E+00   9.8657116E+00
       960     480500  -7.4267222E+00   9.2289664E+00
       961     481000  -7.4261022E+00   1.8097738E+01
       962     481500  -7.4254828E+00   3.8331691E+01
       963     482000  -7.4248641E+00   8.5360418E+01
       964     482500  -7.4242494E+00  -4.3315676E+00
       965     483000  -7.4236320E+00   3.4925926E+02
       966     483500  -7.4230151E+00   9.3857283E+01
       967     484000  -7.4223990E+00   3.7793029E+02
       968     484500  -7.4217834E+00   4.3365929E+01
       969     485000  -7.4211685E+00   8.4725142E+00
       970     485500  -7.4205542E+00   1.7387282E+02
       971     486000  -7.4199406E+00   2.0520275E+02
       972     486500  -7.4193283E+00  -3.4025223E+00
       973     487000  -7.4187159E+00   5.4468346E+00
       974     487500  -7.4181041E+00   4.3158767E+01
       975     488000  -7.4174930E+00   1.1760055E+01
       976     488500  -7.4168825E+00   7.9325766E+01
       977     489000  -7.4162726E+00   2.3498491E+01
       978     489500  -7.4156634E+00   2.0198714E+02
       979     490000  -7.4150547E+00   9.8297834E+00
       980     490500  -7.4144467E+00   4.3846686E+01
       981     491000  -7.4138393E+00   4.3710577E+01
       982     491500  -7.4132326E+00   8.8952100E+01
       983     492000  -7.4126264E+00   2.4112415E+02
       984     492500  -7.4135502E+00  -7.9653898E+00
       985     493000  -7.4149436E+00  -8.1266324E+00
       986     493500  -7.4143392E+00   2.6620869E+01
       987     494000  -7.4214528E+00  -8.9369859E+00
       988     494500  -7.4208497E+00   5.6596260E-01
       989     495000  -7.4202472E+00   7.4522391E+01
       990     495500  -7.4196453E+00   7.8374967E+01
       991     496000  -7.4190441E+00   2.2553917E+01
       992     496500  -7.4184434E+00   5.9405659E+01
       993     497000  -7.4178433E+00   4.3410769E+01
       994     497500  -7.4172439E+00   2.0128795E+02
       995     498000  -7.4166450E+00   9.8451420E+01
       996     498500  -7.4160468E+00   1.2249217E+01
       997     499000  -7.4155912E+00  -6.5592802E+00
       998     499500  -7.4149941E+00   1.5001060E+02
       999     500000  -7.4143977E+00   1.5087690E+01
