0 2.4665687E+01
1 1.7114943E+02
2 4.9345511E+01
3 -4.5938065E+00
4 8.2076817E-01
5 3.5792371E+02
6 1.1846310E+02
7 9.9155025E+00
8 5.6236024E+01
9 -6.2443808E+00
10 1.0280825E+02
11 6.3826156E+01
12 1.8591693E+02
13 5.3479571E-01
14 2.2011142E+01
15 1.9777850E+00
16 2.8597319E+01
17 1.0784059E+01
18 3.9338862E+01
19 -7.0732078E+00
20 4.0717464E+01
21 4.9710121E+01
22 -1.5921652E+00
23 2.0579373E+01
24 3.6404455E+01
25 3.7970174E+01
26 -1.4563920E+00
27 9.6733329E+00
28 2.4900468E+01
29 1.1828796E+02
30 5.4692853E+01
31 -3.3467027E+00
32 -6.3298539E+00
33 -2.3715281E+00
34 -8.6188690E+00
35 9.2755986E+01
36 3.1868390E+02
37 4.1313450E+01
38 2.1388923E+02
39 9.0970289E-01
40 1.0053771E+02
41 3.4126492E+01
42 3.1616575E+01
43 2.7231320E+01
44 1.7821417E+02
45 3.1821418E+01
46 1.3193032E+01
47 7.5267579E+00
48 -8.2754362E+00
49 2.0373056E+02
50 4.0476840E+00
51 -9.5235816E+00
52 3.2456019E+01
53 3.3430701E+01
54 4.6479330E+01
55 -3.3088760E+00
56 9.3708288E+00
57 1.4472739E+02
58 3.6568186E+02
59 9.3617694E+01
60 3.8433047E+02
61 9.5974073E-01
62 3.7478660E+01
63 1.0862071E+02
64 1.3074204E+01
65 2.9290383E+00
66 1.0589679E+02
67 5.8303157E+00
68 1.0000000E+06
69 1.0464943E+01
70 -3.8808873E+00
71 -1.1093988E+00
72 8.2433324E+00
73 1.0789996E+02
74 5.7992956E+01
75 1.4135699E+01
76 3.3390647E+00
77 1.8624848E+01
78 2.5921759E+01
79 5.0996352E+01
80 1.3066094E+01
81 -8.6006072E+00
82 -1.3095799E+00
83 1.8176949E+02
84 1.0000000E+06
85 3.0407960E+01
86 3.2255902E+01
87 1.1254324E+01
88 4.8986683E+00
89 -4.0142370E+00
90 -1.4663328E+00
91 5.1385033E+01
92 -1.1692186E+00
93 2.1015539E+01
94 4.5122437E+00
95 6.3230841E+01
96 5.1552022E+01
97 2.8703190E+01
98 5.7435547E+01
99 1.0390098E+01
100 4.0785769E+01
101 1.4944460E+02
102 3.5887892E+02
103 1.9122067E+02
104 7.4860576E+01
105 4.0011884E+01
106 3.7210940E+02
107 5.4458863E+00
108 -3.2240411E+00
109 3.6068780E+01
110 2.0141580E+02
111 1.6643192E+01
112 2.8607525E+01
113 1.1462595E+02
114 6.5225548E+01
115 9.1552873E+00
116 -5.8977659E+00
117 9.7530586E+01
118 2.4343638E+02
119 2.1094623E+01
120 3.1751763E+01
121 2.5077620E+02
122 1.2459201E+02
123 7.4931090E+00
124 -2.2482638E+00
125 1.9564269E+01
126 4.0082973E+01
127 3.2066374E+01
128 6.6996592E+01
129 1.0456161E+02
130 -7.1688133E+00
131 1.1359832E+00
132 1.8907393E+02
133 3.6229121E+01
134 9.3721535E+01
135 1.1634837E+02
136 1.2771322E+02
137 1.5473340E+01
138 1.3034046E+02
139 1.6322925E+01
140 1.6694500E+02
141 7.3768340E+00
142 4.2144916E+01
143 2.0286774E+02
144 2.5926222E+01
145 4.4045688E+01
146 7.8616877E+01
147 8.0526523E+01
148 5.8491100E+01
149 2.6759747E+01
150 1.4400518E+02
151 -9.8128600E+00
152 1.3401408E+01
153 8.6923882E+01
154 8.4469685E+00
155 6.8726036E+01
156 1.9262372E+02
157 1.9389382E+01
158 9.3175154E+01
159 2.3432037E+02
160 2.3769616E+02
161 3.7647521E+02
162 5.4601037E+01
163 -6.5668425E+00
164 1.4071110E+02
165 2.9920473E+02
166 1.6500413E+02
167 5.1947296E+01
168 -8.2931969E+00
169 -9.1402785E+00
170 1.0961979E+02
171 2.0290161E+02
172 4.8033578E+01
173 3.7395243E+01
174 -8.0281291E+00
175 1.9581364E+00
176 1.1502577E+02
177 1.1740691E+02
178 1.1315434E+02
179 3.0647723E+00
180 1.3382490E+01
181 6.3343567E+01
182 2.1070469E+02
183 1.0000000E+06
184 3.2066186E+01
185 1.1678764E+02
186 1.5971976E+01
187 2.8257358E+01
188 1.2414416E+01
189 8.1738924E+00
190 1.2074669E+02
191 3.0749909E+01
192 2.1748562E+01
193 -9.1335685E+00
194 2.2094919E+01
195 3.4879960E+01
196 3.8731239E+01
197 -5.5455027E+00
198 1.2843711E+02
199 6.1170681E+01
200 1.1431076E+02
201 8.5757364E+01
202 1.3413422E+01
203 5.1982011E+01
204 2.8302638E+02
205 2.2720904E+01
206 7.3317736E-02
207 2.0318132E+01
208 1.0000000E+06
209 -2.9865099E+00
210 4.2612220E+01
211 2.2625357E+02
212 -4.4312085E+00
213 -4.4013126E+00
214 -7.4949610E+00
215 3.9854341E+02
216 1.1643340E+00
217 2.0646786E+01
218 2.9910652E+02
219 -8.5324590E+00
220 -8.8952662E+00
221 1.5952702E+02
222 7.7291224E+01
223 8.4979117E+00
224 -4.4229081E+00
225 1.1996130E+02
226 7.3379631E+00
227 5.7048421E+01
228 7.6642663E+01
229 2.3526792E+00
230 2.7847247E+02
231 6.2916488E+01
232 9.7208074E-01
233 4.6722350E+01
234 3.3894721E+01
235 1.1209288E+02
236 9.7230059E+01
237 1.3154267E+01
238 1.0274340E+01
239 8.1855716E-01
240 7.0023977E+01
241 1.7128118E+01
242 -4.9070371E+00
243 3.0980971E+02
244 4.2218574E+01
245 2.5020323E+02
246 1.7345345E+01
247 9.9363368E-01
248 1.1841302E+02
249 3.1744532E+01
250 1.7962782E+01
251 -2.3109342E+00
252 -4.5119597E+00
253 2.3990420E+02
254 5.8226078E+01
255 3.7199135E+01
256 2.2919962E+01
257 7.7870265E+01
258 2.2599718E+01
259 -8.8983654E+00
260 3.4453030E+01
261 2.8580365E+02
262 -7.5817962E-01
263 3.6939574E+01
264 -1.9743801E+00
265 4.0891710E+01
266 3.7402941E+01
267 9.1376212E+00
268 2.2346099E+01
269 1.5162302E+01
270 3.0733559E+02
271 6.3326923E+01
272 1.2306975E+01
273 5.3203422E+00
274 1.2687120E+02
275 2.2993318E+01
276 4.4037212E+01
277 9.6589493E+01
278 2.3611646E+01
279 1.6953700E+01
280 -9.6024928E+00
281 8.3392034E+01
282 1.5726622E+02
283 9.5406148E+01
284 7.3764643E+01
285 6.6876090E+00
286 3.7041192E+01
287 7.4981770E+01
288 2.1367579E+01
289 9.2551474E+00
290 2.2750212E+02
291 1.4059915E+02
292 1.6433668E+02
293 -3.9794127E+00
294 4.4396716E+01
295 8.0131271E+01
296 3.1815269E+01
297 5.8722717E+01
298 7.0136114E+01
299 4.1298728E+01
300 5.5326832E+00
301 6.9850813E+01
302 -9.7493357E+00
303 1.0473407E+01
304 -1.0253107E+01
305 5.5597078E+01
306 2.5212923E+02
307 -3.4473564E+00
308 -7.0563964E+00
309 2.4182234E+00
310 3.7155445E+01
311 1.2875551E+02
312 2.8508384E+02
313 9.9073765E+00
314 4.8133012E+01
315 1.1796549E+01
316 6.6852283E+01
317 2.6043682E+01
318 6.7856376E+00
319 -1.6518949E+00
320 8.1511105E+01
321 7.8953906E+01
322 4.4735087E+01
323 1.5652046E+02
324 1.2461461E+02
325 4.6195093E+01
326 -5.6869788E+00
327 5.0879537E+01
328 2.8922669E-01
329 3.6882579E+01
330 1.9738590E+02
331 3.4246159E+02
332 -1.0876450E+00
333 2.8130621E+02
334 9.6966168E-02
335 2.5946913E+01
336 4.2736314E+01
337 7.2593263E+01
338 1.6453691E+02
339 8.0290351E+01
340 -8.8752872E+00
341 9.3712138E+00
342 6.0992400E+01
343 5.7424498E+01
344 9.7168008E+01
345 5.7521388E+01
346 1.0640573E+02
347 2.9393152E+01
348 1.8147860E+01
349 3.1193002E+01
350 2.4916204E+02
351 3.8567305E+01
352 1.9709055E+01
353 3.1647224E-02
354 -6.9051205E+00
355 2.1596733E+01
356 2.7377637E+01
357 6.2915384E+01
358 1.1580724E+02
359 8.9323128E+01
360 3.4044913E+01
361 2.9212629E+02
362 1.6137865E+01
363 -3.2009470E+00
364 8.6245867E+00
365 1.1257523E+02
366 -4.0334986E+00
367 5.0955795E+00
368 1.0000000E+06
369 -2.5252712E+00
370 2.7494310E+01
371 2.1624758E+01
372 1.2591007E+01
373 1.0403668E+01
374 1.8729605E+02
375 -4.4138856E+00
376 2.0104818E+01
377 3.1175975E+02
378 1.6757318E+02
379 1.3893346E-01
380 6.5666782E+01
381 2.5648858E+01
382 3.9413205E+01
383 -2.0811632E+00
384 2.6390694E+01
385 3.4664734E+01
386 6.3760622E+01
387 1.3129781E+02
388 6.7065937E+00
389 7.4402036E+01
390 -8.4688139E+00
391 1.2310658E+02
392 9.1607268E+01
393 1.5786588E+02
394 3.6525864E+02
395 3.9303994E+01
396 9.2535137E+00
397 1.0000000E+06
398 2.0319204E+01
399 3.8508521E+01
400 1.1922491E+01
401 1.6458254E+02
402 2.3251595E+01
403 6.4853816E+01
404 1.0000000E+06
405 1.1680052E+02
406 3.6761674E+01
407 7.4157309E+01
408 6.8439524E+01
409 1.3046098E+02
410 2.0796669E+02
411 -3.9548403E+00
412 3.9955273E+02
413 7.0064619E+01
414 3.0880022E+01
415 -3.1674761E+00
416 9.2123920E+01
417 1.0478357E+02
418 3.0867732E+01
419 4.2554296E+00
420 2.7039323E+01
421 -5.2201534E+00
422 4.5529502E+01
423 2.5365421E+01
424 2.2851516E+02
425 6.0939453E+01
426 1.4921866E+01
427 1.5964441E+01
428 3.0715397E+02
429 6.4503118E+01
430 1.7865456E+02
431 2.2725841E+01
432 1.3690991E+02
433 1.5942436E+02
434 3.2414520E+01
435 -7.4647148E+00
436 3.3337303E+01
437 7.9887476E+00
438 2.4559565E+02
439 -7.4211544E+00
440 6.2344127E+01
441 9.6093156E+00
442 1.5926954E+00
443 1.5193555E+00
444 7.6964666E+01
445 7.1744140E+01
446 4.5534877E+01
447 -9.6277666E+00
448 1.4885663E+01
449 3.3737650E+01
450 1.1955748E+02
451 -5.7166783E-01
452 -8.8894718E+00
453 -7.4375351E+00
454 9.6498337E-01
455 9.6214889E+00
456 2.7271459E+01
457 1.1027317E+01
458 5.8760998E+01
459 5.3226432E+01
460 -8.1496285E+00
461 2.3095929E+01
462 2.3219250E+02
463 -2.1983609E+00
464 2.6741357E+01
465 -9.5402603E+00
466 1.2812144E+02
467 1.2984938E+02
468 1.1017269E+02
469 4.7037576E+01
470 1.2782472E+02
471 2.9864372E+02
472 1.0311719E+02
473 1.1733658E+01
474 6.3489514E+01
475 1.1660772E+02
476 1.7145603E+02
477 1.0000000E+06
478 1.1434021E+02
479 1.3188599E+01
480 1.6617001E+01
481 -4.4105270E+00
482 1.6818246E+02
483 2.2360922E+01
484 2.7685629E+01
485 -1.0091562E+01
486 3.6420884E+02
487 1.3085309E+00
488 2.5619144E+01
489 2.3210001E+00
490 2.9611396E+01
491 6.2182594E+00
492 4.2502114E+01
493 -1.4280269E+00
494 -5.5577384E+00
495 2.6934504E+00
496 1.0000000E+06
497 6.7928893E+01
498 -1.1417663E+00
499 2.3794418E+02
500 -6.8420178E+00
501 1.1950281E+02
502 1.2044668E+01
503 4.8569010E+01
504 2.2028910E+02
505 2.8479611E+02
506 6.8941199E+01
507 -2.9763758E+00
508 6.2131199E+00
509 1.9223695E+02
510 9.0173795E+00
511 4.9281352E+00
512 4.6420261E+01
513 4.7014768E+01
514 2.1118886E+01
515 1.1184141E+02
516 -6.0157349E+00
517 2.2975381E+01
518 4.5637574E+01
519 -2.2124232E+00
520 1.4411127E+02
521 3.4657314E+01
522 2.6729609E+00
523 -1.0003036E+01
524 -1.0997657E+00
525 2.3066054E+01
526 1.1343811E+01
527 2.7478609E+02
528 6.2774953E+01
529 4.1500292E+01
530 1.7029417E+02
531 3.1857454E+01
532 -3.4281088E+00
533 5.0277591E+01
534 9.2576905E+01
535 6.9138659E+00
536 9.2551506E+01
537 4.3584247E+01
538 3.2572604E+01
539 2.4163807E+01
540 2.7622088E+02
541 3.6138119E+01
542 -4.3452870E+00
543 1.3031321E+02
544 1.1896966E+02
545 -8.3863056E+00
546 4.7266613E+01
547 1.0313721E+02
548 1.9026691E+02
549 7.1617835E+01
550 4.0475886E+01
551 5.2867284E+01
552 3.1085616E+02
553 4.8781454E+01
554 3.4569744E+01
555 2.9073744E+00
556 1.1412328E+02
557 4.4202069E+01
558 2.8554130E+00
559 2.4012440E+01
560 4.5106194E+01
561 -7.3956524E+00
562 8.7729814E+01
563 3.1373494E+01
564 1.5934576E+02
565 2.2181058E+01
566 1.1439195E+02
567 3.2463226E+02
568 1.1673046E+00
569 3.7252516E+01
570 -2.0158213E+00
571 -6.3686815E+00
572 1.6768475E+02
573 -9.9584877E+00
574 -7.9747661E-01
575 2.8927067E+02
576 3.6879831E+01
577 5.3981668E+01
578 1.4119803E+01
579 6.4583243E+01
580 1.7051666E+01
581 8.6903805E+01
582 -6.1076389E+00
583 1.0000000E+06
584 9.0556516E+01
585 3.7869901E+01
586 1.8003782E+02
587 1.4037208E+02
588 -2.3925769E+00
589 4.9565626E-01
590 2.6931893E+01
591 2.9521319E+01
592 5.7716934E+01
593 5.7797832E+01
594 6.0593263E+00
595 1.1163810E+01
596 1.0000000E+06
597 4.0627328E+01
598 3.9105283E+02
599 1.3707084E+02
600 1.6802156E+02
601 1.8117121E+02
602 2.2425522E+01
603 -8.6817069E+00
604 9.0736269E+01
605 3.0497945E+01
606 2.2817486E+01
607 9.6622443E+00
608 2.9735862E+02
609 3.2843678E+01
610 9.8999904E+01
611 8.7111358E+01
612 -7.5800984E+00
613 9.0443187E+01
614 2.0734431E+02
615 -7.8834465E+00
616 -9.3824791E+00
617 1.4929362E+01
618 -5.3511190E+00
619 1.1782702E+02
620 1.7127395E+01
621 1.9321457E+02
622 -9.0942028E+00
623 1.1186185E+02
624 -2.8818630E+00
625 1.6069115E+02
626 9.4509792E+01
627 -9.2188903E+00
628 4.5568938E+01
629 3.3017708E+01
630 4.7107752E+01
631 1.0000000E+06
632 7.3256640E+01
633 2.1680412E+01
634 -4.5225962E+00
635 1.8364854E+02
636 5.7231862E+01
637 1.2384156E+02
638 -8.7439521E+00
639 1.5245356E+02
640 2.3462123E+01
641 7.4939418E+01
642 2.7254013E+02
643 5.4168159E+01
644 2.9905409E+02
645 2.3223705E+01
646 -9.6176244E+00
647 -2.2620885E+00
648 8.3937894E+01
649 1.4924419E+02
650 2.4017246E+02
651 1.2488057E+02
652 2.9754281E+01
653 2.3225046E+01
654 2.0803761E+01
655 2.4978037E+01
656 1.7044118E+01
657 1.1529101E+02
658 7.6108237E+00
659 2.4563254E+00
660 4.2583982E+01
661 1.1657661E+02
662 1.2261567E+02
663 -5.4094195E+00
664 2.3956343E+01
665 1.0456434E+02
666 2.9924976E+01
667 2.3898854E+02
668 4.2935695E+01
669 1.6902510E+02
670 2.0207948E+01
671 -5.1593472E+00
672 1.0601875E+01
673 3.0706501E+01
674 5.6963885E+00
675 2.4457745E+01
676 -3.6086959E+00
677 -6.4974622E+00
678 1.1780231E+02
679 1.5414619E+02
680 9.8150683E+01
681 1.4168720E+01
682 6.3039793E+01
683 1.3097200E+01
684 4.3540808E+01
685 3.5010454E+01
686 1.0000000E+06
687 1.0422503E+01
688 5.0496982E+01
689 1.2703454E+02
690 1.2495702E+02
691 -7.1650029E+00
692 5.5544703E+01
693 3.1385148E+01
694 -5.2466916E+00
695 -1.2128041E+00
696 5.1300785E+01
697 -7.9256233E+00
698 5.7304900E+01
699 -2.9712766E+00
700 2.4579864E+01
701 2.6398139E+01
702 1.0000000E+06
703 -7.9561293E+00
704 1.1291623E+02
705 5.6747796E+01
706 -3.5397716E+00
707 7.6339679E+01
708 1.2559654E+02
709 1.3665628E+02
710 4.1761626E+01
711 7.4727780E+00
712 1.1862554E+02
713 2.0816585E+02
714 2.0544349E+00
715 2.1476524E+02
716 2.7515734E+01
717 3.9937659E+01
718 2.5330688E+02
719 2.4024514E+00
720 1.6555694E+01
721 9.3833498E+00
722 8.4791308E+01
723 2.5120119E+01
724 9.2834757E+01
725 1.2545249E+02
726 1.1021765E+02
727 3.0350991E+01
728 9.9246049E+00
729 4.3276084E+01
730 1.4683330E+01
731 3.1636417E+01
732 1.8808118E+02
733 6.3130238E+01
734 5.5840326E-01
735 5.9168841E+01
736 1.2133288E+02
737 6.8591408E+00
738 4.3445022E+01
739 1.4836728E+02
740 9.2562706E+01
741 -5.3795047E+00
742 1.9976055E+00
743 1.0000000E+06
744 4.9562808E+01
745 9.6294031E-01
746 4.7109874E+01
747 5.7743309E+01
748 2.7500501E+01
749 4.2931271E+01
750 2.4969353E+02
751 6.1963292E+01
752 3.2534544E+01
753 1.2379015E+02
754 5.0629856E+01
755 7.0250116E+01
756 2.7648250E+01
757 4.5117539E+01
758 1.4735203E+01
759 3.3989579E+01
760 3.3998229E+01
761 -4.3759964E-02
762 3.6195054E+01
763 2.7763869E+01
764 3.3690150E+01
765 4.9043378E+01
766 5.8516146E+00
767 4.0833192E-01
768 3.8462337E+02
769 6.8770469E+01
770 2.5281932E+00
771 1.3676661E+01
772 5.7532832E+01
773 -4.0711688E+00
774 1.9450148E+01
775 1.6532539E+02
776 -8.7691782E+00
777 -6.3914914E+00
778 -7.4702757E+00
779 1.0000000E+06
780 4.2780730E+00
781 1.9359123E+01
782 1.3175945E+01
783 -6.0960420E+00
784 2.4299567E+01
785 3.5234905E+01
786 -8.0576449E+00
787 8.8345545E+00
788 1.1236385E+02
789 1.0237165E+02
790 2.3562488E+02
791 5.4582097E+01
792 1.1463679E+01
793 6.9926377E+01
794 8.5942907E+01
795 1.6184865E+00
796 3.1266944E+02
797 1.2810043E+02
798 2.6611689E+02
799 -2.0872503E+00
800 5.4802453E+01
801 1.2846452E+01
802 1.5822647E+01
803 5.2414798E+01
804 3.7199212E+01
805 3.2026567E+02
806 9.5963614E+01
807 4.9901427E+01
808 2.3924816E+01
809 4.6373016E+00
810 2.0021544E+01
811 1.3146076E+02
812 1.9145258E+00
813 7.8381667E+01
814 1.0000000E+06
815 3.6783558E+01
816 3.1879604E+02
817 -1.8666053E+00
818 7.2478534E+01
819 5.9942592E+01
820 1.4251209E+01
821 1.1865977E+01
822 2.6742921E+02
823 3.4719017E+01
824 3.0790225E+01
825 -8.7901942E+00
826 9.9755421E+01
827 1.0000000E+06
828 1.9099479E+00
829 6.2663053E+01
830 2.1077206E+00
831 -7.3761722E+00
832 4.9037376E+01
833 -7.1076982E+00
834 5.7522580E+00
835 1.0203479E+02
836 1.4540246E+02
837 3.8348741E+02
838 7.1897716E+00
839 9.2083131E+01
840 5.3416802E+01
841 5.7615978E+01
842 1.5474482E+02
843 2.7517188E+02
844 -4.4595567E+00
845 2.4348937E+01
846 -7.8578441E+00
847 -1.9147961E+00
848 -2.3829263E+00
849 2.3922491E+02
850 2.3528321E+02
851 1.7414087E+02
852 1.0000000E+06
853 3.5588275E+01
854 -8.5217129E+00
855 9.2277180E+01
856 -3.0716216E+00
857 3.8256247E+01
858 1.6884884E+01
859 -5.6032695E+00
860 9.2125636E+01
861 2.9865516E+01
862 1.1470730E+02
863 3.4359519E+01
864 7.0519559E+01
865 1.0565394E+02
866 1.3589607E+02
867 3.7092289E+02
868 4.8875111E+01
869 4.7955848E+01
870 -3.8488752E+00
871 7.2504351E+01
872 1.4833937E+01
873 6.7399378E+01
874 5.5424844E+00
875 -7.8138888E+00
876 2.8408198E+01
877 9.0639606E+01
878 -5.0479708E+00
879 1.8161992E+02
880 -6.0262404E+00
881 2.3188017E+01
882 -1.4557202E+00
883 5.9941139E+01
884 -4.8133567E+00
885 2.2114334E+01
886 4.1072141E+02
887 1.2910342E+01
888 -4.5962814E+00
889 3.8907060E+02
890 1.0230706E+02
891 6.2087393E+00
892 1.3521779E+01
893 2.8539865E+01
894 1.4566435E+02
895 1.8997245E+00
896 3.3370045E+01
897 2.0081081E+02
898 1.3710840E+00
899 6.3714773E+00
900 4.2551060E+01
901 2.6537778E+02
902 5.3292386E+01
903 2.9219272E+01
904 5.1219062E+01
905 1.8191611E+01
906 6.3954900E+00
907 2.1894593E+02
908 5.1702124E+01
909 -2.7781134E+00
910 7.3523589E+01
911 3.0306700E+02
912 -2.0508111E+00
913 5.6525853E+00
914 4.0383883E+01
915 1.6501045E+02
916 1.4742816E+01
917 2.4393395E+02
918 -7.7367351E+00
919 -5.4843334E+00
920 2.8895313E+00
921 5.1961319E+01
922 4.9831641E+00
923 4.3736603E+00
924 2.3235269E+01
925 -4.7522399E+00
926 5.3810755E+01
927 -9.8266012E+00
928 1.9695152E+01
929 3.4255728E+00
930 2.1792225E+01
931 4.4355966E+01
932 3.6843703E+01
933 3.9372777E+00
934 4.1217512E+01
935 3.6140220E+01
936 7.6397898E+00
937 1.2109132E+02
938 9.2847884E+01
939 1.1820221E+00
940 4.0986817E+01
941 1.4214350E+00
942 1.5769081E+01
943 1.0000000E+06
944 -5.8381710E+00
945 -8.1355560E+00
946 -5.9963774E+00
947 -6.5569814E+00
948 2.6528128E-01
949 1.1555079E+02
950 7.6407852E+01
951 2.1027486E+02
952 1.2460243E+02
953 1.5144462E+01
954 1.1716799E+01
955 2.5865938E+02
956 3.8277452E+02
957 5.0688011E+01
958 5.2162045E+01
959 9.8657116E+00
960 9.2289664E+00
961 1.8097738E+01
962 3.8331691E+01
963 8.5360418E+01
964 -4.3315676E+00
965 3.4925926E+02
966 9.3857283E+01
967 3.7793029E+02
968 4.3365929E+01
969 8.4725142E+00
970 1.7387282E+02
971 2.0520275E+02
972 -3.4025223E+00
973 5.4468346E+00
974 4.3158767E+01
975 1.1760055E+01
976 7.9325766E+01
977 2.3498491E+01
978 2.0198714E+02
979 9.8297834E+00
980 4.3846686E+01
981 4.3710577E+01
982 8.8952100E+01
983 2.4112415E+02
984 -7.9653898E+00
985 -8.1266324E+00
986 2.6620869E+01
987 -8.9369859E+00
988 5.6596260E-01
989 7.4522391E+01
990 7.8374967E+01
991 2.2553917E+01
992 5.9405659E+01
993 4.3410769E+01
994 2.0128795E+02
995 9.8451420E+01
996 1.2249217E+01
997 -6.5592802E+00
998 1.5001060E+02
999 1.5087690E+01
